
===========================================================================
 report_power
============================================================================
======================= Fastest Corner ===================================

Group                  Internal  Switching    Leakage      Total
                          Power      Power      Power      Power (Watts)
----------------------------------------------------------------
Sequential             6.00e-04   1.02e-05   4.54e-09   6.10e-04  57.9%
Combinational          6.23e-05   6.61e-05   1.27e-08   1.28e-04  12.2%
Clock                  1.32e-04   1.83e-04   3.32e-09   3.15e-04  29.9%
Macro                  0.00e+00   0.00e+00   0.00e+00   0.00e+00   0.0%
Pad                    0.00e+00   0.00e+00   0.00e+00   0.00e+00   0.0%
----------------------------------------------------------------
Total                  7.94e-04   2.59e-04   2.06e-08   1.05e-03 100.0%
                          75.4%      24.6%       0.0%

======================= Slowest Corner ===================================

Group                  Internal  Switching    Leakage      Total
                          Power      Power      Power      Power (Watts)
----------------------------------------------------------------
Sequential             3.94e-04   6.50e-06   4.24e-06   4.05e-04  56.8%
Combinational          4.37e-05   4.33e-05   7.44e-06   9.45e-05  13.3%
Clock                  9.65e-05   1.16e-04   3.50e-07   2.13e-04  29.9%
Macro                  0.00e+00   0.00e+00   0.00e+00   0.00e+00   0.0%
Pad                    0.00e+00   0.00e+00   0.00e+00   0.00e+00   0.0%
----------------------------------------------------------------
Total                  5.34e-04   1.66e-04   1.20e-05   7.12e-04 100.0%
                          75.0%      23.3%       1.7%

======================= Typical Corner ===================================

Group                  Internal  Switching    Leakage      Total
                          Power      Power      Power      Power (Watts)
----------------------------------------------------------------
Sequential             5.11e-04   8.43e-06   2.51e-09   5.19e-04  57.7%
Combinational          5.50e-05   5.55e-05   6.29e-09   1.10e-04  12.3%
Clock                  1.17e-04   1.53e-04   2.50e-09   2.70e-04  30.0%
Macro                  0.00e+00   0.00e+00   0.00e+00   0.00e+00   0.0%
Pad                    0.00e+00   0.00e+00   0.00e+00   0.00e+00   0.0%
----------------------------------------------------------------
Total                  6.82e-04   2.17e-04   1.13e-08   8.99e-04 100.0%
                          75.9%      24.1%       0.0%

