
===========================================================================
report_checks -unconstrained
===========================================================================
======================= Typical Corner ===================================

Startpoint: reset_n (input port clocked by clk)
Endpoint: _1998_ (rising edge-triggered flip-flop clocked by clk)
Path Group: clk
Path Type: max

Fanout     Cap    Slew   Delay    Time   Description
-----------------------------------------------------------------------------
                  0.15    0.00    0.00   clock clk (rise edge)
                          0.00    0.00   clock network delay (ideal)
                          5.00    5.00 ^ input external delay
     1    0.00    0.02    0.01    5.01 ^ reset_n (in)
                                         reset_n (net)
                  0.02    0.00    5.01 ^ input12/A (sky130_fd_sc_hd__dlymetal6s2s_1)
     5    0.02    0.18    0.18    5.19 ^ input12/X (sky130_fd_sc_hd__dlymetal6s2s_1)
                                         net12 (net)
                  0.18    0.00    5.20 ^ _0969_/A (sky130_fd_sc_hd__inv_2)
     5    0.02    0.08    0.11    5.30 v _0969_/Y (sky130_fd_sc_hd__inv_2)
                                         _0719_ (net)
                  0.08    0.00    5.30 v _0972_/B (sky130_fd_sc_hd__or4_1)
     1    0.01    0.11    0.57    5.87 v _0972_/X (sky130_fd_sc_hd__or4_1)
                                         _0722_ (net)
                  0.11    0.00    5.87 v _0976_/B1 (sky130_fd_sc_hd__a311o_4)
     5    0.04    0.11    0.49    6.36 v _0976_/X (sky130_fd_sc_hd__a311o_4)
                                         _0726_ (net)
                  0.11    0.00    6.36 v _1161_/A_N (sky130_fd_sc_hd__and2b_1)
     1    0.01    0.06    0.24    6.60 ^ _1161_/X (sky130_fd_sc_hd__and2b_1)
                                         _0835_ (net)
                  0.06    0.00    6.60 ^ _1162_/A (sky130_fd_sc_hd__clkbuf_8)
     7    0.07    0.13    0.21    6.81 ^ _1162_/X (sky130_fd_sc_hd__clkbuf_8)
                                         _0836_ (net)
                  0.13    0.00    6.81 ^ _1447_/B (sky130_fd_sc_hd__nand2_4)
     8    0.04    0.10    0.12    6.94 v _1447_/Y (sky130_fd_sc_hd__nand2_4)
                                         _0416_ (net)
                  0.10    0.00    6.94 v _1452_/S (sky130_fd_sc_hd__mux2_1)
     1    0.00    0.06    0.35    7.29 v _1452_/X (sky130_fd_sc_hd__mux2_1)
                                         _0419_ (net)
                  0.06    0.00    7.29 v _1453_/A (sky130_fd_sc_hd__clkbuf_1)
     1    0.00    0.03    0.10    7.39 v _1453_/X (sky130_fd_sc_hd__clkbuf_1)
                                         _0238_ (net)
                  0.03    0.00    7.39 v _1998_/D (sky130_fd_sc_hd__dfxtp_1)
                                  7.39   data arrival time

                  0.15   25.00   25.00   clock clk (rise edge)
                          0.00   25.00   clock network delay (ideal)
                         -0.25   24.75   clock uncertainty
                          0.00   24.75   clock reconvergence pessimism
                                 24.75 ^ _1998_/CLK (sky130_fd_sc_hd__dfxtp_1)
                         -0.08   24.67   library setup time
                                 24.67   data required time
-----------------------------------------------------------------------------
                                 24.67   data required time
                                 -7.39   data arrival time
-----------------------------------------------------------------------------
                                 17.28   slack (MET)




===========================================================================
report_checks --slack_max -0.01
============================================================================
======================= Typical Corner ===================================

No paths found.


===========================================================================
 report_check_types -max_slew -max_cap -max_fanout -violators
============================================================================
======================= Typical Corner ===================================


max slew violations count Typical: 0
max fanout violations count Typical: 0
max cap violations count Typical: 0

===========================================================================
report_parasitic_annotation -report_unannotated
============================================================================
Found 1559 unannotated drivers.
 EN
 RS
 RW
 clk
 data_in[0]
 data_in[1]
 data_in[2]
 data_in[3]
 data_in[4]
 data_in[5]
 data_in[6]
 data_in[7]
 reset_n
 signal_in
 _0888_/X
 _0889_/X
 _0890_/X
 _0891_/X
 _0892_/X
 _0893_/X
 _0894_/X
 _0895_/X
 _0896_/X
 _0897_/X
 _0898_/X
 _0899_/X
 _0900_/X
 _0901_/X
 _0902_/X
 _0903_/X
 _0904_/X
 _0905_/X
 _0906_/X
 _0907_/X
 _0908_/X
 _0909_/X
 _0910_/X
 _0911_/X
 _0912_/X
 _0913_/X
 _0914_/X
 _0915_/X
 _0916_/X
 _0917_/X
 _0918_/X
 _0919_/X
 _0920_/X
 _0921_/X
 _0922_/X
 _0923_/X
 _0924_/X
 _0925_/X
 _0926_/X
 _0927_/X
 _0928_/X
 _0929_/X
 _0930_/X
 _0931_/X
 _0932_/X
 _0933_/X
 _0934_/X
 _0935_/X
 _0936_/X
 _0937_/X
 _0938_/X
 _0939_/X
 _0940_/X
 _0941_/X
 _0942_/X
 _0943_/X
 _0944_/X
 _0945_/X
 _0946_/X
 _0947_/X
 _0948_/X
 _0949_/X
 _0950_/X
 _0951_/X
 _0952_/X
 _0953_/X
 _0954_/X
 _0955_/X
 _0956_/X
 _0957_/X
 _0958_/X
 _0959_/X
 _0960_/X
 _0961_/X
 _0962_/X
 _0963_/X
 _0964_/X
 _0965_/Y
 _0966_/X
 _0967_/X
 _0968_/X
 _0969_/Y
 _0970_/Y
 _0971_/Y
 _0972_/X
 _0973_/X
 _0974_/X
 _0975_/Y
 _0976_/X
 _0977_/Y
 _0978_/Y
 _0979_/X
 _0980_/X
 _0981_/X
 _0982_/X
 _0983_/X
 _0984_/X
 _0985_/X
 _0986_/X
 _0987_/X
 _0988_/X
 _0989_/X
 _0990_/X
 _0991_/X
 _0992_/X
 _0993_/X
 _0994_/X
 _0995_/X
 _0996_/X
 _0997_/X
 _0998_/X
 _0999_/X
 _1000_/X
 _1001_/X
 _1002_/X
 _1003_/X
 _1004_/X
 _1005_/X
 _1006_/X
 _1007_/X
 _1008_/X
 _1009_/X
 _1010_/X
 _1011_/X
 _1012_/X
 _1013_/X
 _1014_/X
 _1015_/X
 _1016_/X
 _1017_/X
 _1018_/X
 _1019_/X
 _1020_/X
 _1021_/X
 _1022_/X
 _1023_/X
 _1024_/X
 _1025_/X
 _1026_/X
 _1027_/X
 _1028_/X
 _1029_/X
 _1030_/X
 _1031_/X
 _1032_/X
 _1033_/X
 _1034_/X
 _1035_/X
 _1036_/X
 _1037_/X
 _1038_/X
 _1039_/X
 _1040_/X
 _1041_/X
 _1042_/X
 _1043_/X
 _1044_/X
 _1045_/X
 _1046_/X
 _1047_/X
 _1048_/X
 _1049_/X
 _1050_/X
 _1051_/X
 _1052_/X
 _1053_/X
 _1054_/X
 _1055_/X
 _1056_/X
 _1057_/X
 _1058_/X
 _1059_/X
 _1060_/X
 _1061_/X
 _1062_/X
 _1063_/X
 _1064_/X
 _1065_/X
 _1066_/X
 _1067_/X
 _1068_/X
 _1069_/X
 _1070_/X
 _1071_/X
 _1072_/X
 _1073_/X
 _1074_/X
 _1075_/X
 _1076_/X
 _1077_/X
 _1078_/X
 _1079_/X
 _1080_/X
 _1081_/X
 _1082_/X
 _1083_/X
 _1084_/X
 _1085_/Y
 _1086_/Y
 _1087_/X
 _1088_/X
 _1089_/X
 _1090_/X
 _1091_/X
 _1092_/X
 _1093_/X
 _1094_/X
 _1095_/X
 _1096_/X
 _1097_/X
 _1098_/X
 _1099_/X
 _1100_/X
 _1101_/X
 _1102_/X
 _1103_/Y
 _1104_/X
 _1105_/X
 _1106_/X
 _1107_/X
 _1108_/X
 _1109_/X
 _1110_/X
 _1111_/X
 _1112_/X
 _1113_/X
 _1114_/X
 _1115_/X
 _1116_/X
 _1117_/X
 _1118_/X
 _1119_/X
 _1120_/Y
 _1121_/Y
 _1122_/X
 _1123_/X
 _1124_/X
 _1125_/X
 _1126_/X
 _1127_/X
 _1128_/X
 _1129_/X
 _1130_/X
 _1131_/X
 _1132_/X
 _1133_/X
 _1134_/X
 _1135_/X
 _1136_/X
 _1137_/X
 _1138_/X
 _1139_/Y
 _1140_/Y
 _1141_/X
 _1142_/X
 _1143_/X
 _1144_/X
 _1145_/X
 _1146_/X
 _1147_/X
 _1148_/X
 _1149_/X
 _1150_/X
 _1151_/X
 _1152_/X
 _1153_/X
 _1154_/X
 _1155_/X
 _1156_/X
 _1157_/X
 _1158_/Y
 _1159_/X
 _1160_/X
 _1161_/X
 _1162_/X
 _1163_/Y
 _1164_/X
 _1165_/X
 _1166_/X
 _1167_/X
 _1168_/X
 _1169_/X
 _1170_/X
 _1171_/X
 _1172_/X
 _1173_/X
 _1174_/X
 _1175_/X
 _1176_/X
 _1177_/X
 _1178_/X
 _1179_/X
 _1180_/Y
 _1181_/X
 _1182_/X
 _1183_/X
 _1184_/X
 _1185_/X
 _1186_/X
 _1187_/X
 _1188_/X
 _1189_/X
 _1190_/X
 _1191_/X
 _1192_/X
 _1193_/X
 _1194_/X
 _1195_/X
 _1196_/X
 _1197_/Y
 _1198_/X
 _1199_/X
 _1200_/X
 _1201_/X
 _1202_/X
 _1203_/X
 _1204_/X
 _1205_/X
 _1206_/X
 _1207_/X
 _1208_/X
 _1209_/X
 _1210_/X
 _1211_/X
 _1212_/X
 _1213_/X
 _1214_/X
 _1215_/Y
 _1216_/X
 _1217_/X
 _1218_/X
 _1219_/X
 _1220_/X
 _1221_/X
 _1222_/X
 _1223_/X
 _1224_/X
 _1225_/X
 _1226_/X
 _1227_/X
 _1228_/X
 _1229_/X
 _1230_/X
 _1231_/X
 _1232_/X
 _1233_/X
 _1234_/X
 _1235_/X
 _1236_/X
 _1237_/Y
 _1238_/X
 _1239_/X
 _1240_/X
 _1241_/X
 _1242_/X
 _1243_/X
 _1244_/X
 _1245_/X
 _1246_/X
 _1247_/X
 _1248_/X
 _1249_/X
 _1250_/X
 _1251_/X
 _1252_/X
 _1253_/X
 _1254_/X
 _1255_/X
 _1256_/X
 _1257_/X
 _1258_/Y
 _1259_/X
 _1260_/X
 _1261_/X
 _1262_/X
 _1263_/X
 _1264_/X
 _1265_/X
 _1266_/X
 _1267_/X
 _1268_/X
 _1269_/X
 _1270_/X
 _1271_/X
 _1272_/X
 _1273_/X
 _1274_/X
 _1275_/Y
 _1276_/X
 _1277_/X
 _1278_/X
 _1279_/X
 _1280_/X
 _1281_/X
 _1282_/X
 _1283_/X
 _1284_/X
 _1285_/X
 _1286_/X
 _1287_/X
 _1288_/X
 _1289_/X
 _1290_/X
 _1291_/X
 _1292_/Y
 _1293_/X
 _1294_/X
 _1295_/X
 _1296_/X
 _1297_/X
 _1298_/X
 _1299_/X
 _1300_/X
 _1301_/X
 _1302_/X
 _1303_/X
 _1304_/X
 _1305_/X
 _1306_/X
 _1307_/X
 _1308_/X
 _1309_/Y
 _1310_/X
 _1311_/X
 _1312_/X
 _1313_/X
 _1314_/X
 _1315_/X
 _1316_/X
 _1317_/X
 _1318_/X
 _1319_/X
 _1320_/X
 _1321_/X
 _1322_/X
 _1323_/X
 _1324_/X
 _1325_/X
 _1326_/X
 _1327_/X
 _1328_/Y
 _1329_/X
 _1330_/X
 _1331_/X
 _1332_/X
 _1333_/X
 _1334_/X
 _1335_/X
 _1336_/X
 _1337_/X
 _1338_/X
 _1339_/X
 _1340_/X
 _1341_/X
 _1342_/X
 _1343_/X
 _1344_/X
 _1345_/Y
 _1346_/X
 _1347_/X
 _1348_/X
 _1349_/X
 _1350_/X
 _1351_/X
 _1352_/X
 _1353_/X
 _1354_/X
 _1355_/X
 _1356_/X
 _1357_/X
 _1358_/X
 _1359_/X
 _1360_/X
 _1361_/X
 _1362_/Y
 _1363_/X
 _1364_/X
 _1365_/X
 _1366_/X
 _1367_/X
 _1368_/X
 _1369_/X
 _1370_/X
 _1371_/X
 _1372_/X
 _1373_/X
 _1374_/X
 _1375_/X
 _1376_/X
 _1377_/X
 _1378_/X
 _1379_/Y
 _1380_/X
 _1381_/X
 _1382_/X
 _1383_/X
 _1384_/X
 _1385_/X
 _1386_/X
 _1387_/X
 _1388_/X
 _1389_/X
 _1390_/X
 _1391_/X
 _1392_/X
 _1393_/X
 _1394_/X
 _1395_/X
 _1396_/Y
 _1397_/X
 _1398_/X
 _1399_/X
 _1400_/X
 _1401_/X
 _1402_/X
 _1403_/X
 _1404_/X
 _1405_/X
 _1406_/X
 _1407_/X
 _1408_/X
 _1409_/X
 _1410_/X
 _1411_/X
 _1412_/X
 _1413_/Y
 _1414_/X
 _1415_/X
 _1416_/X
 _1417_/X
 _1418_/X
 _1419_/X
 _1420_/X
 _1421_/X
 _1422_/X
 _1423_/X
 _1424_/X
 _1425_/X
 _1426_/X
 _1427_/X
 _1428_/X
 _1429_/X
 _1430_/Y
 _1431_/X
 _1432_/X
 _1433_/X
 _1434_/X
 _1435_/X
 _1436_/X
 _1437_/X
 _1438_/X
 _1439_/X
 _1440_/X
 _1441_/X
 _1442_/X
 _1443_/X
 _1444_/X
 _1445_/X
 _1446_/X
 _1447_/Y
 _1448_/X
 _1449_/X
 _1450_/X
 _1451_/X
 _1452_/X
 _1453_/X
 _1454_/X
 _1455_/X
 _1456_/X
 _1457_/X
 _1458_/X
 _1459_/X
 _1460_/X
 _1461_/X
 _1462_/X
 _1463_/X
 _1464_/X
 _1465_/X
 _1466_/X
 _1467_/X
 _1468_/X
 _1469_/X
 _1470_/X
 _1471_/X
 _1472_/X
 _1473_/X
 _1474_/X
 _1475_/X
 _1476_/X
 _1477_/X
 _1478_/X
 _1479_/X
 _1480_/X
 _1481_/X
 _1482_/X
 _1483_/X
 _1484_/X
 _1485_/X
 _1486_/X
 _1487_/X
 _1488_/X
 _1489_/X
 _1490_/X
 _1491_/X
 _1492_/X
 _1493_/X
 _1494_/X
 _1495_/X
 _1496_/X
 _1497_/Y
 _1498_/X
 _1499_/X
 _1500_/X
 _1501_/X
 _1502_/X
 _1503_/X
 _1504_/X
 _1505_/X
 _1506_/X
 _1507_/X
 _1508_/X
 _1509_/X
 _1510_/X
 _1511_/X
 _1512_/X
 _1513_/X
 _1514_/Y
 _1515_/X
 _1516_/X
 _1517_/X
 _1518_/X
 _1519_/X
 _1520_/X
 _1521_/X
 _1522_/X
 _1523_/X
 _1524_/X
 _1525_/X
 _1526_/X
 _1527_/X
 _1528_/X
 _1529_/X
 _1530_/X
 _1531_/X
 _1532_/X
 _1533_/X
 _1534_/Y
 _1535_/Y
 _1536_/X
 _1537_/X
 _1538_/X
 _1539_/X
 _1540_/X
 _1541_/X
 _1542_/Y
 _1543_/X
 _1544_/X
 _1545_/Y
 _1546_/X
 _1547_/Y
 _1548_/X
 _1549_/X
 _1550_/X
 _1551_/Y
 _1552_/X
 _1553_/X
 _1554_/X
 _1555_/Y
 _1556_/X
 _1557_/X
 _1558_/Y
 _1559_/X
 _1560_/X
 _1561_/Y
 _1562_/Y
 _1563_/X
 _1564_/X
 _1565_/Y
 _1566_/X
 _1567_/Y
 _1568_/X
 _1569_/X
 _1570_/Y
 _1571_/X
 _1572_/X
 _1573_/Y
 _1574_/Y
 _1575_/X
 _1576_/X
 _1577_/X
 _1578_/X
 _1579_/X
 _1580_/X
 _1581_/X
 _1582_/X
 _1583_/X
 _1584_/X
 _1585_/X
 _1586_/X
 _1587_/X
 _1588_/X
 _1589_/X
 _1590_/X
 _1591_/Y
 _1592_/X
 _1593_/X
 _1594_/X
 _1595_/X
 _1596_/Y
 _1597_/X
 _1598_/X
 _1599_/X
 _1600_/X
 _1601_/X
 _1602_/X
 _1603_/X
 _1604_/X
 _1605_/X
 _1606_/X
 _1607_/X
 _1608_/X
 _1609_/X
 _1610_/X
 _1611_/X
 _1612_/X
 _1613_/X
 _1614_/X
 _1615_/Y
 _1616_/Y
 _1617_/X
 _1618_/Y
 _1619_/Y
 _1620_/X
 _1621_/X
 _1622_/X
 _1623_/X
 _1624_/X
 _1625_/X
 _1626_/X
 _1627_/X
 _1628_/X
 _1629_/X
 _1630_/X
 _1631_/X
 _1632_/X
 _1633_/X
 _1634_/Y
 _1635_/X
 _1636_/X
 _1637_/X
 _1638_/Y
 _1639_/X
 _1640_/X
 _1641_/X
 _1642_/X
 _1643_/Y
 _1644_/X
 _1645_/X
 _1646_/X
 _1647_/X
 _1648_/X
 _1649_/X
 _1650_/X
 _1651_/X
 _1652_/X
 _1653_/X
 _1654_/X
 _1655_/X
 _1656_/X
 _1657_/X
 _1658_/X
 _1659_/X
 _1660_/X
 _1661_/X
 _1662_/X
 _1663_/X
 _1664_/X
 _1665_/X
 _1666_/X
 _1667_/X
 _1668_/X
 _1669_/X
 _1670_/X
 _1671_/X
 _1672_/X
 _1673_/X
 _1674_/X
 _1675_/X
 _1676_/X
 _1677_/X
 _1678_/X
 _1679_/X
 _1680_/X
 _1681_/X
 _1682_/Y
 _1683_/X
 _1684_/X
 _1685_/X
 _1686_/X
 _1687_/X
 _1688_/X
 _1689_/X
 _1690_/X
 _1691_/X
 _1692_/X
 _1693_/X
 _1694_/X
 _1695_/X
 _1696_/X
 _1697_/X
 _1698_/X
 _1699_/X
 _1700_/X
 _1701_/X
 _1702_/X
 _1703_/X
 _1704_/X
 _1705_/X
 _1706_/X
 _1707_/X
 _1708_/X
 _1709_/X
 _1710_/Y
 _1711_/Y
 _1712_/X
 _1713_/X
 _1714_/X
 _1715_/X
 _1716_/X
 _1717_/X
 _1718_/X
 _1719_/X
 _1720_/X
 _1721_/X
 _1722_/X
 _1723_/X
 _1724_/X
 _1725_/X
 _1726_/X
 _1727_/X
 _1728_/X
 _1729_/X
 _1730_/X
 _1731_/X
 _1732_/X
 _1733_/X
 _1734_/X
 _1735_/X
 _1736_/X
 _1737_/X
 _1738_/X
 _1739_/X
 _1740_/X
 _1741_/X
 _1742_/X
 _1743_/X
 _1744_/X
 _1745_/X
 _1746_/Y
 _1747_/X
 _1748_/X
 _1749_/X
 _1750_/X
 _1751_/Y
 _1752_/X
 _1753_/Y
 _1754_/X
 _1755_/X
 _1756_/X
 _1757_/X
 _1758_/X
 _1759_/Y
 _1760_/X
 _1761_/X
 _1762_/X
 _1763_/X
 _1764_/X
 _1765_/X
 _1766_/X
 _1767_/X
 _1768_/X
 _1769_/X
 _1770_/X
 _1771_/X
 _1772_/X
 _1773_/X
 _1774_/X
 _1775_/X
 _1776_/Q
 _1777_/Q
 _1778_/Q
 _1779_/Q
 _1780_/Q
 _1781_/Q
 _1782_/Q
 _1783_/Q
 _1784_/Q
 _1785_/Q
 _1786_/Q
 _1787_/Q
 _1788_/Q
 _1789_/Q
 _1790_/Q
 _1791_/Q
 _1792_/Q
 _1793_/Q
 _1794_/Q
 _1795_/Q
 _1796_/Q
 _1797_/Q
 _1798_/Q
 _1799_/Q
 _1800_/Q
 _1801_/Q
 _1802_/Q
 _1803_/Q
 _1804_/Q
 _1805_/Q
 _1806_/Q
 _1807_/Q
 _1808_/Q
 _1809_/Q
 _1810_/Q
 _1811_/Q
 _1812_/Q
 _1813_/Q
 _1814_/Q
 _1815_/Q
 _1816_/Q
 _1817_/Q
 _1818_/Q
 _1819_/Q
 _1820_/Q
 _1821_/Q
 _1822_/Q
 _1823_/Q
 _1824_/Q
 _1825_/Q
 _1826_/Q
 _1827_/Q
 _1828_/Q
 _1829_/Q
 _1830_/Q
 _1831_/Q
 _1832_/Q
 _1833_/Q
 _1834_/Q
 _1835_/Q
 _1836_/Q
 _1837_/Q
 _1838_/Q
 _1839_/Q
 _1840_/Q
 _1841_/Q
 _1842_/Q
 _1843_/Q
 _1844_/Q
 _1845_/Q
 _1846_/Q
 _1847_/Q
 _1848_/Q
 _1849_/Q
 _1850_/Q
 _1851_/Q
 _1852_/Q
 _1853_/Q
 _1854_/Q
 _1855_/Q
 _1856_/Q
 _1857_/Q
 _1858_/Q
 _1859_/Q
 _1860_/Q
 _1861_/Q
 _1862_/Q
 _1863_/Q
 _1864_/Q
 _1865_/Q
 _1866_/Q
 _1867_/Q
 _1868_/Q
 _1869_/Q
 _1870_/Q
 _1871_/Q
 _1872_/Q
 _1873_/Q
 _1874_/Q
 _1875_/Q
 _1876_/Q
 _1877_/Q
 _1878_/Q
 _1879_/Q
 _1880_/Q
 _1881_/Q
 _1882_/Q
 _1883_/Q
 _1884_/Q
 _1885_/Q
 _1886_/Q
 _1887_/Q
 _1888_/Q
 _1889_/Q
 _1890_/Q
 _1891_/Q
 _1892_/Q
 _1893_/Q
 _1894_/Q
 _1895_/Q
 _1896_/Q
 _1897_/Q
 _1898_/Q
 _1899_/Q
 _1900_/Q
 _1901_/Q
 _1902_/Q
 _1903_/Q
 _1904_/Q
 _1905_/Q
 _1906_/Q
 _1907_/Q
 _1908_/Q
 _1909_/Q
 _1910_/Q
 _1911_/Q
 _1912_/Q
 _1913_/Q
 _1914_/Q
 _1915_/Q
 _1916_/Q
 _1917_/Q
 _1918_/Q
 _1919_/Q
 _1920_/Q
 _1921_/Q
 _1922_/Q
 _1923_/Q
 _1924_/Q
 _1925_/Q
 _1926_/Q
 _1927_/Q
 _1928_/Q
 _1929_/Q
 _1930_/Q
 _1931_/Q
 _1932_/Q
 _1933_/Q
 _1934_/Q
 _1935_/Q
 _1936_/Q
 _1937_/Q
 _1938_/Q
 _1939_/Q
 _1940_/Q
 _1941_/Q
 _1942_/Q
 _1943_/Q
 _1944_/Q
 _1945_/Q
 _1946_/Q
 _1947_/Q
 _1948_/Q
 _1949_/Q
 _1950_/Q
 _1951_/Q
 _1952_/Q
 _1953_/Q
 _1954_/Q
 _1955_/Q
 _1956_/Q
 _1957_/Q
 _1958_/Q
 _1959_/Q
 _1960_/Q
 _1961_/Q
 _1962_/Q
 _1963_/Q
 _1964_/Q
 _1965_/Q
 _1966_/Q
 _1967_/Q
 _1968_/Q
 _1969_/Q
 _1970_/Q
 _1971_/Q
 _1972_/Q
 _1973_/Q
 _1974_/Q
 _1975_/Q
 _1976_/Q
 _1977_/Q
 _1978_/Q
 _1979_/Q
 _1980_/Q
 _1981_/Q
 _1982_/Q
 _1983_/Q
 _1984_/Q
 _1985_/Q
 _1986_/Q
 _1987_/Q
 _1988_/Q
 _1989_/Q
 _1990_/Q
 _1991_/Q
 _1992_/Q
 _1993_/Q
 _1994_/Q
 _1995_/Q
 _1996_/Q
 _1997_/Q
 _1998_/Q
 _1999_/Q
 _2000_/Q
 _2001_/Q
 _2002_/Q
 _2003_/Q
 _2004_/Q
 _2005_/Q
 _2006_/Q
 _2007_/Q
 _2008_/Q
 _2009_/Q
 _2010_/Q
 _2011_/Q
 _2012_/Q
 _2013_/Q
 _2014_/Q
 _2015_/Q
 _2016_/Q
 _2017_/Q
 _2018_/Q
 _2019_/Q
 _2020_/Q
 _2021_/Q
 _2022_/Q
 _2023_/Q
 _2024_/Q
 _2025_/Q
 _2026_/Q
 _2027_/Q
 _2028_/Q
 _2029_/Q
 _2030_/Q
 _2031_/Q
 _2032_/Q
 _2033_/Q
 _2034_/Q
 _2035_/Q
 _2036_/Q
 _2037_/Q
 _2038_/Q
 _2039_/Q
 _2040_/Q
 _2041_/Q
 _2042_/Q
 _2043_/Q
 _2044_/Q
 _2045_/Q
 _2046_/Q
 _2047_/Q
 _2048_/Q
 _2049_/Q
 _2050_/Q
 _2051_/Q
 _2052_/Q
 _2053_/Q
 _2054_/Q
 _2055_/Q
 _2056_/Q
 _2057_/Q
 _2058_/Q
 _2059_/Q
 _2060_/Q
 _2061_/Q
 _2062_/Q
 _2063_/Q
 _2064_/Q
 _2065_/Q
 _2066_/Q
 _2067_/Q
 _2068_/Q
 _2069_/Q
 _2070_/Q
 _2071_/Q
 _2072_/Q
 _2073_/Q
 _2074_/Q
 _2075_/Q
 _2076_/Q
 _2077_/Q
 _2078_/Q
 _2079_/Q
 _2080_/Q
 _2081_/Q
 _2082_/Q
 _2083_/Q
 _2084_/Q
 _2085_/Q
 _2086_/Q
 clkbuf_0_clk/X
 clkbuf_1_0__f_clk/X
 clkbuf_1_1__f_clk/X
 clkbuf_leaf_0_clk/X
 clkbuf_leaf_10_clk/X
 clkbuf_leaf_11_clk/X
 clkbuf_leaf_12_clk/X
 clkbuf_leaf_13_clk/X
 clkbuf_leaf_14_clk/X
 clkbuf_leaf_15_clk/X
 clkbuf_leaf_16_clk/X
 clkbuf_leaf_17_clk/X
 clkbuf_leaf_18_clk/X
 clkbuf_leaf_19_clk/X
 clkbuf_leaf_1_clk/X
 clkbuf_leaf_20_clk/X
 clkbuf_leaf_21_clk/X
 clkbuf_leaf_22_clk/X
 clkbuf_leaf_23_clk/X
 clkbuf_leaf_24_clk/X
 clkbuf_leaf_25_clk/X
 clkbuf_leaf_26_clk/X
 clkbuf_leaf_2_clk/X
 clkbuf_leaf_3_clk/X
 clkbuf_leaf_4_clk/X
 clkbuf_leaf_5_clk/X
 clkbuf_leaf_6_clk/X
 clkbuf_leaf_7_clk/X
 clkbuf_leaf_8_clk/X
 clkbuf_leaf_9_clk/X
 hold1/X
 hold10/X
 hold100/X
 hold101/X
 hold102/X
 hold103/X
 hold104/X
 hold105/X
 hold106/X
 hold107/X
 hold108/X
 hold109/X
 hold11/X
 hold110/X
 hold111/X
 hold112/X
 hold113/X
 hold114/X
 hold115/X
 hold116/X
 hold117/X
 hold118/X
 hold119/X
 hold12/X
 hold120/X
 hold121/X
 hold122/X
 hold123/X
 hold124/X
 hold125/X
 hold126/X
 hold127/X
 hold128/X
 hold129/X
 hold13/X
 hold130/X
 hold131/X
 hold132/X
 hold133/X
 hold134/X
 hold135/X
 hold136/X
 hold137/X
 hold138/X
 hold139/X
 hold14/X
 hold140/X
 hold141/X
 hold142/X
 hold143/X
 hold144/X
 hold145/X
 hold146/X
 hold147/X
 hold148/X
 hold149/X
 hold15/X
 hold150/X
 hold151/X
 hold152/X
 hold153/X
 hold154/X
 hold155/X
 hold156/X
 hold157/X
 hold158/X
 hold159/X
 hold16/X
 hold160/X
 hold161/X
 hold162/X
 hold163/X
 hold164/X
 hold165/X
 hold166/X
 hold167/X
 hold168/X
 hold169/X
 hold17/X
 hold170/X
 hold171/X
 hold172/X
 hold173/X
 hold174/X
 hold175/X
 hold176/X
 hold177/X
 hold178/X
 hold179/X
 hold18/X
 hold180/X
 hold181/X
 hold182/X
 hold183/X
 hold184/X
 hold185/X
 hold186/X
 hold187/X
 hold188/X
 hold189/X
 hold19/X
 hold190/X
 hold191/X
 hold192/X
 hold193/X
 hold194/X
 hold195/X
 hold196/X
 hold197/X
 hold198/X
 hold199/X
 hold2/X
 hold20/X
 hold200/X
 hold201/X
 hold202/X
 hold203/X
 hold204/X
 hold205/X
 hold206/X
 hold207/X
 hold208/X
 hold209/X
 hold21/X
 hold210/X
 hold211/X
 hold212/X
 hold213/X
 hold214/X
 hold215/X
 hold216/X
 hold217/X
 hold218/X
 hold219/X
 hold22/X
 hold220/X
 hold221/X
 hold222/X
 hold223/X
 hold224/X
 hold225/X
 hold226/X
 hold227/X
 hold228/X
 hold229/X
 hold23/X
 hold230/X
 hold231/X
 hold232/X
 hold233/X
 hold234/X
 hold235/X
 hold236/X
 hold237/X
 hold238/X
 hold239/X
 hold24/X
 hold240/X
 hold241/X
 hold242/X
 hold243/X
 hold244/X
 hold245/X
 hold246/X
 hold247/X
 hold248/X
 hold249/X
 hold25/X
 hold250/X
 hold251/X
 hold252/X
 hold253/X
 hold254/X
 hold255/X
 hold256/X
 hold257/X
 hold258/X
 hold259/X
 hold26/X
 hold260/X
 hold261/X
 hold262/X
 hold263/X
 hold264/X
 hold265/X
 hold266/X
 hold267/X
 hold268/X
 hold269/X
 hold27/X
 hold270/X
 hold271/X
 hold272/X
 hold273/X
 hold274/X
 hold275/X
 hold276/X
 hold277/X
 hold278/X
 hold279/X
 hold28/X
 hold280/X
 hold281/X
 hold282/X
 hold283/X
 hold284/X
 hold285/X
 hold286/X
 hold287/X
 hold288/X
 hold289/X
 hold29/X
 hold290/X
 hold291/X
 hold3/X
 hold30/X
 hold31/X
 hold32/X
 hold33/X
 hold34/X
 hold35/X
 hold36/X
 hold37/X
 hold38/X
 hold39/X
 hold4/X
 hold40/X
 hold41/X
 hold42/X
 hold43/X
 hold44/X
 hold45/X
 hold46/X
 hold47/X
 hold48/X
 hold49/X
 hold5/X
 hold50/X
 hold51/X
 hold52/X
 hold53/X
 hold54/X
 hold55/X
 hold56/X
 hold57/X
 hold58/X
 hold59/X
 hold6/X
 hold60/X
 hold61/X
 hold62/X
 hold63/X
 hold64/X
 hold65/X
 hold66/X
 hold67/X
 hold68/X
 hold69/X
 hold7/X
 hold70/X
 hold71/X
 hold72/X
 hold73/X
 hold74/X
 hold75/X
 hold76/X
 hold77/X
 hold78/X
 hold79/X
 hold8/X
 hold80/X
 hold81/X
 hold82/X
 hold83/X
 hold84/X
 hold85/X
 hold86/X
 hold87/X
 hold88/X
 hold89/X
 hold9/X
 hold90/X
 hold91/X
 hold92/X
 hold93/X
 hold94/X
 hold95/X
 hold96/X
 hold97/X
 hold98/X
 hold99/X
 input1/X
 input10/X
 input11/X
 input12/X
 input13/X
 input2/X
 input3/X
 input4/X
 input5/X
 input6/X
 input7/X
 input8/X
 input9/X
 max_cap22/X
 max_cap24/X
 max_cap25/X
 output14/X
 output15/X
 output16/X
 output17/X
 output18/X
 output19/X
 output20/X
 output21/X
 wire23/X
Found 0 partially unannotated drivers.

===========================================================================
max slew violation count 0
max fanout violation count 0
max cap violation count 0
============================================================================

===========================================================================
check_setup -verbose -unconstrained_endpoints -multiple_clock -no_clock -no_input_delay -loops -generated_clocks
===========================================================================
