
63. Printing statistics.

=== PulseDurationMeasurement ===

   Number of wires:              18964
   Number of wire bits:          18978
   Number of public wires:         434
   Number of public wire bits:     448
   Number of memories:               0
   Number of memory bits:            0
   Number of processes:              0
   Number of cells:              18964
     sky130_fd_sc_hd__a2111o_2      10
     sky130_fd_sc_hd__a2111oi_2      1
     sky130_fd_sc_hd__a211o_2      146
     sky130_fd_sc_hd__a211oi_2      69
     sky130_fd_sc_hd__a21bo_2      260
     sky130_fd_sc_hd__a21boi_2     132
     sky130_fd_sc_hd__a21o_2       905
     sky130_fd_sc_hd__a21oi_2      903
     sky130_fd_sc_hd__a221o_2       74
     sky130_fd_sc_hd__a221oi_2       1
     sky130_fd_sc_hd__a22o_2       419
     sky130_fd_sc_hd__a22oi_2      157
     sky130_fd_sc_hd__a2bb2o_2      59
     sky130_fd_sc_hd__a2bb2oi_2      4
     sky130_fd_sc_hd__a311o_2       11
     sky130_fd_sc_hd__a311oi_2       1
     sky130_fd_sc_hd__a31o_2       280
     sky130_fd_sc_hd__a31oi_2       36
     sky130_fd_sc_hd__a32o_2        62
     sky130_fd_sc_hd__a32oi_2       18
     sky130_fd_sc_hd__a41o_2         6
     sky130_fd_sc_hd__and2_2      1029
     sky130_fd_sc_hd__and2b_2      508
     sky130_fd_sc_hd__and3_2       914
     sky130_fd_sc_hd__and3b_2       17
     sky130_fd_sc_hd__and4_2       116
     sky130_fd_sc_hd__and4b_2        4
     sky130_fd_sc_hd__and4bb_2      17
     sky130_fd_sc_hd__buf_1       1245
     sky130_fd_sc_hd__dfxtp_2      434
     sky130_fd_sc_hd__inv_2        300
     sky130_fd_sc_hd__mux2_2       566
     sky130_fd_sc_hd__mux4_2        17
     sky130_fd_sc_hd__nand2_2     2136
     sky130_fd_sc_hd__nand2b_2       4
     sky130_fd_sc_hd__nand3_2      566
     sky130_fd_sc_hd__nand3b_2      11
     sky130_fd_sc_hd__nand4_2      152
     sky130_fd_sc_hd__nor2_2      1229
     sky130_fd_sc_hd__nor2b_2        6
     sky130_fd_sc_hd__nor3_2       141
     sky130_fd_sc_hd__nor3b_2        5
     sky130_fd_sc_hd__nor4_2         4
     sky130_fd_sc_hd__o2111a_2       7
     sky130_fd_sc_hd__o2111ai_2      2
     sky130_fd_sc_hd__o211a_2      160
     sky130_fd_sc_hd__o211ai_2      90
     sky130_fd_sc_hd__o21a_2       449
     sky130_fd_sc_hd__o21ai_2      464
     sky130_fd_sc_hd__o21ba_2      152
     sky130_fd_sc_hd__o21bai_2      65
     sky130_fd_sc_hd__o221a_2       46
     sky130_fd_sc_hd__o221ai_2       4
     sky130_fd_sc_hd__o22a_2        53
     sky130_fd_sc_hd__o22ai_2       21
     sky130_fd_sc_hd__o2bb2a_2      55
     sky130_fd_sc_hd__o2bb2ai_2      6
     sky130_fd_sc_hd__o311a_2        5
     sky130_fd_sc_hd__o31a_2        30
     sky130_fd_sc_hd__o31ai_2       30
     sky130_fd_sc_hd__o32a_2        12
     sky130_fd_sc_hd__o32ai_2        3
     sky130_fd_sc_hd__o41a_2         1
     sky130_fd_sc_hd__o41ai_2        1
     sky130_fd_sc_hd__or2_2        828
     sky130_fd_sc_hd__or2b_2       438
     sky130_fd_sc_hd__or3_2        249
     sky130_fd_sc_hd__or3b_2        68
     sky130_fd_sc_hd__or4_2         19
     sky130_fd_sc_hd__or4b_2        13
     sky130_fd_sc_hd__or4bb_2        9
     sky130_fd_sc_hd__xnor2_2     1711
     sky130_fd_sc_hd__xor2_2       998

   Chip area for module '\PulseDurationMeasurement': 179060.483200

