
===========================================================================
 report_power
============================================================================
======================= Fastest Corner ===================================

Group                  Internal  Switching    Leakage      Total
                          Power      Power      Power      Power (Watts)
----------------------------------------------------------------
Sequential             6.00e-04   1.07e-05   4.54e-09   6.10e-04  57.3%
Combinational          6.24e-05   6.98e-05   1.27e-08   1.32e-04  12.4%
Clock                  1.33e-04   1.91e-04   3.32e-09   3.23e-04  30.3%
Macro                  0.00e+00   0.00e+00   0.00e+00   0.00e+00   0.0%
Pad                    0.00e+00   0.00e+00   0.00e+00   0.00e+00   0.0%
----------------------------------------------------------------
Total                  7.95e-04   2.71e-04   2.06e-08   1.07e-03 100.0%
                          74.6%      25.4%       0.0%

======================= Slowest Corner ===================================

Group                  Internal  Switching    Leakage      Total
                          Power      Power      Power      Power (Watts)
----------------------------------------------------------------
Sequential             3.94e-04   6.83e-06   4.24e-06   4.05e-04  56.2%
Combinational          4.38e-05   4.58e-05   7.44e-06   9.70e-05  13.5%
Clock                  9.67e-05   1.21e-04   3.50e-07   2.18e-04  30.3%
Macro                  0.00e+00   0.00e+00   0.00e+00   0.00e+00   0.0%
Pad                    0.00e+00   0.00e+00   0.00e+00   0.00e+00   0.0%
----------------------------------------------------------------
Total                  5.34e-04   1.74e-04   1.20e-05   7.20e-04 100.0%
                          74.2%      24.1%       1.7%

======================= Typical Corner ===================================

Group                  Internal  Switching    Leakage      Total
                          Power      Power      Power      Power (Watts)
----------------------------------------------------------------
Sequential             5.11e-04   8.84e-06   2.51e-09   5.20e-04  57.1%
Combinational          5.50e-05   5.86e-05   6.29e-09   1.14e-04  12.5%
Clock                  1.17e-04   1.60e-04   2.50e-09   2.77e-04  30.4%
Macro                  0.00e+00   0.00e+00   0.00e+00   0.00e+00   0.0%
Pad                    0.00e+00   0.00e+00   0.00e+00   0.00e+00   0.0%
----------------------------------------------------------------
Total                  6.83e-04   2.27e-04   1.13e-08   9.10e-04 100.0%
                          75.0%      25.0%       0.0%

