Instance name, X location, Y location, Voltage
_1407_, 154.12, 174.08, 1.34567e-05
_1977_, 154.12, 174.08, 1.34567e-05
input2, 154.12, 174.08, 1.34567e-05
hold173, 154.12, 174.08, 1.34567e-05
_1374_, 154.12, 168.64, 2.14284e-05
_1703_, 154.12, 168.64, 2.14284e-05
_1961_, 154.12, 168.64, 2.14284e-05
hold197, 154.12, 168.64, 2.14284e-05
FILLER_0_59_332, 154.12, 168.64, 2.14284e-05
_1230_, 154.12, 163.2, 2.38273e-05
_1353_, 154.12, 163.2, 2.38273e-05
_1373_, 154.12, 163.2, 2.38273e-05
_1951_, 154.12, 163.2, 2.38273e-05
_1352_, 154.12, 157.76, 2.87555e-05
_1401_, 154.12, 157.76, 2.87555e-05
hold266, 154.12, 157.76, 2.87555e-05
FILLER_0_53_322, 154.12, 157.76, 2.87555e-05
FILLER_0_55_330, 154.12, 157.76, 2.87555e-05
_1368_, 154.12, 152.32, 2.14594e-05
_1402_, 154.12, 152.32, 2.14594e-05
_1958_, 154.12, 152.32, 2.14594e-05
_1974_, 154.12, 152.32, 2.14594e-05
hold169, 154.12, 152.32, 2.14594e-05
FILLER_0_52_332, 154.12, 152.32, 2.14594e-05
_1367_, 154.12, 146.88, 1.57031e-05
hold101, 154.12, 146.88, 1.57031e-05
ANTENNA_1, 154.12, 146.88, 1.57031e-05
FILLER_0_50_322, 154.12, 146.88, 1.57031e-05
_1347_, 154.12, 141.44, 1.87197e-05
_1948_, 154.12, 141.44, 1.87197e-05
FILLER_0_49_327, 154.12, 141.44, 1.87197e-05
_1346_, 154.12, 136, 1.3456e-05
_1365_, 154.12, 136, 1.3456e-05
_1366_, 154.12, 136, 1.3456e-05
hold117, 154.12, 136, 1.3456e-05
FILLER_0_46_321, 154.12, 136, 1.3456e-05
_1610_, 154.12, 130.56, 1.31524e-05
hold82, 154.12, 130.56, 1.31524e-05
_1924_, 154.12, 125.12, 3.38154e-05
clkbuf_leaf_14_clk, 154.12, 125.12, 3.38154e-05
hold235, 154.12, 125.12, 3.38154e-05
FILLER_0_41_317, 154.12, 125.12, 3.38154e-05
FILLER_0_43_327, 154.12, 125.12, 3.38154e-05
_1281_, 154.12, 119.68, 1.40105e-05
_1293_, 154.12, 119.68, 1.40105e-05
FILLER_0_39_314, 154.12, 119.68, 1.40105e-05
FILLER_0_39_323, 154.12, 119.68, 1.40105e-05
FILLER_0_40_318, 154.12, 119.68, 1.40105e-05
_1081_, 154.12, 114.24, 2.14067e-05
_1280_, 154.12, 114.24, 2.14067e-05
_1918_, 154.12, 114.24, 2.14067e-05
hold164, 154.12, 114.24, 2.14067e-05
_1310_, 154.12, 108.8, 2.32549e-05
hold36, 154.12, 108.8, 2.32549e-05
FILLER_0_36_328, 154.12, 108.8, 2.32549e-05
FILLER_0_37_330, 154.12, 108.8, 2.32549e-05
_1304_, 154.12, 103.36, 2.81739e-05
_1929_, 154.12, 103.36, 2.81739e-05
hold65, 154.12, 103.36, 2.81739e-05
FILLER_0_33_315, 154.12, 103.36, 2.81739e-05
FILLER_0_34_318, 154.12, 103.36, 2.81739e-05
FILLER_0_34_324, 154.12, 103.36, 2.81739e-05
FILLER_0_35_328, 154.12, 103.36, 2.81739e-05
_1303_, 154.12, 97.92, 1.78515e-05
_1321_, 154.12, 97.92, 1.78515e-05
_1937_, 154.12, 97.92, 1.78515e-05
hold69, 154.12, 97.92, 1.78515e-05
_1283_, 154.12, 92.48, 9.07306e-06
_1320_, 154.12, 92.48, 9.07306e-06
FILLER_0_29_320, 154.12, 92.48, 9.07306e-06
FILLER_0_30_321, 154.12, 92.48, 9.07306e-06
_1265_, 154.12, 87.04, 1.97821e-05
_1577_, 154.12, 87.04, 1.97821e-05
hold159, 154.12, 87.04, 1.97821e-05
FILLER_0_27_322, 154.12, 87.04, 1.97821e-05
_1296_, 154.12, 81.6, 4.18452e-05
_1313_, 154.12, 81.6, 4.18452e-05
_1925_, 154.12, 81.6, 4.18452e-05
_1933_, 154.12, 81.6, 4.18452e-05
FILLER_0_26_320, 154.12, 81.6, 4.18452e-05
FILLER_0_27_330, 154.12, 81.6, 4.18452e-05
_0966_, 154.12, 76.16, 2.40629e-05
_1295_, 154.12, 76.16, 2.40629e-05
hold68, 154.12, 76.16, 2.40629e-05
hold194, 154.12, 76.16, 2.40629e-05
hold202, 154.12, 76.16, 2.40629e-05
_1412_, 154.12, 70.72, 2.12073e-05
_1734_, 154.12, 70.72, 2.12073e-05
_1979_, 154.12, 70.72, 2.12073e-05
_1214_, 154.12, 65.28, 1.17736e-05
_1325_, 154.12, 65.28, 1.17736e-05
_1411_, 154.12, 65.28, 1.17736e-05
hold134, 154.12, 65.28, 1.17736e-05
FILLER_0_19_320, 154.12, 65.28, 1.17736e-05
FILLER_0_20_323, 154.12, 65.28, 1.17736e-05
_1324_, 154.12, 59.84, 1.83654e-05
_1601_, 154.12, 59.84, 1.83654e-05
_1617_, 154.12, 59.84, 1.83654e-05
_1939_, 154.12, 59.84, 1.83654e-05
hold137, 154.12, 59.84, 1.83654e-05
_1272_, 154.12, 54.4, 3.00078e-05
_1307_, 154.12, 54.4, 3.00078e-05
_1728_, 154.12, 54.4, 3.00078e-05
FILLER_0_16_320, 154.12, 54.4, 3.00078e-05
FILLER_0_17_330, 154.12, 54.4, 3.00078e-05
_0962_, 154.12, 48.96, 1.72764e-05
_1274_, 154.12, 48.96, 1.72764e-05
_1931_, 154.12, 48.96, 1.72764e-05
hold116, 154.12, 48.96, 1.72764e-05
FILLER_0_14_329, 154.12, 48.96, 1.72764e-05
FILLER_0_13_327, 154.12, 43.52, 1.10459e-05
FILLER_0_11_325, 154.12, 38.08, 6.76263e-06
FILLER_0_9_329, 154.12, 32.64, 1.37111e-06
FILLER_0_7_329, 154.12, 27.2, 1.78139e-06
FILLER_0_5_329, 154.12, 21.76, 9.03638e-08
FILLER_0_3_329, 154.12, 16.32, 1.32206e-08
FILLER_0_1_329, 154.12, 10.88, 1.36234e-08
_2069_, 112.605, 174.08, 1.42518e-05
output17, 112.605, 174.08, 1.42518e-05
output18, 112.605, 174.08, 1.42518e-05
hold287, 112.605, 174.08, 1.42518e-05
FILLER_0_60_231, 112.605, 174.08, 1.42518e-05
_1695_, 112.605, 168.64, 4.40321e-05
_1727_, 112.605, 168.64, 4.40321e-05
_2071_, 112.605, 168.64, 4.40321e-05
_2072_, 112.605, 168.64, 4.40321e-05
clkbuf_leaf_11_clk, 112.605, 168.64, 4.40321e-05
FILLER_0_57_225, 112.605, 168.64, 4.40321e-05
_1726_, 112.605, 163.2, 1.56722e-05
_1743_, 112.605, 163.2, 1.56722e-05
_1904_, 112.605, 163.2, 1.56722e-05
FILLER_0_55_225, 112.605, 163.2, 1.56722e-05
FILLER_0_56_243, 112.605, 163.2, 1.56722e-05
_1246_, 112.605, 157.76, 1.69973e-05
_1247_, 112.605, 157.76, 1.69973e-05
FILLER_0_53_225, 112.605, 157.76, 1.69973e-05
FILLER_0_54_233, 112.605, 157.76, 1.69973e-05
_1388_, 112.605, 152.32, 2.1324e-05
_1389_, 112.605, 152.32, 2.1324e-05
_1507_, 112.605, 152.32, 2.1324e-05
_1690_, 112.605, 152.32, 2.1324e-05
_1968_, 112.605, 152.32, 2.1324e-05
_1091_, 112.605, 146.88, 2.01655e-05
_1096_, 112.605, 146.88, 2.01655e-05
_1840_, 112.605, 146.88, 2.01655e-05
hold4, 112.605, 146.88, 2.01655e-05
hold38, 112.605, 146.88, 2.01655e-05
_1095_, 112.605, 141.44, 1.74913e-05
_1745_, 112.605, 141.44, 1.74913e-05
_1838_, 112.605, 141.44, 1.74913e-05
hold184, 112.605, 141.44, 1.74913e-05
FILLER_0_47_229, 112.605, 141.44, 1.74913e-05
_1098_, 112.605, 136, 3.45795e-05
_1841_, 112.605, 136, 3.45795e-05
_2078_, 112.605, 136, 3.45795e-05
clkbuf_leaf_10_clk, 112.605, 136, 3.45795e-05
hold286, 112.605, 136, 3.45795e-05
_1090_, 112.605, 130.56, 1.84466e-05
_1837_, 112.605, 130.56, 1.84466e-05
FILLER_0_43_225, 112.605, 130.56, 1.84466e-05
FILLER_0_44_241, 112.605, 130.56, 1.84466e-05
_1089_, 112.605, 125.12, 2.00481e-05
_1749_, 112.605, 125.12, 2.00481e-05
FILLER_0_42_225, 112.605, 125.12, 2.00481e-05
FILLER_0_42_243, 112.605, 125.12, 2.00481e-05
_1750_, 112.605, 119.68, 2.05487e-05
_2073_, 112.605, 119.68, 2.05487e-05
FILLER_0_41_242, 112.605, 119.68, 2.05487e-05
_1670_, 112.605, 114.24, 2.10954e-05
_1671_, 112.605, 114.24, 2.10954e-05
_2074_, 112.605, 114.24, 2.10954e-05
hold281, 112.605, 114.24, 2.10954e-05
FILLER_0_38_225, 112.605, 114.24, 2.10954e-05
_1086_, 112.605, 108.8, 2.5864e-05
_1189_, 112.605, 108.8, 2.5864e-05
_1669_, 112.605, 108.8, 2.5864e-05
_1880_, 112.605, 108.8, 2.5864e-05
hold280, 112.605, 108.8, 2.5864e-05
FILLER_0_35_225, 112.605, 108.8, 2.5864e-05
_1228_, 112.605, 103.36, 6.7892e-05
clkbuf_1_1__f_clk, 112.605, 103.36, 6.7892e-05
hold210, 112.605, 103.36, 6.7892e-05
FILLER_0_34_227, 112.605, 103.36, 6.7892e-05
_1192_, 112.605, 97.92, 3.93567e-05
_1229_, 112.605, 97.92, 3.93567e-05
_1881_, 112.605, 97.92, 3.93567e-05
_1896_, 112.605, 97.92, 3.93567e-05
clkbuf_leaf_16_clk, 112.605, 97.92, 3.93567e-05
_1141_, 112.605, 92.48, 1.78968e-05
_1191_, 112.605, 92.48, 1.78968e-05
hold215, 112.605, 92.48, 1.78968e-05
FILLER_0_30_229, 112.605, 92.48, 1.78968e-05
_1094_, 112.605, 87.04, 2.12796e-05
_1839_, 112.605, 87.04, 2.12796e-05
_1860_, 112.605, 87.04, 2.12796e-05
hold247, 112.605, 87.04, 2.12796e-05
_1876_, 112.605, 81.6, 3.35991e-05
_1892_, 112.605, 81.6, 3.35991e-05
FILLER_0_26_227, 112.605, 81.6, 3.35991e-05
_1181_, 112.605, 76.16, 2.76489e-05
_1586_, 112.605, 76.16, 2.76489e-05
hold205, 112.605, 76.16, 2.76489e-05
hold260, 112.605, 76.16, 2.76489e-05
_1183_, 112.605, 70.72, 3.45425e-05
_1184_, 112.605, 70.72, 3.45425e-05
_1740_, 112.605, 70.72, 3.45425e-05
_1877_, 112.605, 70.72, 3.45425e-05
FILLER_0_21_225, 112.605, 70.72, 3.45425e-05
FILLER_0_23_240, 112.605, 70.72, 3.45425e-05
FILLER_0_19_225, 112.605, 65.28, 1.66496e-05
FILLER_0_20_242, 112.605, 65.28, 1.66496e-05
_1087_, 112.605, 59.84, 1.14408e-05
_1380_, 112.605, 59.84, 1.14408e-05
_1381_, 112.605, 59.84, 1.14408e-05
_1836_, 112.605, 59.84, 1.14408e-05
hold251, 112.605, 59.84, 1.14408e-05
FILLER_0_19_243, 112.605, 59.84, 1.14408e-05
_0961_, 112.605, 54.4, 2.738e-05
_1101_, 112.605, 54.4, 2.738e-05
_1964_, 112.605, 54.4, 2.738e-05
FILLER_0_16_236, 112.605, 54.4, 2.738e-05
_1102_, 112.605, 48.96, 2.16945e-05
_1843_, 112.605, 48.96, 2.16945e-05
hold214, 112.605, 48.96, 2.16945e-05
hold284, 112.605, 48.96, 2.16945e-05
FILLER_0_14_241, 112.605, 48.96, 2.16945e-05
_1715_, 112.605, 43.52, 3.22754e-05
_1970_, 112.605, 43.52, 3.22754e-05
FILLER_0_11_225, 112.605, 43.52, 3.22754e-05
FILLER_0_12_244, 112.605, 43.52, 3.22754e-05
FILLER_0_13_233, 112.605, 43.52, 3.22754e-05
_1392_, 112.605, 38.08, 1.91102e-05
_1393_, 112.605, 38.08, 1.91102e-05
_1486_, 112.605, 38.08, 1.91102e-05
_1906_, 112.605, 38.08, 1.91102e-05
hold10, 112.605, 38.08, 1.91102e-05
_0906_, 112.605, 32.64, 3.97185e-06
_1252_, 112.605, 32.64, 3.97185e-06
FILLER_0_8_242, 112.605, 32.64, 3.97185e-06
FILLER_0_9_237, 112.605, 32.64, 3.97185e-06
hold273, 71.09, 174.08, 1.42111e-05
FILLER_0_60_141, 71.09, 174.08, 1.42111e-05
_1437_, 71.09, 168.64, 2.79395e-05
_1438_, 71.09, 168.64, 2.79395e-05
_1439_, 71.09, 168.64, 2.79395e-05
_1992_, 71.09, 168.64, 2.79395e-05
FILLER_0_58_150, 71.09, 168.64, 2.79395e-05
_1454_, 71.09, 163.2, 1.59829e-05
_1455_, 71.09, 163.2, 1.59829e-05
_1995_, 71.09, 163.2, 1.59829e-05
_1999_, 71.09, 163.2, 1.59829e-05
FILLER_0_57_148, 71.09, 163.2, 1.59829e-05
_1463_, 71.09, 157.76, 2.86251e-05
_1649_, 71.09, 157.76, 2.86251e-05
_2003_, 71.09, 157.76, 2.86251e-05
clkbuf_leaf_8_clk, 71.09, 157.76, 2.86251e-05
FILLER_0_54_132, 71.09, 157.76, 2.86251e-05
FILLER_0_54_141, 71.09, 157.76, 2.86251e-05
FILLER_0_54_149, 71.09, 157.76, 2.86251e-05
_1462_, 71.09, 152.32, 3.51992e-05
_1831_, 71.09, 152.32, 3.51992e-05
_1835_, 71.09, 152.32, 3.51992e-05
hold246, 71.09, 152.32, 3.51992e-05
_1070_, 71.09, 146.88, 2.60408e-05
_1071_, 71.09, 146.88, 2.60408e-05
_1625_, 71.09, 146.88, 2.60408e-05
_1648_, 71.09, 146.88, 2.60408e-05
hold6, 71.09, 146.88, 2.60408e-05
FILLER_0_50_136, 71.09, 146.88, 2.60408e-05
FILLER_0_50_153, 71.09, 146.88, 2.60408e-05
_1764_, 71.09, 141.44, 1.40994e-05
_1765_, 71.09, 141.44, 1.40994e-05
FILLER_0_47_137, 71.09, 141.44, 1.40994e-05
FILLER_0_48_141, 71.09, 141.44, 1.40994e-05
_1631_, 71.09, 136, 2.90975e-05
_1632_, 71.09, 136, 2.90975e-05
_2081_, 71.09, 136, 2.90975e-05
hold141, 71.09, 136, 2.90975e-05
FILLER_0_45_134, 71.09, 136, 2.90975e-05
FILLER_0_46_135, 71.09, 136, 2.90975e-05
_0986_, 71.09, 130.56, 2.54658e-05
_1609_, 71.09, 130.56, 2.54658e-05
_1786_, 71.09, 130.56, 2.54658e-05
clkbuf_leaf_9_clk, 71.09, 130.56, 2.54658e-05
_0985_, 71.09, 125.12, 2.4349e-05
hold102, 71.09, 125.12, 2.4349e-05
FILLER_0_41_137, 71.09, 125.12, 2.4349e-05
FILLER_0_42_149, 71.09, 125.12, 2.4349e-05
_1023_, 71.09, 119.68, 2.85485e-05
_1126_, 71.09, 119.68, 2.85485e-05
_1127_, 71.09, 119.68, 2.85485e-05
hold225, 71.09, 119.68, 2.85485e-05
FILLER_0_40_136, 71.09, 119.68, 2.85485e-05
_0965_, 71.09, 114.24, 1.84114e-05
_1163_, 71.09, 114.24, 1.84114e-05
_1447_, 71.09, 114.24, 1.84114e-05
_1514_, 71.09, 114.24, 1.84114e-05
hold217, 71.09, 114.24, 1.84114e-05
FILLER_0_38_134, 71.09, 114.24, 1.84114e-05
_1133_, 71.09, 108.8, 2.13904e-05
_1207_, 71.09, 108.8, 2.13904e-05
_1699_, 71.09, 108.8, 2.13904e-05
_1888_, 71.09, 108.8, 2.13904e-05
FILLER_0_35_138, 71.09, 108.8, 2.13904e-05
FILLER_0_37_152, 71.09, 108.8, 2.13904e-05
_1202_, 71.09, 103.36, 6.54682e-05
_1203_, 71.09, 103.36, 6.54682e-05
_1206_, 71.09, 103.36, 6.54682e-05
FILLER_0_33_137, 71.09, 103.36, 6.54682e-05
_1128_, 71.09, 97.92, 1.98426e-05
_1129_, 71.09, 97.92, 1.98426e-05
_1886_, 71.09, 97.92, 1.98426e-05
hold261, 71.09, 97.92, 1.98426e-05
_1205_, 71.09, 92.48, 3.92209e-05
_1887_, 71.09, 92.48, 3.92209e-05
hold219, 71.09, 92.48, 3.92209e-05
FILLER_0_30_137, 71.09, 92.48, 3.92209e-05
FILLER_0_30_141, 71.09, 92.48, 3.92209e-05
_1204_, 71.09, 87.04, 2.01061e-05
_1211_, 71.09, 87.04, 2.01061e-05
_1593_, 71.09, 87.04, 2.01061e-05
FILLER_0_27_139, 71.09, 87.04, 2.01061e-05
FILLER_0_28_135, 71.09, 87.04, 2.01061e-05
FILLER_0_28_151, 71.09, 87.04, 2.01061e-05
FILLER_0_29_144, 71.09, 87.04, 2.01061e-05
_1039_, 71.09, 81.6, 4.34077e-05
_1210_, 71.09, 81.6, 4.34077e-05
_1890_, 71.09, 81.6, 4.34077e-05
FILLER_0_26_135, 71.09, 81.6, 4.34077e-05
FILLER_0_26_141, 71.09, 81.6, 4.34077e-05
_1038_, 71.09, 76.16, 2.65579e-05
_1236_, 71.09, 76.16, 2.65579e-05
hold123, 71.09, 76.16, 2.65579e-05
hold272, 71.09, 76.16, 2.65579e-05
FILLER_0_23_134, 71.09, 76.16, 2.65579e-05
FILLER_0_25_150, 71.09, 76.16, 2.65579e-05
_1899_, 71.09, 70.72, 2.65009e-05
hold147, 71.09, 70.72, 2.65009e-05
FILLER_0_22_149, 71.09, 70.72, 2.65009e-05
_1124_, 71.09, 65.28, 2.13016e-05
_1125_, 71.09, 65.28, 2.13016e-05
_1212_, 71.09, 65.28, 2.13016e-05
_1891_, 71.09, 65.28, 2.13016e-05
FILLER_0_21_145, 71.09, 65.28, 2.13016e-05
_0999_, 71.09, 59.84, 1.43109e-05
_1774_, 71.09, 59.84, 1.43109e-05
_1775_, 71.09, 59.84, 1.43109e-05
_1791_, 71.09, 59.84, 1.43109e-05
_2086_, 71.09, 59.84, 1.43109e-05
hold176, 71.09, 59.84, 1.43109e-05
FILLER_0_18_136, 71.09, 59.84, 1.43109e-05
FILLER_0_19_147, 71.09, 59.84, 1.43109e-05
clkbuf_leaf_23_clk, 71.09, 54.4, 3.15687e-05
FILLER_0_16_152, 71.09, 54.4, 3.15687e-05
_1772_, 71.09, 48.96, 2.07049e-05
_1773_, 71.09, 48.96, 2.07049e-05
_2085_, 71.09, 48.96, 2.07049e-05
hold18, 71.09, 48.96, 2.07049e-05
hold154, 71.09, 48.96, 2.07049e-05
FILLER_0_14_133, 71.09, 48.96, 2.07049e-05
_0963_, 71.09, 43.52, 3.41797e-05
_2009_, 71.09, 43.52, 3.41797e-05
FILLER_0_11_139, 71.09, 43.52, 3.41797e-05
_1474_, 71.09, 38.08, 3.14121e-05
_1475_, 71.09, 38.08, 3.14121e-05
_1600_, 71.09, 38.08, 3.14121e-05
FILLER_0_9_141, 71.09, 38.08, 3.14121e-05
FILLER_0_10_137, 71.09, 38.08, 3.14121e-05
FILLER_0_10_141, 71.09, 38.08, 3.14121e-05
_0936_, 71.09, 32.64, 1.66453e-05
_1777_, 71.09, 32.64, 1.66453e-05
_1814_, 71.09, 32.64, 1.66453e-05
hold77, 71.09, 32.64, 1.66453e-05
FILLER_0_9_149, 71.09, 32.64, 1.66453e-05
_0942_, 71.09, 27.2, 1.57752e-05
_0943_, 71.09, 27.2, 1.57752e-05
hold35, 71.09, 27.2, 1.57752e-05
FILLER_0_6_141, 71.09, 27.2, 1.57752e-05
_0909_, 71.09, 21.76, 2.50382e-06
_0910_, 71.09, 21.76, 2.50382e-06
FILLER_0_5_151, 71.09, 21.76, 2.50382e-06
FILLER_0_2_133, 71.09, 16.32, 1.14633e-07
FILLER_0_0_137, 71.09, 10.88, 1.13739e-07
_1833_, 29.575, 174.08, 2.04459e-05
hold17, 29.575, 174.08, 2.04459e-05
_1074_, 29.575, 168.64, 3.27398e-05
_1075_, 29.575, 168.64, 3.27398e-05
_1458_, 29.575, 168.64, 3.27398e-05
_1993_, 29.575, 168.64, 3.27398e-05
hold67, 29.575, 168.64, 3.27398e-05
FILLER_0_57_43, 29.575, 168.64, 3.27398e-05
FILLER_0_58_40, 29.575, 168.64, 3.27398e-05
FILLER_0_58_59, 29.575, 168.64, 3.27398e-05
_1459_, 29.575, 163.2, 1.7801e-05
_1706_, 29.575, 163.2, 1.7801e-05
_1985_, 29.575, 163.2, 1.7801e-05
_2001_, 29.575, 163.2, 1.7801e-05
hold83, 29.575, 163.2, 1.7801e-05
FILLER_0_55_49, 29.575, 163.2, 1.7801e-05
_1414_, 29.575, 157.76, 1.61224e-05
hold98, 29.575, 157.76, 1.61224e-05
hold223, 29.575, 157.76, 1.61224e-05
FILLER_0_54_61, 29.575, 157.76, 1.61224e-05
_1524_, 29.575, 152.32, 4.19999e-05
_2032_, 29.575, 152.32, 4.19999e-05
FILLER_0_51_47, 29.575, 152.32, 4.19999e-05
FILLER_0_52_53, 29.575, 152.32, 4.19999e-05
_1578_, 29.575, 146.88, 5.09377e-05
_1872_, 29.575, 146.88, 5.09377e-05
_2031_, 29.575, 146.88, 5.09377e-05
_1011_, 29.575, 141.44, 1.77295e-05
_1172_, 29.575, 141.44, 1.77295e-05
_1173_, 29.575, 141.44, 1.77295e-05
_1521_, 29.575, 141.44, 1.77295e-05
_1522_, 29.575, 141.44, 1.77295e-05
hold216, 29.575, 141.44, 1.77295e-05
FILLER_0_47_51, 29.575, 141.44, 1.77295e-05
FILLER_0_48_46, 29.575, 141.44, 1.77295e-05
_1659_, 29.575, 136, 2.57645e-05
_1795_, 29.575, 136, 2.57645e-05
hold40, 29.575, 136, 2.57645e-05
hold201, 29.575, 136, 2.57645e-05
FILLER_0_46_57, 29.575, 136, 2.57645e-05
_1007_, 29.575, 130.56, 1.67952e-05
_1170_, 29.575, 130.56, 1.67952e-05
_1171_, 29.575, 130.56, 1.67952e-05
_1518_, 29.575, 130.56, 1.67952e-05
_1871_, 29.575, 130.56, 1.67952e-05
FILLER_0_44_52, 29.575, 130.56, 1.67952e-05
_1008_, 29.575, 125.12, 2.8142e-05
_2029_, 29.575, 125.12, 2.8142e-05
hold256, 29.575, 125.12, 2.8142e-05
FILLER_0_41_52, 29.575, 125.12, 2.8142e-05
_1015_, 29.575, 119.68, 4.8655e-05
_1042_, 29.575, 119.68, 4.8655e-05
_1517_, 29.575, 119.68, 4.8655e-05
hold192, 29.575, 119.68, 4.8655e-05
FILLER_0_41_57, 29.575, 119.68, 4.8655e-05
_2033_, 29.575, 114.24, 2.057e-05
hold206, 29.575, 114.24, 2.057e-05
hold212, 29.575, 114.24, 2.057e-05
FILLER_0_39_53, 29.575, 114.24, 2.057e-05
_1016_, 29.575, 108.8, 2.46546e-05
_1175_, 29.575, 108.8, 2.46546e-05
_1525_, 29.575, 108.8, 2.46546e-05
_1526_, 29.575, 108.8, 2.46546e-05
FILLER_0_35_51, 29.575, 108.8, 2.46546e-05
FILLER_0_36_50, 29.575, 108.8, 2.46546e-05
FILLER_0_36_58, 29.575, 108.8, 2.46546e-05
_1052_, 29.575, 103.36, 4.39102e-05
_1822_, 29.575, 103.36, 4.39102e-05
_1873_, 29.575, 103.36, 4.39102e-05
hold276, 29.575, 103.36, 4.39102e-05
FILLER_0_33_49, 29.575, 103.36, 4.39102e-05
_1006_, 29.575, 97.92, 1.9673e-05
_1792_, 29.575, 97.92, 1.9673e-05
hold32, 29.575, 97.92, 1.9673e-05
FILLER_0_32_46, 29.575, 97.92, 1.9673e-05
_1005_, 29.575, 92.48, 4.02373e-05
_1021_, 29.575, 92.48, 4.02373e-05
_2028_, 29.575, 92.48, 4.02373e-05
FILLER_0_29_50, 29.575, 92.48, 4.02373e-05
FILLER_0_30_58, 29.575, 92.48, 4.02373e-05
FILLER_0_31_53, 29.575, 92.48, 4.02373e-05
_1018_, 29.575, 87.04, 2.56246e-05
_1019_, 29.575, 87.04, 2.56246e-05
_1798_, 29.575, 87.04, 2.56246e-05
_1799_, 29.575, 87.04, 2.56246e-05
hold57, 29.575, 87.04, 2.56246e-05
_1017_, 29.575, 81.6, 5.3557e-05
_1020_, 29.575, 81.6, 5.3557e-05
hold133, 29.575, 81.6, 5.3557e-05
FILLER_0_25_46, 29.575, 81.6, 5.3557e-05
FILLER_0_26_58, 29.575, 81.6, 5.3557e-05
_0898_, 29.575, 76.16, 2.60567e-05
_1057_, 29.575, 76.16, 2.60567e-05
_2040_, 29.575, 76.16, 2.60567e-05
FILLER_0_23_50, 29.575, 76.16, 2.60567e-05
FILLER_0_25_63, 29.575, 76.16, 2.60567e-05
_0899_, 29.575, 70.72, 2.66919e-05
_0932_, 29.575, 70.72, 2.66919e-05
_1490_, 29.575, 70.72, 2.66919e-05
_2016_, 29.575, 70.72, 2.66919e-05
hold230, 29.575, 70.72, 2.66919e-05
FILLER_0_22_44, 29.575, 70.72, 2.66919e-05
_0916_, 29.575, 65.28, 3.80306e-05
_2048_, 29.575, 65.28, 3.80306e-05
clkbuf_leaf_26_clk, 29.575, 65.28, 3.80306e-05
FILLER_0_21_57, 29.575, 65.28, 3.80306e-05
_0907_, 29.575, 59.84, 9.79582e-06
_0915_, 29.575, 59.84, 9.79582e-06
_1468_, 29.575, 59.84, 9.79582e-06
hold131, 29.575, 59.84, 9.79582e-06
hold188, 29.575, 59.84, 9.79582e-06
FILLER_0_17_49, 29.575, 59.84, 9.79582e-06
FILLER_0_19_57, 29.575, 59.84, 9.79582e-06
_0908_, 29.575, 54.4, 2.45693e-05
_0940_, 29.575, 54.4, 2.45693e-05
_2006_, 29.575, 54.4, 2.45693e-05
_2044_, 29.575, 54.4, 2.45693e-05
FILLER_0_16_57, 29.575, 54.4, 2.45693e-05
_2011_, 29.575, 48.96, 2.24085e-05
hold128, 29.575, 48.96, 2.24085e-05
FILLER_0_14_44, 29.575, 48.96, 2.24085e-05
FILLER_0_14_63, 29.575, 48.96, 2.24085e-05
FILLER_0_15_57, 29.575, 48.96, 2.24085e-05
_1478_, 29.575, 43.52, 4.82171e-05
_1656_, 29.575, 43.52, 4.82171e-05
clkbuf_leaf_25_clk, 29.575, 43.52, 4.82171e-05
hold11, 29.575, 43.52, 4.82171e-05
FILLER_0_11_42, 29.575, 43.52, 4.82171e-05
FILLER_0_12_41, 29.575, 43.52, 4.82171e-05
_0924_, 29.575, 38.08, 3.17359e-05
_0930_, 29.575, 38.08, 3.17359e-05
_2036_, 29.575, 38.08, 3.17359e-05
hold39, 29.575, 38.08, 3.17359e-05
_0890_, 29.575, 32.64, 1.51379e-05
_0891_, 29.575, 32.64, 1.51379e-05
_0931_, 29.575, 32.64, 1.51379e-05
_0947_, 29.575, 32.64, 1.51379e-05
_1779_, 29.575, 32.64, 1.51379e-05
FILLER_0_7_47, 29.575, 32.64, 1.51379e-05
FILLER_0_8_60, 29.575, 32.64, 1.51379e-05
FILLER_0_9_60, 29.575, 32.64, 1.51379e-05
_0913_, 29.575, 27.2, 1.19345e-05
_0946_, 29.575, 27.2, 1.19345e-05
_2047_, 29.575, 27.2, 1.19345e-05
FILLER_0_7_53, 29.575, 27.2, 1.19345e-05
FILLER_0_7_57, 29.575, 27.2, 1.19345e-05
_0914_, 29.575, 21.76, 1.39097e-06
hold138, 29.575, 21.76, 1.39097e-06
FILLER_0_3_51, 29.575, 21.76, 1.39097e-06
FILLER_0_1_51, 29.575, 16.32, 8.82745e-08
FILLER_0_0_53, 29.575, 10.88, 8.8399e-08
PHY_EDGE_ROW_59_Left_120, 5.52, 174.08, 3.37048e-05
PHY_EDGE_ROW_60_Left_121, 5.52, 174.08, 3.37048e-05
input4, 5.52, 174.08, 3.37048e-05
input5, 5.52, 174.08, 3.37048e-05
PHY_EDGE_ROW_59_Right_59, 171.58, 174.08, 1.82358e-05
PHY_EDGE_ROW_60_Right_60, 171.58, 174.08, 1.82358e-05
_1989_, 17.547, 174.08, 3.01577e-05
input6, 17.547, 174.08, 3.01577e-05
hold5, 17.547, 174.08, 3.01577e-05
hold46, 17.547, 174.08, 3.01577e-05
FILLER_0_60_24, 17.547, 174.08, 3.01577e-05
_1442_, 39.953, 174.08, 2.49498e-05
_1444_, 39.953, 174.08, 2.49498e-05
input7, 39.953, 174.08, 2.49498e-05
input8, 39.953, 174.08, 2.49498e-05
_1443_, 50.332, 174.08, 2.72162e-05
_1994_, 50.332, 174.08, 2.72162e-05
input9, 50.332, 174.08, 2.72162e-05
hold267, 50.332, 174.08, 2.72162e-05
_1073_, 60.711, 174.08, 2.38968e-05
_1832_, 60.711, 174.08, 2.38968e-05
input10, 60.711, 174.08, 2.38968e-05
input11, 60.711, 174.08, 2.38968e-05
hold22, 60.711, 174.08, 2.38968e-05
FILLER_0_60_131, 60.711, 174.08, 2.38968e-05
_1440_, 81.468, 174.08, 1.62033e-05
output14, 81.468, 174.08, 1.62033e-05
FILLER_0_59_164, 81.468, 174.08, 1.62033e-05
FILLER_0_60_157, 81.468, 174.08, 1.62033e-05
FILLER_0_60_165, 81.468, 174.08, 1.62033e-05
FILLER_0_60_175, 81.468, 174.08, 1.62033e-05
_1647_, 91.847, 174.08, 1.70745e-05
output15, 91.847, 174.08, 1.70745e-05
FILLER_0_59_186, 91.847, 174.08, 1.70745e-05
FILLER_0_60_187, 91.847, 174.08, 1.70745e-05
_1668_, 102.226, 174.08, 1.66836e-05
output16, 102.226, 174.08, 1.66836e-05
hold1, 102.226, 174.08, 1.66836e-05
FILLER_0_59_205, 102.226, 174.08, 1.66836e-05
output19, 122.983, 174.08, 1.48239e-05
FILLER_0_60_249, 122.983, 174.08, 1.48239e-05
FILLER_0_60_259, 122.983, 174.08, 1.48239e-05
_1403_, 133.362, 174.08, 1.44302e-05
output20, 133.362, 174.08, 1.44302e-05
hold271, 133.362, 174.08, 1.44302e-05
FILLER_0_60_275, 133.362, 174.08, 1.44302e-05
FILLER_0_60_281, 133.362, 174.08, 1.44302e-05
hold193, 143.741, 174.08, 1.39435e-05
FILLER_0_60_309, 143.741, 174.08, 1.39435e-05
_1340_, 162.85, 174.08, 1.82358e-05
_1945_, 162.85, 174.08, 1.82358e-05
input1, 162.85, 174.08, 1.82358e-05
input3, 162.85, 174.08, 1.82358e-05
hold139, 162.85, 174.08, 1.82358e-05
FILLER_0_60_347, 162.85, 174.08, 1.82358e-05
_1066_, 5.52, 168.64, 6.38063e-05
_1434_, 5.52, 168.64, 6.38063e-05
_1829_, 5.52, 168.64, 6.38063e-05
PHY_EDGE_ROW_57_Left_118, 5.52, 168.64, 6.38063e-05
PHY_EDGE_ROW_58_Left_119, 5.52, 168.64, 6.38063e-05
hold50, 5.52, 168.64, 6.38063e-05
PHY_EDGE_ROW_57_Right_57, 171.58, 168.64, 2.14324e-05
PHY_EDGE_ROW_58_Right_58, 171.58, 168.64, 2.14324e-05
_1067_, 17.547, 168.64, 5.88043e-05
_1433_, 17.547, 168.64, 5.88043e-05
_1608_, 17.547, 168.64, 5.88043e-05
clkbuf_leaf_6_clk, 17.547, 168.64, 5.88043e-05
FILLER_0_57_22, 17.547, 168.64, 5.88043e-05
FILLER_0_59_36, 17.547, 168.64, 5.88043e-05
_1077_, 39.953, 168.64, 3.69399e-05
_1441_, 39.953, 168.64, 3.69399e-05
_1834_, 39.953, 168.64, 3.69399e-05
hold72, 39.953, 168.64, 3.69399e-05
FILLER_0_58_74, 39.953, 168.64, 3.69399e-05
_1076_, 50.332, 168.64, 3.68198e-05
hold27, 50.332, 168.64, 3.68198e-05
FILLER_0_59_103, 50.332, 168.64, 3.68198e-05
_1423_, 60.711, 168.64, 3.66998e-05
_1456_, 60.711, 168.64, 3.66998e-05
_1457_, 60.711, 168.64, 3.66998e-05
_1991_, 60.711, 168.64, 3.66998e-05
_2000_, 60.711, 168.64, 3.66998e-05
hold278, 60.711, 168.64, 3.66998e-05
FILLER_0_57_113, 60.711, 168.64, 3.66998e-05
_2065_, 81.468, 168.64, 4.14923e-05
hold218, 81.468, 168.64, 4.14923e-05
hold277, 81.468, 168.64, 4.14923e-05
_1575_, 91.847, 168.64, 5.02874e-05
_1599_, 91.847, 168.64, 5.02874e-05
_2067_, 91.847, 168.64, 5.02874e-05
_2068_, 91.847, 168.64, 5.02874e-05
hold245, 91.847, 168.64, 5.02874e-05
hold288, 91.847, 168.64, 5.02874e-05
_1574_, 102.226, 168.64, 4.83267e-05
_1596_, 102.226, 168.64, 4.83267e-05
hold7, 102.226, 168.64, 4.83267e-05
_1227_, 122.983, 168.64, 5.09034e-05
_1405_, 122.983, 168.64, 5.09034e-05
_1406_, 122.983, 168.64, 5.09034e-05
_1960_, 122.983, 168.64, 5.09034e-05
_1976_, 122.983, 168.64, 5.09034e-05
FILLER_0_58_248, 122.983, 168.64, 5.09034e-05
_1337_, 133.362, 168.64, 4.83061e-05
_1338_, 133.362, 168.64, 4.83061e-05
_1372_, 133.362, 168.64, 4.83061e-05
_1404_, 133.362, 168.64, 4.83061e-05
_1944_, 133.362, 168.64, 4.83061e-05
_1975_, 133.362, 168.64, 4.83061e-05
FILLER_0_59_281, 133.362, 168.64, 4.83061e-05
_1370_, 143.741, 168.64, 3.7071e-05
_1408_, 143.741, 168.64, 3.7071e-05
_1959_, 143.741, 168.64, 3.7071e-05
output21, 143.741, 168.64, 3.7071e-05
hold250, 143.741, 168.64, 3.7071e-05
FILLER_0_58_303, 143.741, 168.64, 3.7071e-05
FILLER_0_58_309, 143.741, 168.64, 3.7071e-05
_1339_, 162.85, 168.64, 2.14324e-05
hold115, 162.85, 168.64, 2.14324e-05
_1450_, 5.52, 163.2, 3.28431e-05
_1451_, 5.52, 163.2, 3.28431e-05
_1997_, 5.52, 163.2, 3.28431e-05
PHY_EDGE_ROW_55_Left_116, 5.52, 163.2, 3.28431e-05
PHY_EDGE_ROW_56_Left_117, 5.52, 163.2, 3.28431e-05
FILLER_0_56_3, 5.52, 163.2, 3.28431e-05
PHY_EDGE_ROW_55_Right_55, 171.58, 163.2, 2.74614e-05
PHY_EDGE_ROW_56_Right_56, 171.58, 163.2, 2.74614e-05
_1416_, 17.547, 163.2, 2.78366e-05
_1417_, 17.547, 163.2, 2.78366e-05
_1448_, 17.547, 163.2, 2.78366e-05
_1981_, 17.547, 163.2, 2.78366e-05
FILLER_0_56_21, 17.547, 163.2, 2.78366e-05
_1424_, 39.953, 163.2, 1.86199e-05
_1425_, 39.953, 163.2, 1.86199e-05
hold198, 39.953, 163.2, 1.86199e-05
FILLER_0_56_81, 39.953, 163.2, 1.86199e-05
_1072_, 50.332, 163.2, 1.94278e-05
_1426_, 50.332, 163.2, 1.94278e-05
_1427_, 50.332, 163.2, 1.94278e-05
_1721_, 50.332, 163.2, 1.94278e-05
hold208, 50.332, 163.2, 1.94278e-05
_1679_, 60.711, 163.2, 1.98761e-05
_1984_, 60.711, 163.2, 1.98761e-05
hold270, 60.711, 163.2, 1.98761e-05
ANTENNA_2, 60.711, 163.2, 1.98761e-05
FILLER_0_56_113, 60.711, 163.2, 1.98761e-05
FILLER_0_57_128, 60.711, 163.2, 1.98761e-05
_1421_, 81.468, 163.2, 2.00355e-05
_1445_, 81.468, 163.2, 2.00355e-05
_1446_, 81.468, 163.2, 2.00355e-05
_1681_, 81.468, 163.2, 2.00355e-05
_1983_, 81.468, 163.2, 2.00355e-05
hold234, 81.468, 163.2, 2.00355e-05
FILLER_0_55_164, 81.468, 163.2, 2.00355e-05
_1667_, 91.847, 163.2, 1.92137e-05
FILLER_0_55_185, 91.847, 163.2, 1.92137e-05
FILLER_0_56_189, 91.847, 163.2, 1.92137e-05
_0971_, 102.226, 163.2, 1.78407e-05
_1635_, 102.226, 163.2, 1.78407e-05
_1725_, 102.226, 163.2, 1.78407e-05
FILLER_0_55_202, 102.226, 163.2, 1.78407e-05
FILLER_0_56_209, 102.226, 163.2, 1.78407e-05
FILLER_0_57_215, 102.226, 163.2, 1.78407e-05
_1371_, 122.983, 163.2, 2.54136e-05
_1677_, 122.983, 163.2, 2.54136e-05
hold62, 122.983, 163.2, 2.54136e-05
hold227, 122.983, 163.2, 2.54136e-05
FILLER_0_55_255, 122.983, 163.2, 2.54136e-05
FILLER_0_56_253, 122.983, 163.2, 2.54136e-05
_1354_, 133.362, 163.2, 3.46891e-05
_1678_, 133.362, 163.2, 3.46891e-05
_1952_, 133.362, 163.2, 3.46891e-05
FILLER_0_55_269, 133.362, 163.2, 3.46891e-05
FILLER_0_55_277, 133.362, 163.2, 3.46891e-05
_1369_, 143.741, 163.2, 3.89585e-05
_1652_, 143.741, 163.2, 3.89585e-05
clkbuf_leaf_12_clk, 143.741, 163.2, 3.89585e-05
hold167, 143.741, 163.2, 3.89585e-05
_1356_, 162.85, 163.2, 2.74614e-05
_1357_, 162.85, 163.2, 2.74614e-05
_1953_, 162.85, 163.2, 2.74614e-05
hold158, 162.85, 163.2, 2.74614e-05
FILLER_0_57_345, 162.85, 163.2, 2.74614e-05
_1449_, 5.52, 157.76, 2.69832e-05
_1996_, 5.52, 157.76, 2.69832e-05
PHY_EDGE_ROW_53_Left_114, 5.52, 157.76, 2.69832e-05
PHY_EDGE_ROW_54_Left_115, 5.52, 157.76, 2.69832e-05
input13, 5.52, 157.76, 2.69832e-05
hold112, 5.52, 157.76, 2.69832e-05
FILLER_0_54_6, 5.52, 157.76, 2.69832e-05
_1334_, 171.58, 157.76, 5.02544e-05
PHY_EDGE_ROW_53_Right_53, 171.58, 157.76, 5.02544e-05
PHY_EDGE_ROW_54_Right_54, 171.58, 157.76, 5.02544e-05
_1415_, 17.547, 157.76, 2.15548e-05
hold8, 17.547, 157.76, 2.15548e-05
hold178, 17.547, 157.76, 2.15548e-05
FILLER_0_54_29, 17.547, 157.76, 2.15548e-05
_1460_, 39.953, 157.76, 2.46567e-05
_1461_, 39.953, 157.76, 2.46567e-05
_2002_, 39.953, 157.76, 2.46567e-05
hold153, 39.953, 157.76, 2.46567e-05
FILLER_0_54_85, 39.953, 157.76, 2.46567e-05
_1986_, 50.332, 157.76, 2.88712e-05
_1422_, 60.711, 157.76, 2.87616e-05
_1436_, 60.711, 157.76, 2.87616e-05
_1452_, 60.711, 157.76, 2.87616e-05
_1680_, 60.711, 157.76, 2.87616e-05
_1420_, 81.468, 157.76, 2.65385e-05
_1428_, 81.468, 157.76, 2.65385e-05
_1429_, 81.468, 157.76, 2.65385e-05
hold14, 81.468, 157.76, 2.65385e-05
FILLER_0_55_173, 81.468, 157.76, 2.65385e-05
_1650_, 91.847, 157.76, 2.44321e-05
_1654_, 91.847, 157.76, 2.44321e-05
_1655_, 91.847, 157.76, 2.44321e-05
FILLER_0_54_182, 91.847, 157.76, 2.44321e-05
FILLER_0_54_192, 91.847, 157.76, 2.44321e-05
_1594_, 102.226, 157.76, 2.13943e-05
_1682_, 102.226, 157.76, 2.13943e-05
_1683_, 102.226, 157.76, 2.13943e-05
_1694_, 102.226, 157.76, 2.13943e-05
_1741_, 102.226, 157.76, 2.13943e-05
_1742_, 102.226, 157.76, 2.13943e-05
FILLER_0_53_204, 102.226, 157.76, 2.13943e-05
_1676_, 122.983, 157.76, 2.79579e-05
_2024_, 122.983, 157.76, 2.79579e-05
hold94, 122.983, 157.76, 2.79579e-05
FILLER_0_54_248, 122.983, 157.76, 2.79579e-05
FILLER_0_54_253, 122.983, 157.76, 2.79579e-05
_1224_, 133.362, 157.76, 3.21769e-05
_1243_, 133.362, 157.76, 3.21769e-05
_1336_, 133.362, 157.76, 3.21769e-05
_1355_, 133.362, 157.76, 3.21769e-05
_1653_, 133.362, 157.76, 3.21769e-05
_1943_, 133.362, 157.76, 3.21769e-05
_1335_, 143.741, 157.76, 3.04734e-05
_1651_, 143.741, 157.76, 3.04734e-05
hold207, 143.741, 157.76, 3.04734e-05
FILLER_0_54_304, 143.741, 157.76, 3.04734e-05
FILLER_0_54_309, 143.741, 157.76, 3.04734e-05
_1351_, 162.85, 157.76, 5.02544e-05
_1950_, 162.85, 157.76, 5.02544e-05
clkbuf_leaf_13_clk, 162.85, 157.76, 5.02544e-05
hold148, 162.85, 157.76, 5.02544e-05
FILLER_0_53_333, 162.85, 157.76, 5.02544e-05
_1064_, 5.52, 152.32, 6.24181e-05
_1065_, 5.52, 152.32, 6.24181e-05
_1828_, 5.52, 152.32, 6.24181e-05
PHY_EDGE_ROW_51_Left_112, 5.52, 152.32, 6.24181e-05
PHY_EDGE_ROW_52_Left_113, 5.52, 152.32, 6.24181e-05
FILLER_0_52_3, 5.52, 152.32, 6.24181e-05
PHY_EDGE_ROW_51_Right_51, 171.58, 152.32, 2.17259e-05
PHY_EDGE_ROW_52_Right_52, 171.58, 152.32, 2.17259e-05
_1431_, 17.547, 152.32, 5.7416e-05
_1432_, 17.547, 152.32, 5.7416e-05
_1581_, 17.547, 152.32, 5.7416e-05
_1980_, 17.547, 152.32, 5.7416e-05
_1988_, 17.547, 152.32, 5.7416e-05
FILLER_0_52_24, 17.547, 152.32, 5.7416e-05
FILLER_0_52_32, 17.547, 152.32, 5.7416e-05
_1069_, 39.953, 152.32, 6.11334e-05
_1523_, 39.953, 152.32, 6.11334e-05
_1684_, 39.953, 152.32, 6.11334e-05
_1830_, 39.953, 152.32, 6.11334e-05
FILLER_0_52_73, 39.953, 152.32, 6.11334e-05
FILLER_0_52_81, 39.953, 152.32, 6.11334e-05
_1068_, 50.332, 152.32, 7.48587e-05
_1620_, 50.332, 152.32, 7.48587e-05
_1998_, 50.332, 152.32, 7.48587e-05
clkbuf_leaf_7_clk, 50.332, 152.32, 7.48587e-05
hold12, 50.332, 152.32, 7.48587e-05
FILLER_0_51_90, 50.332, 152.32, 7.48587e-05
_1621_, 60.711, 152.32, 5.7192e-05
_1990_, 60.711, 152.32, 5.7192e-05
hold283, 60.711, 152.32, 5.7192e-05
FILLER_0_51_113, 60.711, 152.32, 5.7192e-05
_1078_, 81.468, 152.32, 3.56281e-05
_1079_, 81.468, 152.32, 3.56281e-05
_1737_, 81.468, 152.32, 3.56281e-05
_1987_, 81.468, 152.32, 3.56281e-05
FILLER_0_51_161, 81.468, 152.32, 3.56281e-05
FILLER_0_52_166, 81.468, 152.32, 3.56281e-05
_1636_, 91.847, 152.32, 3.14136e-05
_1687_, 91.847, 152.32, 3.14136e-05
hold162, 91.847, 152.32, 3.14136e-05
FILLER_0_51_181, 91.847, 152.32, 3.14136e-05
FILLER_0_52_185, 91.847, 152.32, 3.14136e-05
FILLER_0_52_193, 91.847, 152.32, 3.14136e-05
FILLER_0_52_197, 91.847, 152.32, 3.14136e-05
_1689_, 102.226, 152.32, 2.66315e-05
_1691_, 102.226, 152.32, 2.66315e-05
_1692_, 102.226, 152.32, 2.66315e-05
_1693_, 102.226, 152.32, 2.66315e-05
FILLER_0_51_199, 102.226, 152.32, 2.66315e-05
FILLER_0_52_220, 102.226, 152.32, 2.66315e-05
FILLER_0_53_216, 102.226, 152.32, 2.66315e-05
_1242_, 122.983, 152.32, 2.85049e-05
_1506_, 122.983, 152.32, 2.85049e-05
_1902_, 122.983, 152.32, 2.85049e-05
hold220, 122.983, 152.32, 2.85049e-05
FILLER_0_52_262, 122.983, 152.32, 2.85049e-05
_1503_, 133.362, 152.32, 3.084e-05
_1634_, 133.362, 152.32, 3.084e-05
hold145, 133.362, 152.32, 3.084e-05
FILLER_0_51_274, 133.362, 152.32, 3.084e-05
_1221_, 143.741, 152.32, 3.08566e-05
_1398_, 143.741, 152.32, 3.08566e-05
_1618_, 143.741, 152.32, 3.08566e-05
_1972_, 143.741, 152.32, 3.08566e-05
FILLER_0_52_304, 143.741, 152.32, 3.08566e-05
FILLER_0_52_309, 143.741, 152.32, 3.08566e-05
_1333_, 162.85, 152.32, 2.17259e-05
_1350_, 162.85, 152.32, 2.17259e-05
_1642_, 162.85, 152.32, 2.17259e-05
hold171, 162.85, 152.32, 2.17259e-05
_1014_, 5.52, 146.88, 8.62018e-05
_1796_, 5.52, 146.88, 8.62018e-05
PHY_EDGE_ROW_49_Left_110, 5.52, 146.88, 8.62018e-05
PHY_EDGE_ROW_50_Left_111, 5.52, 146.88, 8.62018e-05
hold119, 5.52, 146.88, 8.62018e-05
FILLER_0_51_3, 5.52, 146.88, 8.62018e-05
PHY_EDGE_ROW_49_Right_49, 171.58, 146.88, 1.93339e-05
PHY_EDGE_ROW_50_Right_50, 171.58, 146.88, 1.93339e-05
_1010_, 17.547, 146.88, 8.11997e-05
_1013_, 17.547, 146.88, 8.11997e-05
clkbuf_leaf_5_clk, 17.547, 146.88, 8.11997e-05
hold110, 17.547, 146.88, 8.11997e-05
hold111, 17.547, 146.88, 8.11997e-05
hold118, 17.547, 146.88, 8.11997e-05
FILLER_0_50_24, 17.547, 146.88, 8.11997e-05
_1033_, 39.953, 146.88, 5.63444e-05
_1804_, 39.953, 146.88, 5.63444e-05
hold78, 39.953, 146.88, 5.63444e-05
FILLER_0_50_85, 39.953, 146.88, 5.63444e-05
_1453_, 50.332, 146.88, 5.2654e-05
_1520_, 50.332, 146.88, 5.2654e-05
_2030_, 50.332, 146.88, 5.2654e-05
hold186, 50.332, 146.88, 5.2654e-05
hold269, 50.332, 146.88, 5.2654e-05
FILLER_0_49_88, 50.332, 146.88, 5.2654e-05
FILLER_0_50_100, 50.332, 146.88, 5.2654e-05
FILLER_0_51_99, 50.332, 146.88, 5.2654e-05
FILLER_0_51_108, 50.332, 146.88, 5.2654e-05
_1435_, 60.711, 146.88, 4.15077e-05
_1870_, 60.711, 146.88, 4.15077e-05
hold279, 60.711, 146.88, 4.15077e-05
_0984_, 81.468, 146.88, 3.0506e-05
_1418_, 81.468, 146.88, 3.0506e-05
_1419_, 81.468, 146.88, 3.0506e-05
_1982_, 81.468, 146.88, 3.0506e-05
FILLER_0_49_164, 81.468, 146.88, 3.0506e-05
_1619_, 91.847, 146.88, 2.97414e-05
_1644_, 91.847, 146.88, 2.97414e-05
_1646_, 91.847, 146.88, 2.97414e-05
_1686_, 91.847, 146.88, 2.97414e-05
hold248, 91.847, 146.88, 2.97414e-05
FILLER_0_50_191, 91.847, 146.88, 2.97414e-05
_1643_, 102.226, 146.88, 2.78927e-05
_1711_, 102.226, 146.88, 2.78927e-05
_2070_, 102.226, 146.88, 2.78927e-05
FILLER_0_49_199, 102.226, 146.88, 2.78927e-05
_1384_, 122.983, 146.88, 2.39588e-05
_1641_, 122.983, 146.88, 2.39588e-05
hold180, 122.983, 146.88, 2.39588e-05
FILLER_0_50_245, 122.983, 146.88, 2.39588e-05
FILLER_0_50_253, 122.983, 146.88, 2.39588e-05
_1249_, 133.362, 146.88, 2.66566e-05
_1502_, 133.362, 146.88, 2.66566e-05
_2022_, 133.362, 146.88, 2.66566e-05
FILLER_0_49_273, 133.362, 146.88, 2.66566e-05
FILLER_0_50_279, 133.362, 146.88, 2.66566e-05
_0964_, 143.741, 146.88, 2.35145e-05
_1397_, 143.741, 146.88, 2.35145e-05
hold74, 143.741, 146.88, 2.35145e-05
FILLER_0_49_297, 143.741, 146.88, 2.35145e-05
FILLER_0_50_305, 143.741, 146.88, 2.35145e-05
_1942_, 162.85, 146.88, 1.93339e-05
hold97, 162.85, 146.88, 1.93339e-05
hold100, 162.85, 146.88, 1.93339e-05
_1049_, 5.52, 141.44, 3.27898e-05
_1818_, 5.52, 141.44, 3.27898e-05
PHY_EDGE_ROW_47_Left_108, 5.52, 141.44, 3.27898e-05
PHY_EDGE_ROW_48_Left_109, 5.52, 141.44, 3.27898e-05
FILLER_0_48_3, 5.52, 141.44, 3.27898e-05
FILLER_0_48_9, 5.52, 141.44, 3.27898e-05
FILLER_0_49_3, 5.52, 141.44, 3.27898e-05
FILLER_0_49_11, 5.52, 141.44, 3.27898e-05
PHY_EDGE_ROW_47_Right_47, 171.58, 141.44, 2.23545e-05
PHY_EDGE_ROW_48_Right_48, 171.58, 141.44, 2.23545e-05
FILLER_0_48_355, 171.58, 141.44, 2.23545e-05
_1009_, 17.547, 141.44, 2.77877e-05
_1044_, 17.547, 141.44, 2.77877e-05
_1794_, 17.547, 141.44, 2.77877e-05
_0990_, 39.953, 141.44, 2.11754e-05
_1032_, 39.953, 141.44, 2.11754e-05
FILLER_0_48_71, 39.953, 141.44, 2.11754e-05
FILLER_0_48_79, 39.953, 141.44, 2.11754e-05
_1519_, 50.332, 141.44, 2.18932e-05
_1623_, 50.332, 141.44, 2.18932e-05
_2083_, 50.332, 141.44, 2.18932e-05
FILLER_0_47_89, 50.332, 141.44, 2.18932e-05
FILLER_0_48_94, 50.332, 141.44, 2.18932e-05
_1168_, 60.711, 141.44, 1.82729e-05
_1169_, 60.711, 141.44, 1.82729e-05
_1624_, 60.711, 141.44, 1.82729e-05
hold203, 60.711, 141.44, 1.82729e-05
hold241, 60.711, 141.44, 1.82729e-05
FILLER_0_47_109, 60.711, 141.44, 1.82729e-05
_1622_, 81.468, 141.44, 1.9732e-05
_2066_, 81.468, 141.44, 1.9732e-05
hold221, 81.468, 141.44, 1.9732e-05
FILLER_0_47_159, 81.468, 141.44, 1.9732e-05
FILLER_0_48_164, 81.468, 141.44, 1.9732e-05
FILLER_0_49_169, 81.468, 141.44, 1.9732e-05
_1615_, 91.847, 141.44, 2.04107e-05
_1633_, 91.847, 141.44, 2.04107e-05
_1638_, 91.847, 141.44, 2.04107e-05
_1645_, 91.847, 141.44, 2.04107e-05
hold2, 91.847, 141.44, 2.04107e-05
FILLER_0_48_183, 91.847, 141.44, 2.04107e-05
_1597_, 102.226, 141.44, 1.92873e-05
_1710_, 102.226, 141.44, 1.92873e-05
FILLER_0_48_221, 102.226, 141.44, 1.92873e-05
FILLER_0_49_217, 102.226, 141.44, 1.92873e-05
_1092_, 122.983, 141.44, 2.45966e-05
_1097_, 122.983, 141.44, 2.45966e-05
_1385_, 122.983, 141.44, 2.45966e-05
_1966_, 122.983, 141.44, 2.45966e-05
hold237, 122.983, 141.44, 2.45966e-05
FILLER_0_48_249, 122.983, 141.44, 2.45966e-05
_1248_, 133.362, 141.44, 2.73812e-05
_1905_, 133.362, 141.44, 2.73812e-05
hold76, 133.362, 141.44, 2.73812e-05
hold114, 133.362, 141.44, 2.73812e-05
FILLER_0_48_270, 133.362, 141.44, 2.73812e-05
_1364_, 143.741, 141.44, 2.58454e-05
_1576_, 143.741, 141.44, 2.58454e-05
_1956_, 143.741, 141.44, 2.58454e-05
hold103, 143.741, 141.44, 2.58454e-05
hold165, 143.741, 141.44, 2.58454e-05
FILLER_0_49_304, 143.741, 141.44, 2.58454e-05
_1329_, 162.85, 141.44, 2.23545e-05
_1330_, 162.85, 141.44, 2.23545e-05
_1940_, 162.85, 141.44, 2.23545e-05
hold185, 162.85, 141.44, 2.23545e-05
FILLER_0_47_333, 162.85, 141.44, 2.23545e-05
FILLER_0_47_337, 162.85, 141.44, 2.23545e-05
_1048_, 5.52, 136, 3.58223e-05
_1820_, 5.52, 136, 3.58223e-05
PHY_EDGE_ROW_45_Left_106, 5.52, 136, 3.58223e-05
PHY_EDGE_ROW_46_Left_107, 5.52, 136, 3.58223e-05
FILLER_0_46_3, 5.52, 136, 3.58223e-05
PHY_EDGE_ROW_45_Right_45, 171.58, 136, 1.70901e-05
PHY_EDGE_ROW_46_Right_46, 171.58, 136, 1.70901e-05
FILLER_0_45_353, 171.58, 136, 1.70901e-05
_1012_, 17.547, 136, 3.07937e-05
_1045_, 17.547, 136, 3.07937e-05
_1047_, 17.547, 136, 3.07937e-05
hold41, 17.547, 136, 3.07937e-05
FILLER_0_45_15, 17.547, 136, 3.07937e-05
FILLER_0_45_23, 17.547, 136, 3.07937e-05
FILLER_0_46_24, 17.547, 136, 3.07937e-05
FILLER_0_46_29, 17.547, 136, 3.07937e-05
FILLER_0_47_28, 17.547, 136, 3.07937e-05
_1803_, 39.953, 136, 3.88792e-05
FILLER_0_46_85, 39.953, 136, 3.88792e-05
_1768_, 50.332, 136, 4.42566e-05
_1769_, 50.332, 136, 4.42566e-05
_1788_, 50.332, 136, 4.42566e-05
hold181, 50.332, 136, 4.42566e-05
FILLER_0_45_89, 50.332, 136, 4.42566e-05
_1028_, 60.711, 136, 4.2166e-05
_1029_, 60.711, 136, 4.2166e-05
_1685_, 60.711, 136, 4.2166e-05
_1802_, 60.711, 136, 4.2166e-05
FILLER_0_46_109, 60.711, 136, 4.2166e-05
FILLER_0_46_121, 60.711, 136, 4.2166e-05
_1616_, 81.468, 136, 3.4838e-05
_1630_, 81.468, 136, 3.4838e-05
_1753_, 81.468, 136, 3.4838e-05
FILLER_0_46_156, 81.468, 136, 3.4838e-05
FILLER_0_46_168, 81.468, 136, 3.4838e-05
FILLER_0_46_176, 81.468, 136, 3.4838e-05
FILLER_0_47_169, 81.468, 136, 3.4838e-05
_1661_, 91.847, 136, 3.97421e-05
_1666_, 91.847, 136, 3.97421e-05
_1756_, 91.847, 136, 3.97421e-05
_2077_, 91.847, 136, 3.97421e-05
FILLER_0_45_177, 91.847, 136, 3.97421e-05
FILLER_0_46_197, 91.847, 136, 3.97421e-05
FILLER_0_47_190, 91.847, 136, 3.97421e-05
_0972_, 102.226, 136, 3.77458e-05
_1583_, 102.226, 136, 3.77458e-05
_1614_, 102.226, 136, 3.77458e-05
_1709_, 102.226, 136, 3.77458e-05
_1744_, 102.226, 136, 3.77458e-05
_1746_, 102.226, 136, 3.77458e-05
FILLER_0_47_219, 102.226, 136, 3.77458e-05
_1240_, 122.983, 136, 3.34355e-05
_1390_, 122.983, 136, 3.34355e-05
_1391_, 122.983, 136, 3.34355e-05
_1969_, 122.983, 136, 3.34355e-05
_1508_, 133.362, 136, 2.79663e-05
_1696_, 133.362, 136, 2.79663e-05
FILLER_0_45_272, 133.362, 136, 2.79663e-05
FILLER_0_47_281, 133.362, 136, 2.79663e-05
_1363_, 143.741, 136, 2.08984e-05
_1400_, 143.741, 136, 2.08984e-05
_1509_, 143.741, 136, 2.08984e-05
FILLER_0_46_297, 143.741, 136, 2.08984e-05
FILLER_0_46_305, 143.741, 136, 2.08984e-05
_1348_, 162.85, 136, 1.70901e-05
_1349_, 162.85, 136, 1.70901e-05
_1949_, 162.85, 136, 1.70901e-05
hold156, 162.85, 136, 1.70901e-05
FILLER_0_46_344, 162.85, 136, 1.70901e-05
_2055_, 5.52, 130.56, 3.18417e-05
PHY_EDGE_ROW_43_Left_104, 5.52, 130.56, 3.18417e-05
PHY_EDGE_ROW_44_Left_105, 5.52, 130.56, 3.18417e-05
hold29, 5.52, 130.56, 3.18417e-05
_1332_, 171.58, 130.56, 1.67833e-05
PHY_EDGE_ROW_43_Right_43, 171.58, 130.56, 1.67833e-05
PHY_EDGE_ROW_44_Right_44, 171.58, 130.56, 1.67833e-05
FILLER_0_43_355, 171.58, 130.56, 1.67833e-05
_1046_, 17.547, 130.56, 2.68332e-05
_1546_, 17.547, 130.56, 2.68332e-05
_1819_, 17.547, 130.56, 2.68332e-05
_0993_, 39.953, 130.56, 2.10861e-05
_1030_, 39.953, 130.56, 2.10861e-05
hold190, 39.953, 130.56, 2.10861e-05
hold259, 39.953, 130.56, 2.10861e-05
_0991_, 50.332, 130.56, 2.25557e-05
_0992_, 50.332, 130.56, 2.25557e-05
hold89, 50.332, 130.56, 2.25557e-05
FILLER_0_45_108, 50.332, 130.56, 2.25557e-05
_1109_, 60.711, 130.56, 2.40214e-05
_1112_, 60.711, 130.56, 2.40214e-05
_1113_, 60.711, 130.56, 2.40214e-05
hold70, 60.711, 130.56, 2.40214e-05
FILLER_0_44_116, 60.711, 130.56, 2.40214e-05
FILLER_0_44_131, 60.711, 130.56, 2.40214e-05
_1751_, 81.468, 130.56, 3.24815e-05
_1754_, 81.468, 130.56, 3.24815e-05
_2076_, 81.468, 130.56, 3.24815e-05
hold187, 81.468, 130.56, 3.24815e-05
FILLER_0_44_158, 81.468, 130.56, 3.24815e-05
_0974_, 91.847, 130.56, 3.31485e-05
_1022_, 91.847, 130.56, 3.31485e-05
_1138_, 91.847, 130.56, 3.31485e-05
_1755_, 91.847, 130.56, 3.31485e-05
FILLER_0_44_180, 91.847, 130.56, 3.31485e-05
FILLER_0_44_193, 91.847, 130.56, 3.31485e-05
FILLER_0_45_196, 91.847, 130.56, 3.31485e-05
_0967_, 102.226, 130.56, 2.68967e-05
_0970_, 102.226, 130.56, 2.68967e-05
_1327_, 102.226, 130.56, 2.68967e-05
_1700_, 102.226, 130.56, 2.68967e-05
_1757_, 102.226, 130.56, 2.68967e-05
_1758_, 102.226, 130.56, 2.68967e-05
FILLER_0_44_218, 102.226, 130.56, 2.68967e-05
_1241_, 122.983, 130.56, 2.48189e-05
_1901_, 122.983, 130.56, 2.48189e-05
hold58, 122.983, 130.56, 2.48189e-05
hold195, 122.983, 130.56, 2.48189e-05
_1501_, 133.362, 130.56, 2.68751e-05
_2025_, 133.362, 130.56, 2.68751e-05
hold177, 133.362, 130.56, 2.68751e-05
FILLER_0_44_269, 133.362, 130.56, 2.68751e-05
FILLER_0_44_289, 133.362, 130.56, 2.68751e-05
FILLER_0_45_281, 133.362, 130.56, 2.68751e-05
_1399_, 143.741, 130.56, 2.2174e-05
_1973_, 143.741, 130.56, 2.2174e-05
hold233, 143.741, 130.56, 2.2174e-05
FILLER_0_45_303, 143.741, 130.56, 2.2174e-05
_1941_, 162.85, 130.56, 1.67833e-05
FILLER_0_43_337, 162.85, 130.56, 1.67833e-05
_1543_, 5.52, 125.12, 4.35776e-05
_2054_, 5.52, 125.12, 4.35776e-05
PHY_EDGE_ROW_41_Left_102, 5.52, 125.12, 4.35776e-05
PHY_EDGE_ROW_42_Left_103, 5.52, 125.12, 4.35776e-05
FILLER_0_42_3, 5.52, 125.12, 4.35776e-05
PHY_EDGE_ROW_41_Right_41, 171.58, 125.12, 3.40819e-05
PHY_EDGE_ROW_42_Right_42, 171.58, 125.12, 3.40819e-05
FILLER_0_42_354, 171.58, 125.12, 3.40819e-05
_1538_, 17.547, 125.12, 3.85576e-05
_1541_, 17.547, 125.12, 3.85576e-05
_1542_, 17.547, 125.12, 3.85576e-05
_1544_, 17.547, 125.12, 3.85576e-05
_1545_, 17.547, 125.12, 3.85576e-05
_1793_, 17.547, 125.12, 3.85576e-05
hold21, 17.547, 125.12, 3.85576e-05
hold28, 17.547, 125.12, 3.85576e-05
hold140, 17.547, 125.12, 3.85576e-05
_1031_, 39.953, 125.12, 4.03826e-05
_1167_, 39.953, 125.12, 4.03826e-05
_1607_, 39.953, 125.12, 4.03826e-05
_1869_, 39.953, 125.12, 4.03826e-05
hold209, 39.953, 125.12, 4.03826e-05
FILLER_0_41_71, 39.953, 125.12, 4.03826e-05
_1801_, 50.332, 125.12, 4.58866e-05
_1848_, 50.332, 125.12, 4.58866e-05
FILLER_0_43_102, 50.332, 125.12, 4.58866e-05
_1108_, 60.711, 125.12, 3.94795e-05
_1846_, 60.711, 125.12, 3.94795e-05
_1856_, 60.711, 125.12, 3.94795e-05
FILLER_0_42_122, 60.711, 125.12, 3.94795e-05
_1664_, 81.468, 125.12, 3.18107e-05
_1752_, 81.468, 125.12, 3.18107e-05
_2075_, 81.468, 125.12, 3.18107e-05
FILLER_0_41_154, 81.468, 125.12, 3.18107e-05
_1084_, 91.847, 125.12, 3.15686e-05
_1085_, 91.847, 125.12, 3.15686e-05
_1326_, 91.847, 125.12, 3.15686e-05
_1413_, 91.847, 125.12, 3.15686e-05
FILLER_0_42_191, 91.847, 125.12, 3.15686e-05
_1582_, 102.226, 125.12, 2.65167e-05
_1613_, 102.226, 125.12, 2.65167e-05
_1665_, 102.226, 125.12, 2.65167e-05
_1675_, 102.226, 125.12, 2.65167e-05
FILLER_0_41_207, 102.226, 125.12, 2.65167e-05
FILLER_0_43_220, 102.226, 125.12, 2.65167e-05
_1382_, 122.983, 125.12, 3.16159e-05
_1383_, 122.983, 125.12, 3.16159e-05
_1606_, 122.983, 125.12, 3.16159e-05
_1965_, 122.983, 125.12, 3.16159e-05
hold157, 122.983, 125.12, 3.16159e-05
_1500_, 133.362, 125.12, 3.78363e-05
_1612_, 133.362, 125.12, 3.78363e-05
_2021_, 133.362, 125.12, 3.78363e-05
FILLER_0_42_272, 133.362, 125.12, 3.78363e-05
_1294_, 143.741, 125.12, 3.82772e-05
_1674_, 143.741, 125.12, 3.82772e-05
_1957_, 143.741, 125.12, 3.82772e-05
hold175, 143.741, 125.12, 3.82772e-05
FILLER_0_42_301, 143.741, 125.12, 3.82772e-05
FILLER_0_43_307, 143.741, 125.12, 3.82772e-05
_1276_, 162.85, 125.12, 3.40819e-05
_1277_, 162.85, 125.12, 3.40819e-05
_1331_, 162.85, 125.12, 3.40819e-05
_1580_, 162.85, 125.12, 3.40819e-05
hold172, 162.85, 125.12, 3.40819e-05
_2056_, 5.52, 119.68, 9.38746e-05
PHY_EDGE_ROW_39_Left_100, 5.52, 119.68, 9.38746e-05
PHY_EDGE_ROW_40_Left_101, 5.52, 119.68, 9.38746e-05
FILLER_0_41_3, 5.52, 119.68, 9.38746e-05
FILLER_0_41_11, 5.52, 119.68, 9.38746e-05
PHY_EDGE_ROW_39_Right_39, 171.58, 119.68, 1.76413e-05
PHY_EDGE_ROW_40_Right_40, 171.58, 119.68, 1.76413e-05
FILLER_0_39_353, 171.58, 119.68, 1.76413e-05
_1043_, 17.547, 119.68, 8.88725e-05
_1549_, 17.547, 119.68, 8.88725e-05
_1550_, 17.547, 119.68, 8.88725e-05
_1817_, 17.547, 119.68, 8.88725e-05
clkbuf_leaf_4_clk, 17.547, 119.68, 8.88725e-05
FILLER_0_39_15, 17.547, 119.68, 8.88725e-05
_1026_, 39.953, 119.68, 5.90186e-05
_1166_, 39.953, 119.68, 5.90186e-05
_1027_, 50.332, 119.68, 6.76861e-05
_1771_, 50.332, 119.68, 6.76861e-05
clkbuf_leaf_3_clk, 50.332, 119.68, 6.76861e-05
hold87, 50.332, 119.68, 6.76861e-05
FILLER_0_39_89, 50.332, 119.68, 6.76861e-05
_1115_, 60.711, 119.68, 5.0347e-05
_1130_, 60.711, 119.68, 5.0347e-05
_1131_, 60.711, 119.68, 5.0347e-05
_1849_, 60.711, 119.68, 5.0347e-05
hold226, 60.711, 119.68, 5.0347e-05
FILLER_0_40_126, 60.711, 119.68, 5.0347e-05
_0975_, 81.468, 119.68, 3.18911e-05
_0976_, 81.468, 119.68, 3.18911e-05
_1082_, 81.468, 119.68, 3.18911e-05
_1120_, 81.468, 119.68, 3.18911e-05
_1161_, 81.468, 119.68, 3.18911e-05
_1598_, 81.468, 119.68, 3.18911e-05
FILLER_0_40_171, 81.468, 119.68, 3.18911e-05
_0968_, 91.847, 119.68, 3.23529e-05
_1157_, 91.847, 119.68, 3.23529e-05
_1158_, 91.847, 119.68, 3.23529e-05
_1256_, 91.847, 119.68, 3.23529e-05
FILLER_0_41_192, 91.847, 119.68, 3.23529e-05
_1257_, 102.226, 119.68, 2.88152e-05
_1629_, 102.226, 119.68, 2.88152e-05
_1747_, 102.226, 119.68, 2.88152e-05
_1748_, 102.226, 119.68, 2.88152e-05
max_cap22, 102.226, 119.68, 2.88152e-05
FILLER_0_40_217, 102.226, 119.68, 2.88152e-05
FILLER_0_41_221, 102.226, 119.68, 2.88152e-05
_1264_, 122.983, 119.68, 2.22482e-05
_1497_, 122.983, 119.68, 2.22482e-05
FILLER_0_40_248, 122.983, 119.68, 2.22482e-05
FILLER_0_40_253, 122.983, 119.68, 2.22482e-05
FILLER_0_40_266, 122.983, 119.68, 2.22482e-05
_1284_, 133.362, 119.68, 2.38229e-05
_1285_, 133.362, 119.68, 2.38229e-05
_1626_, 133.362, 119.68, 2.38229e-05
_1920_, 133.362, 119.68, 2.38229e-05
FILLER_0_40_274, 133.362, 119.68, 2.38229e-05
FILLER_0_41_281, 133.362, 119.68, 2.38229e-05
_1297_, 143.741, 119.68, 2.10769e-05
_1298_, 143.741, 119.68, 2.10769e-05
_1926_, 143.741, 119.68, 2.10769e-05
hold44, 143.741, 119.68, 2.10769e-05
FILLER_0_39_298, 143.741, 119.68, 2.10769e-05
FILLER_0_40_296, 143.741, 119.68, 2.10769e-05
_1260_, 162.85, 119.68, 1.76413e-05
_1916_, 162.85, 119.68, 1.76413e-05
hold189, 162.85, 119.68, 1.76413e-05
PHY_EDGE_ROW_37_Left_98, 5.52, 114.24, 2.56056e-05
PHY_EDGE_ROW_38_Left_99, 5.52, 114.24, 2.56056e-05
FILLER_0_38_3, 5.52, 114.24, 2.56056e-05
FILLER_0_38_11, 5.52, 114.24, 2.56056e-05
PHY_EDGE_ROW_37_Right_37, 171.58, 114.24, 2.86722e-05
PHY_EDGE_ROW_38_Right_38, 171.58, 114.24, 2.86722e-05
FILLER_0_37_353, 171.58, 114.24, 2.86722e-05
_1050_, 17.547, 114.24, 2.56055e-05
_1051_, 17.547, 114.24, 2.56055e-05
_1547_, 17.547, 114.24, 2.56055e-05
_1548_, 17.547, 114.24, 2.56055e-05
_1552_, 17.547, 114.24, 2.56055e-05
_1553_, 17.547, 114.24, 2.56055e-05
_1797_, 17.547, 114.24, 2.56055e-05
hold23, 17.547, 114.24, 2.56055e-05
FILLER_0_39_39, 17.547, 114.24, 2.56055e-05
_1697_, 39.953, 114.24, 2.79594e-05
hold49, 39.953, 114.24, 2.79594e-05
FILLER_0_38_79, 39.953, 114.24, 2.79594e-05
FILLER_0_38_85, 39.953, 114.24, 2.79594e-05
_1770_, 50.332, 114.24, 3.43802e-05
_1805_, 50.332, 114.24, 3.43802e-05
_2084_, 50.332, 114.24, 3.43802e-05
hold160, 50.332, 114.24, 3.43802e-05
FILLER_0_39_99, 50.332, 114.24, 3.43802e-05
_1114_, 60.711, 114.24, 2.86005e-05
_1854_, 60.711, 114.24, 2.86005e-05
hold149, 60.711, 114.24, 2.86005e-05
hold200, 60.711, 114.24, 2.86005e-05
_0977_, 81.468, 114.24, 2.212e-05
_1162_, 81.468, 114.24, 2.212e-05
_1430_, 81.468, 114.24, 2.212e-05
_1759_, 81.468, 114.24, 2.212e-05
FILLER_0_37_164, 81.468, 114.24, 2.212e-05
_0957_, 91.847, 114.24, 2.55817e-05
_1139_, 91.847, 114.24, 2.55817e-05
_1640_, 91.847, 114.24, 2.55817e-05
_1658_, 91.847, 114.24, 2.55817e-05
wire23, 91.847, 114.24, 2.55817e-05
FILLER_0_38_193, 91.847, 114.24, 2.55817e-05
_0958_, 102.226, 114.24, 2.48969e-05
_1140_, 102.226, 114.24, 2.48969e-05
_1591_, 102.226, 114.24, 2.48969e-05
_1704_, 102.226, 114.24, 2.48969e-05
FILLER_0_39_218, 102.226, 114.24, 2.48969e-05
_0973_, 122.983, 114.24, 2.64585e-05
_1237_, 122.983, 114.24, 2.64585e-05
_1362_, 122.983, 114.24, 2.64585e-05
_1379_, 122.983, 114.24, 2.64585e-05
_1910_, 122.983, 114.24, 2.64585e-05
_1258_, 133.362, 114.24, 2.51796e-05
_1263_, 133.362, 114.24, 2.51796e-05
_1328_, 133.362, 114.24, 2.51796e-05
_1345_, 133.362, 114.24, 2.51796e-05
FILLER_0_38_280, 133.362, 114.24, 2.51796e-05
_1080_, 143.741, 114.24, 2.38381e-05
_1159_, 143.741, 114.24, 2.38381e-05
_1628_, 143.741, 114.24, 2.38381e-05
_1673_, 143.741, 114.24, 2.38381e-05
_1259_, 162.85, 114.24, 2.86722e-05
_1908_, 162.85, 114.24, 2.86722e-05
_1932_, 162.85, 114.24, 2.86722e-05
hold268, 162.85, 114.24, 2.86722e-05
_2057_, 5.52, 108.8, 4.46709e-05
PHY_EDGE_ROW_35_Left_96, 5.52, 108.8, 4.46709e-05
PHY_EDGE_ROW_36_Left_97, 5.52, 108.8, 4.46709e-05
FILLER_0_36_3, 5.52, 108.8, 4.46709e-05
FILLER_0_36_11, 5.52, 108.8, 4.46709e-05
PHY_EDGE_ROW_35_Right_35, 171.58, 108.8, 2.3255e-05
PHY_EDGE_ROW_36_Right_36, 171.58, 108.8, 2.3255e-05
FILLER_0_35_353, 171.58, 108.8, 2.3255e-05
_1551_, 17.547, 108.8, 3.96688e-05
_1554_, 17.547, 108.8, 3.96688e-05
_1555_, 17.547, 108.8, 3.96688e-05
_1556_, 17.547, 108.8, 3.96688e-05
_1821_, 17.547, 108.8, 3.96688e-05
_2058_, 17.547, 108.8, 3.96688e-05
hold25, 17.547, 108.8, 3.96688e-05
FILLER_0_36_25, 17.547, 108.8, 3.96688e-05
FILLER_0_36_37, 17.547, 108.8, 3.96688e-05
_0987_, 39.953, 108.8, 3.20626e-05
_1034_, 39.953, 108.8, 3.20626e-05
_1035_, 39.953, 108.8, 3.20626e-05
_1174_, 39.953, 108.8, 3.20626e-05
hold136, 39.953, 108.8, 3.20626e-05
_1767_, 50.332, 108.8, 3.50379e-05
_1789_, 50.332, 108.8, 3.50379e-05
hold243, 50.332, 108.8, 3.50379e-05
FILLER_0_37_107, 50.332, 108.8, 3.50379e-05
_1132_, 60.711, 108.8, 3.06209e-05
_1702_, 60.711, 108.8, 3.06209e-05
_1857_, 60.711, 108.8, 3.06209e-05
FILLER_0_35_109, 60.711, 108.8, 3.06209e-05
FILLER_0_35_113, 60.711, 108.8, 3.06209e-05
_0978_, 81.468, 108.8, 2.47162e-05
_1083_, 81.468, 108.8, 2.47162e-05
_1103_, 81.468, 108.8, 2.47162e-05
_1121_, 81.468, 108.8, 2.47162e-05
hold254, 81.468, 108.8, 2.47162e-05
FILLER_0_35_165, 81.468, 108.8, 2.47162e-05
FILLER_0_36_168, 81.468, 108.8, 2.47162e-05
_1180_, 91.847, 108.8, 2.78231e-05
_1185_, 91.847, 108.8, 2.78231e-05
_1197_, 91.847, 108.8, 2.78231e-05
hold291, 91.847, 108.8, 2.78231e-05
FILLER_0_35_180, 91.847, 108.8, 2.78231e-05
FILLER_0_36_190, 91.847, 108.8, 2.78231e-05
_1149_, 102.226, 108.8, 3.03775e-05
_1708_, 102.226, 108.8, 3.03775e-05
_1864_, 102.226, 108.8, 3.03775e-05
max_cap24, 102.226, 108.8, 3.03775e-05
max_cap25, 102.226, 108.8, 3.03775e-05
_1190_, 122.983, 108.8, 3.626e-05
_1223_, 122.983, 108.8, 3.626e-05
_1292_, 122.983, 108.8, 3.626e-05
_1894_, 122.983, 108.8, 3.626e-05
hold232, 122.983, 108.8, 3.626e-05
FILLER_0_35_250, 122.983, 108.8, 3.626e-05
FILLER_0_36_264, 122.983, 108.8, 3.626e-05
_1275_, 133.362, 108.8, 4.20007e-05
_1302_, 133.362, 108.8, 4.20007e-05
_1396_, 133.362, 108.8, 4.20007e-05
_1672_, 133.362, 108.8, 4.20007e-05
_1928_, 133.362, 108.8, 4.20007e-05
hold290, 133.362, 108.8, 4.20007e-05
_1160_, 143.741, 108.8, 4.34117e-05
_1301_, 143.741, 108.8, 4.34117e-05
_1627_, 143.741, 108.8, 4.34117e-05
clkbuf_leaf_15_clk, 143.741, 108.8, 4.34117e-05
hold242, 143.741, 108.8, 4.34117e-05
FILLER_0_36_305, 143.741, 108.8, 4.34117e-05
_1311_, 162.85, 108.8, 2.32549e-05
hold48, 162.85, 108.8, 2.32549e-05
hold224, 162.85, 108.8, 2.32549e-05
FILLER_0_35_337, 162.85, 108.8, 2.32549e-05
PHY_EDGE_ROW_33_Left_94, 5.52, 103.36, 5.01356e-05
PHY_EDGE_ROW_34_Left_95, 5.52, 103.36, 5.01356e-05
PHY_EDGE_ROW_33_Right_33, 171.58, 103.36, 3.20679e-05
PHY_EDGE_ROW_34_Right_34, 171.58, 103.36, 3.20679e-05
_1053_, 17.547, 103.36, 5.01356e-05
_2052_, 17.547, 103.36, 5.01356e-05
FILLER_0_34_29, 17.547, 103.36, 5.01356e-05
_0995_, 39.953, 103.36, 7.15548e-05
_1165_, 39.953, 103.36, 7.15548e-05
_1868_, 39.953, 103.36, 7.15548e-05
hold33, 39.953, 103.36, 7.15548e-05
hold96, 39.953, 103.36, 7.15548e-05
FILLER_0_34_64, 39.953, 103.36, 7.15548e-05
FILLER_0_35_82, 39.953, 103.36, 7.15548e-05
_0994_, 50.332, 103.36, 9.30932e-05
_2082_, 50.332, 103.36, 9.30932e-05
_1110_, 60.711, 103.36, 0.000110303
_1111_, 60.711, 103.36, 0.000110303
_1663_, 60.711, 103.36, 0.000110303
clkbuf_1_0__f_clk, 60.711, 103.36, 0.000110303
_1146_, 81.468, 103.36, 8.40384e-05
_1637_, 81.468, 103.36, 8.40384e-05
_1862_, 81.468, 103.36, 8.40384e-05
hold127, 81.468, 103.36, 8.40384e-05
FILLER_0_33_161, 81.468, 103.36, 8.40384e-05
FILLER_0_35_169, 81.468, 103.36, 8.40384e-05
_1186_, 91.847, 103.36, 9.7432e-05
_1215_, 91.847, 103.36, 9.7432e-05
clkbuf_0_clk, 91.847, 103.36, 9.7432e-05
hold262, 91.847, 103.36, 9.7432e-05
_1150_, 102.226, 103.36, 8.2702e-05
_1152_, 102.226, 103.36, 8.2702e-05
_1707_, 102.226, 103.36, 8.2702e-05
hold213, 102.226, 103.36, 8.2702e-05
FILLER_0_33_199, 102.226, 103.36, 8.2702e-05
FILLER_0_35_221, 102.226, 103.36, 8.2702e-05
_1222_, 122.983, 103.36, 6.33641e-05
FILLER_0_33_252, 122.983, 103.36, 6.33641e-05
FILLER_0_34_253, 122.983, 103.36, 6.33641e-05
_1309_, 133.362, 103.36, 5.88318e-05
_1319_, 133.362, 103.36, 5.88318e-05
_1912_, 133.362, 103.36, 5.88318e-05
_1936_, 133.362, 103.36, 5.88318e-05
FILLER_0_33_273, 133.362, 103.36, 5.88318e-05
FILLER_0_34_267, 133.362, 103.36, 5.88318e-05
_1267_, 143.741, 103.36, 4.56654e-05
_1268_, 143.741, 103.36, 4.56654e-05
_1314_, 143.741, 103.36, 4.56654e-05
_1315_, 143.741, 103.36, 4.56654e-05
_1934_, 143.741, 103.36, 4.56654e-05
hold265, 143.741, 103.36, 4.56654e-05
_1269_, 162.85, 103.36, 3.20679e-05
_1270_, 162.85, 103.36, 3.20679e-05
_1701_, 162.85, 103.36, 3.20679e-05
_1913_, 162.85, 103.36, 3.20679e-05
_1573_, 5.52, 97.92, 3.47939e-05
_2064_, 5.52, 97.92, 3.47939e-05
PHY_EDGE_ROW_31_Left_92, 5.52, 97.92, 3.47939e-05
PHY_EDGE_ROW_32_Left_93, 5.52, 97.92, 3.47939e-05
FILLER_0_33_3, 5.52, 97.92, 3.47939e-05
FILLER_0_33_12, 5.52, 97.92, 3.47939e-05
PHY_EDGE_ROW_31_Right_31, 171.58, 97.92, 2.14824e-05
PHY_EDGE_ROW_32_Right_32, 171.58, 97.92, 2.14824e-05
_0923_, 17.547, 97.92, 2.92813e-05
_0969_, 17.547, 97.92, 2.92813e-05
_1040_, 17.547, 97.92, 2.92813e-05
_1041_, 17.547, 97.92, 2.92813e-05
_1533_, 17.547, 97.92, 2.92813e-05
_1534_, 17.547, 97.92, 2.92813e-05
FILLER_0_32_25, 17.547, 97.92, 2.92813e-05
FILLER_0_32_29, 17.547, 97.92, 2.92813e-05
FILLER_0_33_35, 17.547, 97.92, 2.92813e-05
_1024_, 39.953, 97.92, 2.35787e-05
_1164_, 39.953, 97.92, 2.35787e-05
_1515_, 39.953, 97.92, 2.35787e-05
hold71, 39.953, 97.92, 2.35787e-05
FILLER_0_32_68, 39.953, 97.92, 2.35787e-05
_1766_, 50.332, 97.92, 2.58467e-05
hold249, 50.332, 97.92, 2.58467e-05
hold264, 50.332, 97.92, 2.58467e-05
FILLER_0_33_108, 50.332, 97.92, 2.58467e-05
_1847_, 60.711, 97.92, 2.50107e-05
hold199, 60.711, 97.92, 2.50107e-05
hold253, 60.711, 97.92, 2.50107e-05
FILLER_0_31_113, 60.711, 97.92, 2.50107e-05
_1145_, 81.468, 97.92, 3.08147e-05
_1147_, 81.468, 97.92, 3.08147e-05
FILLER_0_31_163, 81.468, 97.92, 3.08147e-05
FILLER_0_32_158, 81.468, 97.92, 3.08147e-05
_1878_, 91.847, 97.92, 4.17791e-05
_1889_, 91.847, 97.92, 4.17791e-05
hold244, 91.847, 97.92, 4.17791e-05
_1151_, 102.226, 97.92, 4.31525e-05
_1705_, 102.226, 97.92, 4.31525e-05
_1865_, 102.226, 97.92, 4.31525e-05
_1093_, 122.983, 97.92, 3.84914e-05
_1226_, 122.983, 97.92, 3.84914e-05
_1232_, 122.983, 97.92, 3.84914e-05
_1897_, 122.983, 97.92, 3.84914e-05
FILLER_0_32_246, 122.983, 97.92, 3.84914e-05
_1318_, 133.362, 97.92, 3.33048e-05
_1505_, 133.362, 97.92, 3.33048e-05
hold47, 133.362, 97.92, 3.33048e-05
hold282, 133.362, 97.92, 3.33048e-05
hold285, 133.362, 97.92, 3.33048e-05
FILLER_0_32_278, 133.362, 97.92, 3.33048e-05
_1300_, 143.741, 97.92, 2.77365e-05
_1919_, 143.741, 97.92, 2.77365e-05
FILLER_0_32_309, 143.741, 97.92, 2.77365e-05
FILLER_0_33_307, 143.741, 97.92, 2.77365e-05
_1287_, 162.85, 97.92, 2.14824e-05
_1921_, 162.85, 97.92, 2.14824e-05
hold105, 162.85, 97.92, 2.14824e-05
hold163, 162.85, 97.92, 2.14824e-05
FILLER_0_32_342, 162.85, 97.92, 2.14824e-05
_1531_, 5.52, 92.48, 5.68987e-05
_1532_, 5.52, 92.48, 5.68987e-05
PHY_EDGE_ROW_29_Left_90, 5.52, 92.48, 5.68987e-05
PHY_EDGE_ROW_30_Left_91, 5.52, 92.48, 5.68987e-05
input12, 5.52, 92.48, 5.68987e-05
PHY_EDGE_ROW_29_Right_29, 171.58, 92.48, 9.07965e-06
PHY_EDGE_ROW_30_Right_30, 171.58, 92.48, 9.07965e-06
_0888_, 17.547, 92.48, 5.54696e-05
_1536_, 17.547, 92.48, 5.54696e-05
_1537_, 17.547, 92.48, 5.54696e-05
_1539_, 17.547, 92.48, 5.54696e-05
_1540_, 17.547, 92.48, 5.54696e-05
_1816_, 17.547, 92.48, 5.54696e-05
_2053_, 17.547, 92.48, 5.54696e-05
_1025_, 39.953, 92.48, 5.90872e-05
_1516_, 39.953, 92.48, 5.90872e-05
_1590_, 39.953, 92.48, 5.90872e-05
_1800_, 39.953, 92.48, 5.90872e-05
FILLER_0_30_77, 39.953, 92.48, 5.90872e-05
FILLER_0_31_75, 39.953, 92.48, 5.90872e-05
_1787_, 50.332, 92.48, 6.65054e-05
hold53, 50.332, 92.48, 6.65054e-05
FILLER_0_31_102, 50.332, 92.48, 6.65054e-05
_0988_, 60.711, 92.48, 6.96069e-05
_1855_, 60.711, 92.48, 6.96069e-05
clkbuf_leaf_2_clk, 60.711, 92.48, 6.96069e-05
FILLER_0_29_113, 60.711, 92.48, 6.96069e-05
FILLER_0_31_127, 60.711, 92.48, 6.96069e-05
_1148_, 81.468, 92.48, 4.11408e-05
_1234_, 81.468, 92.48, 4.11408e-05
_1657_, 81.468, 92.48, 4.11408e-05
_1863_, 81.468, 92.48, 4.11408e-05
hold263, 81.468, 92.48, 4.11408e-05
FILLER_0_29_163, 81.468, 92.48, 4.11408e-05
_1188_, 91.847, 92.48, 3.7772e-05
_1208_, 91.847, 92.48, 3.7772e-05
_1209_, 91.847, 92.48, 3.7772e-05
_1879_, 91.847, 92.48, 3.7772e-05
hold95, 91.847, 92.48, 3.7772e-05
_1595_, 102.226, 92.48, 2.8093e-05
_1231_, 122.983, 92.48, 2.20636e-05
_1895_, 122.983, 92.48, 2.20636e-05
FILLER_0_29_254, 122.983, 92.48, 2.20636e-05
_1504_, 133.362, 92.48, 2.19102e-05
_2023_, 133.362, 92.48, 2.19102e-05
hold174, 133.362, 92.48, 2.19102e-05
hold289, 133.362, 92.48, 2.19102e-05
FILLER_0_29_276, 133.362, 92.48, 2.19102e-05
_1282_, 143.741, 92.48, 1.59748e-05
hold107, 143.741, 92.48, 1.59748e-05
hold143, 143.741, 92.48, 1.59748e-05
_1278_, 162.85, 92.48, 9.07963e-06
_1286_, 162.85, 92.48, 9.07963e-06
FILLER_0_29_337, 162.85, 92.48, 9.07963e-06
FILLER_0_30_336, 162.85, 92.48, 9.07963e-06
FILLER_0_30_351, 162.85, 92.48, 9.07963e-06
_1002_, 5.52, 87.04, 3.25204e-05
_1003_, 5.52, 87.04, 3.25204e-05
PHY_EDGE_ROW_27_Left_88, 5.52, 87.04, 3.25204e-05
PHY_EDGE_ROW_28_Left_89, 5.52, 87.04, 3.25204e-05
FILLER_0_29_3, 5.52, 87.04, 3.25204e-05
PHY_EDGE_ROW_27_Right_27, 171.58, 87.04, 2.36726e-05
PHY_EDGE_ROW_28_Right_28, 171.58, 87.04, 2.36726e-05
_1055_, 17.547, 87.04, 3.18131e-05
_1488_, 17.547, 87.04, 3.18131e-05
_1535_, 17.547, 87.04, 3.18131e-05
_1558_, 17.547, 87.04, 3.18131e-05
_1823_, 17.547, 87.04, 3.18131e-05
hold120, 17.547, 87.04, 3.18131e-05
FILLER_0_28_15, 17.547, 87.04, 3.18131e-05
FILLER_0_28_21, 17.547, 87.04, 3.18131e-05
FILLER_0_28_32, 17.547, 87.04, 3.18131e-05
_1527_, 39.953, 87.04, 3.0797e-05
_1528_, 39.953, 87.04, 3.0797e-05
_2034_, 39.953, 87.04, 3.0797e-05
hold56, 39.953, 87.04, 3.0797e-05
FILLER_0_29_80, 39.953, 87.04, 3.0797e-05
_0989_, 50.332, 87.04, 3.16493e-05
_1036_, 50.332, 87.04, 3.16493e-05
_1719_, 50.332, 87.04, 3.16493e-05
FILLER_0_27_87, 50.332, 87.04, 3.16493e-05
FILLER_0_29_107, 50.332, 87.04, 3.16493e-05
_1529_, 60.711, 87.04, 2.9639e-05
_1530_, 60.711, 87.04, 2.9639e-05
_2035_, 60.711, 87.04, 2.9639e-05
hold236, 60.711, 87.04, 2.9639e-05
_1898_, 81.468, 87.04, 2.51492e-05
hold34, 81.468, 87.04, 2.51492e-05
hold258, 81.468, 87.04, 2.51492e-05
FILLER_0_29_169, 81.468, 87.04, 2.51492e-05
_1154_, 91.847, 87.04, 2.58762e-05
_1187_, 91.847, 87.04, 2.58762e-05
_1199_, 91.847, 87.04, 2.58762e-05
FILLER_0_28_181, 91.847, 87.04, 2.58762e-05
FILLER_0_29_197, 91.847, 87.04, 2.58762e-05
_1142_, 102.226, 87.04, 2.61569e-05
_1198_, 102.226, 87.04, 2.61569e-05
_1584_, 102.226, 87.04, 2.61569e-05
_1884_, 102.226, 87.04, 2.61569e-05
FILLER_0_29_213, 102.226, 87.04, 2.61569e-05
FILLER_0_29_221, 102.226, 87.04, 2.61569e-05
_1225_, 122.983, 87.04, 2.4911e-05
_1386_, 122.983, 87.04, 2.4911e-05
_1387_, 122.983, 87.04, 2.4911e-05
FILLER_0_28_248, 122.983, 87.04, 2.4911e-05
FILLER_0_28_253, 122.983, 87.04, 2.4911e-05
_1662_, 133.362, 87.04, 2.85343e-05
_1927_, 133.362, 87.04, 2.85343e-05
hold60, 133.362, 87.04, 2.85343e-05
FILLER_0_29_281, 133.362, 87.04, 2.85343e-05
_1245_, 143.741, 87.04, 2.64852e-05
_1266_, 143.741, 87.04, 2.64852e-05
_1299_, 143.741, 87.04, 2.64852e-05
_1316_, 143.741, 87.04, 2.64852e-05
_1317_, 143.741, 87.04, 2.64852e-05
_1660_, 143.741, 87.04, 2.64852e-05
_1911_, 143.741, 87.04, 2.64852e-05
FILLER_0_28_290, 143.741, 87.04, 2.64852e-05
_1279_, 162.85, 87.04, 2.36726e-05
_1611_, 162.85, 87.04, 2.36726e-05
_1917_, 162.85, 87.04, 2.36726e-05
hold55, 162.85, 87.04, 2.36726e-05
FILLER_0_28_334, 162.85, 87.04, 2.36726e-05
_2059_, 5.52, 81.6, 8.82096e-05
PHY_EDGE_ROW_25_Left_86, 5.52, 81.6, 8.82096e-05
PHY_EDGE_ROW_26_Left_87, 5.52, 81.6, 8.82096e-05
PHY_EDGE_ROW_25_Right_25, 171.58, 81.6, 6.26126e-05
PHY_EDGE_ROW_26_Right_26, 171.58, 81.6, 6.26126e-05
_1557_, 17.547, 81.6, 8.32076e-05
_1559_, 17.547, 81.6, 8.32076e-05
clkbuf_leaf_0_clk, 17.547, 81.6, 8.32076e-05
hold64, 17.547, 81.6, 8.32076e-05
_0933_, 39.953, 81.6, 7.5508e-05
_1176_, 39.953, 81.6, 7.5508e-05
_1177_, 39.953, 81.6, 7.5508e-05
_1874_, 39.953, 81.6, 7.5508e-05
clkbuf_leaf_1_clk, 39.953, 81.6, 7.5508e-05
FILLER_0_25_69, 39.953, 81.6, 7.5508e-05
_1587_, 50.332, 81.6, 7.429e-05
_1806_, 50.332, 81.6, 7.429e-05
FILLER_0_25_91, 50.332, 81.6, 7.429e-05
_1037_, 60.711, 81.6, 6.16204e-05
_1178_, 60.711, 81.6, 6.16204e-05
_1179_, 60.711, 81.6, 6.16204e-05
_1763_, 60.711, 81.6, 6.16204e-05
_1875_, 60.711, 81.6, 6.16204e-05
hold228, 60.711, 81.6, 6.16204e-05
_1233_, 81.468, 81.6, 5.77749e-05
_1235_, 81.468, 81.6, 5.77749e-05
_1722_, 81.468, 81.6, 5.77749e-05
clkbuf_leaf_22_clk, 81.468, 81.6, 5.77749e-05
_1194_, 91.847, 81.6, 5.39819e-05
_1723_, 91.847, 81.6, 5.39819e-05
_1882_, 91.847, 81.6, 5.39819e-05
FILLER_0_27_193, 91.847, 81.6, 5.39819e-05
_1724_, 102.226, 81.6, 4.45365e-05
_1739_, 102.226, 81.6, 4.45365e-05
hold155, 102.226, 81.6, 4.45365e-05
hold229, 102.226, 81.6, 4.45365e-05
FILLER_0_26_209, 102.226, 81.6, 4.45365e-05
FILLER_0_26_217, 102.226, 81.6, 4.45365e-05
FILLER_0_27_219, 102.226, 81.6, 4.45365e-05
_1216_, 122.983, 81.6, 4.21408e-05
_1217_, 122.983, 81.6, 4.21408e-05
_1967_, 122.983, 81.6, 4.21408e-05
hold252, 122.983, 81.6, 4.21408e-05
hold275, 122.983, 81.6, 4.21408e-05
_1244_, 133.362, 81.6, 4.63628e-05
_1359_, 133.362, 81.6, 4.63628e-05
_1903_, 133.362, 81.6, 4.63628e-05
FILLER_0_25_272, 133.362, 81.6, 4.63628e-05
FILLER_0_26_286, 133.362, 81.6, 4.63628e-05
_1358_, 143.741, 81.6, 4.62642e-05
_1935_, 143.741, 81.6, 4.62642e-05
hold106, 143.741, 81.6, 4.62642e-05
FILLER_0_27_306, 143.741, 81.6, 4.62642e-05
_1262_, 162.85, 81.6, 6.26125e-05
_1909_, 162.85, 81.6, 6.26125e-05
clkbuf_leaf_18_clk, 162.85, 81.6, 6.26125e-05
FILLER_0_26_351, 162.85, 81.6, 6.26125e-05
_1561_, 5.52, 76.16, 3.11152e-05
PHY_EDGE_ROW_23_Left_84, 5.52, 76.16, 3.11152e-05
PHY_EDGE_ROW_24_Left_85, 5.52, 76.16, 3.11152e-05
hold16, 5.52, 76.16, 3.11152e-05
FILLER_0_24_3, 5.52, 76.16, 3.11152e-05
PHY_EDGE_ROW_23_Right_23, 171.58, 76.16, 2.40733e-05
PHY_EDGE_ROW_24_Right_24, 171.58, 76.16, 2.40733e-05
_1054_, 17.547, 76.16, 3.11151e-05
_1056_, 17.547, 76.16, 3.11151e-05
_1563_, 17.547, 76.16, 3.11151e-05
_2060_, 17.547, 76.16, 3.11151e-05
hold15, 17.547, 76.16, 3.11151e-05
hold135, 17.547, 76.16, 3.11151e-05
_0981_, 39.953, 76.16, 3.81294e-05
_1812_, 39.953, 76.16, 3.81294e-05
hold45, 39.953, 76.16, 3.81294e-05
hold99, 39.953, 76.16, 3.81294e-05
FILLER_0_23_72, 39.953, 76.16, 3.81294e-05
FILLER_0_24_81, 39.953, 76.16, 3.81294e-05
FILLER_0_24_85, 39.953, 76.16, 3.81294e-05
_0960_, 50.332, 76.16, 4.47573e-05
_1481_, 50.332, 76.16, 4.47573e-05
_1579_, 50.332, 76.16, 4.47573e-05
_2080_, 50.332, 76.16, 4.47573e-05
FILLER_0_24_91, 50.332, 76.16, 4.47573e-05
_1735_, 60.711, 76.16, 3.99272e-05
_1762_, 60.711, 76.16, 3.99272e-05
_1807_, 60.711, 76.16, 3.99272e-05
hold92, 60.711, 76.16, 3.99272e-05
_1153_, 81.468, 76.16, 3.04445e-05
_1866_, 81.468, 76.16, 3.04445e-05
FILLER_0_23_164, 81.468, 76.16, 3.04445e-05
_1193_, 91.847, 76.16, 3.00104e-05
hold86, 91.847, 76.16, 3.00104e-05
FILLER_0_24_197, 91.847, 76.16, 3.00104e-05
_1143_, 102.226, 76.16, 2.91401e-05
_1182_, 102.226, 76.16, 2.91401e-05
_1201_, 102.226, 76.16, 2.91401e-05
_1605_, 102.226, 76.16, 2.91401e-05
_1720_, 102.226, 76.16, 2.91401e-05
_1736_, 102.226, 76.16, 2.91401e-05
FILLER_0_24_220, 102.226, 76.16, 2.91401e-05
_1219_, 122.983, 76.16, 4.43083e-05
_1376_, 122.983, 76.16, 4.43083e-05
_1893_, 122.983, 76.16, 4.43083e-05
FILLER_0_24_247, 122.983, 76.16, 4.43083e-05
FILLER_0_24_262, 122.983, 76.16, 4.43083e-05
_0959_, 133.362, 76.16, 5.66487e-05
_1954_, 133.362, 76.16, 5.66487e-05
clkbuf_leaf_17_clk, 133.362, 76.16, 5.66487e-05
hold121, 133.362, 76.16, 5.66487e-05
_1218_, 143.741, 76.16, 4.07878e-05
hold75, 143.741, 76.16, 4.07878e-05
FILLER_0_24_305, 143.741, 76.16, 4.07878e-05
FILLER_0_24_309, 143.741, 76.16, 4.07878e-05
FILLER_0_25_309, 143.741, 76.16, 4.07878e-05
_1261_, 162.85, 76.16, 2.40733e-05
_1312_, 162.85, 76.16, 2.40733e-05
_1360_, 162.85, 76.16, 2.40733e-05
_1560_, 5.52, 70.72, 4.17126e-05
_1565_, 5.52, 70.72, 4.17126e-05
_2061_, 5.52, 70.72, 4.17126e-05
PHY_EDGE_ROW_21_Left_82, 5.52, 70.72, 4.17126e-05
PHY_EDGE_ROW_22_Left_83, 5.52, 70.72, 4.17126e-05
FILLER_0_23_3, 5.52, 70.72, 4.17126e-05
PHY_EDGE_ROW_21_Right_21, 171.58, 70.72, 2.8469e-05
PHY_EDGE_ROW_22_Right_22, 171.58, 70.72, 2.8469e-05
FILLER_0_21_353, 171.58, 70.72, 2.8469e-05
_1562_, 17.547, 70.72, 3.67037e-05
_1564_, 17.547, 70.72, 3.67037e-05
_1824_, 17.547, 70.72, 3.67037e-05
hold30, 17.547, 70.72, 3.67037e-05
FILLER_0_21_24, 17.547, 70.72, 3.67037e-05
FILLER_0_22_32, 17.547, 70.72, 3.67037e-05
_0948_, 39.953, 70.72, 3.56215e-05
_0949_, 39.953, 70.72, 3.56215e-05
_1688_, 39.953, 70.72, 3.56215e-05
_1780_, 39.953, 70.72, 3.56215e-05
_2012_, 39.953, 70.72, 3.56215e-05
hold43, 39.953, 70.72, 3.56215e-05
FILLER_0_22_80, 39.953, 70.72, 3.56215e-05
_0983_, 50.332, 70.72, 3.55864e-05
_1480_, 50.332, 70.72, 3.55864e-05
_1785_, 50.332, 70.72, 3.55864e-05
hold9, 50.332, 70.72, 3.55864e-05
FILLER_0_22_107, 50.332, 70.72, 3.55864e-05
FILLER_0_23_108, 50.332, 70.72, 3.55864e-05
_1106_, 60.711, 70.72, 3.12347e-05
_1603_, 60.711, 70.72, 3.12347e-05
hold132, 60.711, 70.72, 3.12347e-05
FILLER_0_21_113, 60.711, 70.72, 3.12347e-05
_1156_, 81.468, 70.72, 3.99215e-05
_1213_, 81.468, 70.72, 3.99215e-05
_1738_, 81.468, 70.72, 3.99215e-05
hold179, 81.468, 70.72, 3.99215e-05
FILLER_0_22_157, 81.468, 70.72, 3.99215e-05
FILLER_0_22_168, 81.468, 70.72, 3.99215e-05
_1195_, 91.847, 70.72, 5.23714e-05
_1604_, 91.847, 70.72, 5.23714e-05
_1883_, 91.847, 70.72, 5.23714e-05
hold51, 91.847, 70.72, 5.23714e-05
hold240, 91.847, 70.72, 5.23714e-05
FILLER_0_21_179, 91.847, 70.72, 5.23714e-05
FILLER_0_23_190, 91.847, 70.72, 5.23714e-05
_1602_, 102.226, 70.72, 5.82816e-05
_1885_, 102.226, 70.72, 5.82816e-05
clkbuf_leaf_21_clk, 102.226, 70.72, 5.82816e-05
FILLER_0_23_218, 102.226, 70.72, 5.82816e-05
_1220_, 122.983, 70.72, 3.52219e-05
_1962_, 122.983, 70.72, 3.52219e-05
hold113, 122.983, 70.72, 3.52219e-05
FILLER_0_22_261, 122.983, 70.72, 3.52219e-05
_1342_, 133.362, 70.72, 3.07596e-05
_1375_, 133.362, 70.72, 3.07596e-05
_1718_, 133.362, 70.72, 3.07596e-05
hold182, 133.362, 70.72, 3.07596e-05
FILLER_0_22_289, 133.362, 70.72, 3.07596e-05
_1377_, 143.741, 70.72, 2.59854e-05
_1378_, 143.741, 70.72, 2.59854e-05
hold150, 143.741, 70.72, 2.59854e-05
FILLER_0_21_298, 143.741, 70.72, 2.59854e-05
FILLER_0_22_309, 143.741, 70.72, 2.59854e-05
FILLER_0_23_302, 143.741, 70.72, 2.59854e-05
_1344_, 162.85, 70.72, 2.8469e-05
_1361_, 162.85, 70.72, 2.8469e-05
_1947_, 162.85, 70.72, 2.8469e-05
_1955_, 162.85, 70.72, 2.8469e-05
hold108, 162.85, 70.72, 2.8469e-05
FILLER_0_23_347, 162.85, 70.72, 2.8469e-05
_1566_, 5.52, 65.28, 4.87092e-05
_1567_, 5.52, 65.28, 4.87092e-05
PHY_EDGE_ROW_19_Left_80, 5.52, 65.28, 4.87092e-05
PHY_EDGE_ROW_20_Left_81, 5.52, 65.28, 4.87092e-05
FILLER_0_20_3, 5.52, 65.28, 4.87092e-05
FILLER_0_21_3, 5.52, 65.28, 4.87092e-05
PHY_EDGE_ROW_19_Right_19, 171.58, 65.28, 1.17776e-05
PHY_EDGE_ROW_20_Right_20, 171.58, 65.28, 1.17776e-05
FILLER_0_19_354, 171.58, 65.28, 1.17776e-05
_1465_, 17.547, 65.28, 4.83853e-05
_1489_, 17.547, 65.28, 4.83853e-05
_1568_, 17.547, 65.28, 4.83853e-05
_2004_, 17.547, 65.28, 4.83853e-05
_2062_, 17.547, 65.28, 4.83853e-05
FILLER_0_20_16, 17.547, 65.28, 4.83853e-05
FILLER_0_20_25, 17.547, 65.28, 4.83853e-05
FILLER_0_20_29, 17.547, 65.28, 4.83853e-05
hold54, 39.953, 65.28, 3.66345e-05
FILLER_0_21_86, 39.953, 65.28, 3.66345e-05
_0956_, 50.332, 65.28, 3.52383e-05
_0982_, 50.332, 65.28, 3.52383e-05
FILLER_0_20_93, 50.332, 65.28, 3.52383e-05
_1107_, 60.711, 65.28, 3.26341e-05
_1760_, 60.711, 65.28, 3.26341e-05
_1845_, 60.711, 65.28, 3.26341e-05
_1853_, 60.711, 65.28, 3.26341e-05
hold90, 60.711, 65.28, 3.26341e-05
_1001_, 81.468, 65.28, 2.46178e-05
_1155_, 81.468, 65.28, 2.46178e-05
_1867_, 81.468, 65.28, 2.46178e-05
FILLER_0_19_163, 81.468, 65.28, 2.46178e-05
FILLER_0_20_161, 81.468, 65.28, 2.46178e-05
_1196_, 91.847, 65.28, 2.36133e-05
FILLER_0_20_182, 91.847, 65.28, 2.36133e-05
FILLER_0_20_189, 91.847, 65.28, 2.36133e-05
FILLER_0_20_197, 91.847, 65.28, 2.36133e-05
_1144_, 102.226, 65.28, 2.2292e-05
_1200_, 102.226, 65.28, 2.2292e-05
_1861_, 102.226, 65.28, 2.2292e-05
hold211, 102.226, 65.28, 2.2292e-05
_1238_, 122.983, 65.28, 2.53544e-05
_1239_, 122.983, 65.28, 2.53544e-05
_1410_, 122.983, 65.28, 2.53544e-05
_1900_, 122.983, 65.28, 2.53544e-05
_1978_, 122.983, 65.28, 2.53544e-05
_1341_, 133.362, 65.28, 2.54229e-05
_1409_, 133.362, 65.28, 2.54229e-05
_1499_, 133.362, 65.28, 2.54229e-05
_1946_, 133.362, 65.28, 2.54229e-05
FILLER_0_19_273, 133.362, 65.28, 2.54229e-05
FILLER_0_20_279, 133.362, 65.28, 2.54229e-05
_1288_, 143.741, 65.28, 2.07585e-05
_1963_, 143.741, 65.28, 2.07585e-05
FILLER_0_19_292, 143.741, 65.28, 2.07585e-05
FILLER_0_20_309, 143.741, 65.28, 2.07585e-05
_1343_, 162.85, 65.28, 1.17776e-05
hold61, 162.85, 65.28, 1.17776e-05
FILLER_0_19_337, 162.85, 65.28, 1.17776e-05
FILLER_0_20_344, 162.85, 65.28, 1.17776e-05
_1570_, 5.52, 59.84, 9.8482e-06
_1572_, 5.52, 59.84, 9.8482e-06
PHY_EDGE_ROW_17_Left_78, 5.52, 59.84, 9.8482e-06
PHY_EDGE_ROW_18_Left_79, 5.52, 59.84, 9.8482e-06
hold274, 5.52, 59.84, 9.8482e-06
FILLER_0_19_13, 5.52, 59.84, 9.8482e-06
PHY_EDGE_ROW_17_Right_17, 171.58, 59.84, 2.19995e-05
PHY_EDGE_ROW_18_Right_18, 171.58, 59.84, 2.19995e-05
_1464_, 17.547, 59.84, 9.84282e-06
_1569_, 17.547, 59.84, 9.84282e-06
_1571_, 17.547, 59.84, 9.84282e-06
hold26, 17.547, 59.84, 9.84282e-06
hold91, 17.547, 59.84, 9.84282e-06
FILLER_0_17_26, 17.547, 59.84, 9.84282e-06
FILLER_0_18_24, 17.547, 59.84, 9.84282e-06
FILLER_0_19_32, 17.547, 59.84, 9.84282e-06
_0941_, 39.953, 59.84, 1.98887e-05
_1592_, 39.953, 59.84, 1.98887e-05
_1776_, 39.953, 59.84, 1.98887e-05
_2008_, 39.953, 59.84, 1.98887e-05
FILLER_0_19_75, 39.953, 59.84, 1.98887e-05
_1473_, 50.332, 59.84, 2.10408e-05
_2079_, 50.332, 59.84, 2.10408e-05
hold3, 50.332, 59.84, 2.10408e-05
FILLER_0_18_101, 50.332, 59.84, 2.10408e-05
_1588_, 60.711, 59.84, 1.78687e-05
hold144, 60.711, 59.84, 1.78687e-05
FILLER_0_17_113, 60.711, 59.84, 1.78687e-05
_1000_, 81.468, 59.84, 1.61439e-05
_1119_, 81.468, 59.84, 1.61439e-05
_1729_, 81.468, 59.84, 1.61439e-05
hold168, 81.468, 59.84, 1.61439e-05
_1137_, 91.847, 59.84, 1.76107e-05
_1859_, 91.847, 59.84, 1.76107e-05
hold255, 91.847, 59.84, 1.76107e-05
FILLER_0_17_185, 91.847, 59.84, 1.76107e-05
FILLER_0_19_189, 91.847, 59.84, 1.76107e-05
_1088_, 102.226, 59.84, 1.45929e-05
_1589_, 102.226, 59.84, 1.45929e-05
_1730_, 102.226, 59.84, 1.45929e-05
FILLER_0_17_201, 102.226, 59.84, 1.45929e-05
FILLER_0_19_217, 102.226, 59.84, 1.45929e-05
_1585_, 122.983, 59.84, 1.5833e-05
hold66, 122.983, 59.84, 1.5833e-05
hold122, 122.983, 59.84, 1.5833e-05
FILLER_0_19_259, 122.983, 59.84, 1.5833e-05
_1289_, 133.362, 59.84, 1.91776e-05
_1323_, 133.362, 59.84, 1.91776e-05
_1498_, 133.362, 59.84, 1.91776e-05
hold125, 133.362, 59.84, 1.91776e-05
FILLER_0_19_286, 133.362, 59.84, 1.91776e-05
_1712_, 143.741, 59.84, 2.1084e-05
_1922_, 143.741, 59.84, 2.1084e-05
hold124, 143.741, 59.84, 2.1084e-05
FILLER_0_18_309, 143.741, 59.84, 2.1084e-05
_1290_, 162.85, 59.84, 2.19995e-05
_1291_, 162.85, 59.84, 2.19995e-05
_1923_, 162.85, 59.84, 2.19995e-05
hold109, 162.85, 59.84, 2.19995e-05
_2063_, 5.52, 54.4, 3.4627e-05
PHY_EDGE_ROW_15_Left_76, 5.52, 54.4, 3.4627e-05
PHY_EDGE_ROW_16_Left_77, 5.52, 54.4, 3.4627e-05
PHY_EDGE_ROW_15_Right_15, 171.58, 54.4, 3.36387e-05
PHY_EDGE_ROW_16_Right_16, 171.58, 54.4, 3.36387e-05
FILLER_0_15_353, 171.58, 54.4, 3.36387e-05
_1060_, 17.547, 54.4, 2.9625e-05
_1061_, 17.547, 54.4, 2.9625e-05
_1062_, 17.547, 54.4, 2.9625e-05
_1063_, 17.547, 54.4, 2.9625e-05
_1469_, 17.547, 54.4, 2.9625e-05
hold238, 17.547, 54.4, 2.9625e-05
hold239, 17.547, 54.4, 2.9625e-05
_1639_, 39.953, 54.4, 3.35333e-05
_1808_, 39.953, 54.4, 3.35333e-05
FILLER_0_16_80, 39.953, 54.4, 3.35333e-05
_0979_, 50.332, 54.4, 3.78522e-05
_0996_, 50.332, 54.4, 3.78522e-05
_1472_, 50.332, 54.4, 3.78522e-05
_1761_, 50.332, 54.4, 3.78522e-05
_1784_, 50.332, 54.4, 3.78522e-05
FILLER_0_15_93, 50.332, 54.4, 3.78522e-05
FILLER_0_17_103, 50.332, 54.4, 3.78522e-05
_1104_, 60.711, 54.4, 3.69083e-05
_1122_, 60.711, 54.4, 3.69083e-05
_1123_, 60.711, 54.4, 3.69083e-05
_1844_, 60.711, 54.4, 3.69083e-05
FILLER_0_16_112, 60.711, 54.4, 3.69083e-05
_0997_, 81.468, 54.4, 3.38571e-05
_1118_, 81.468, 54.4, 3.38571e-05
_1851_, 81.468, 54.4, 3.38571e-05
hold146, 81.468, 54.4, 3.38571e-05
hold170, 81.468, 54.4, 3.38571e-05
_1117_, 91.847, 54.4, 3.18019e-05
_1136_, 91.847, 54.4, 3.18019e-05
hold88, 91.847, 54.4, 3.18019e-05
hold93, 91.847, 54.4, 3.18019e-05
FILLER_0_16_192, 91.847, 54.4, 3.18019e-05
_1714_, 102.226, 54.4, 2.96903e-05
_1717_, 102.226, 54.4, 2.96903e-05
hold231, 102.226, 54.4, 2.96903e-05
FILLER_0_16_221, 102.226, 54.4, 2.96903e-05
_1250_, 122.983, 54.4, 4.24892e-05
_1510_, 122.983, 54.4, 4.24892e-05
_2020_, 122.983, 54.4, 4.24892e-05
FILLER_0_16_265, 122.983, 54.4, 4.24892e-05
_1253_, 133.362, 54.4, 5.11038e-05
_1322_, 133.362, 54.4, 5.11038e-05
_1512_, 133.362, 54.4, 5.11038e-05
_1938_, 133.362, 54.4, 5.11038e-05
FILLER_0_15_277, 133.362, 54.4, 5.11038e-05
FILLER_0_16_272, 133.362, 54.4, 5.11038e-05
_1914_, 143.741, 54.4, 5.41536e-05
clkbuf_leaf_19_clk, 143.741, 54.4, 5.41536e-05
hold152, 143.741, 54.4, 5.41536e-05
_1915_, 162.85, 54.4, 3.36386e-05
hold81, 162.85, 54.4, 3.36386e-05
_1827_, 5.52, 48.96, 3.82015e-05
PHY_EDGE_ROW_13_Left_74, 5.52, 48.96, 3.82015e-05
PHY_EDGE_ROW_14_Left_75, 5.52, 48.96, 3.82015e-05
FILLER_0_14_3, 5.52, 48.96, 3.82015e-05
PHY_EDGE_ROW_13_Right_13, 171.58, 48.96, 1.72804e-05
PHY_EDGE_ROW_14_Right_14, 171.58, 48.96, 1.72804e-05
FILLER_0_14_354, 171.58, 48.96, 1.72804e-05
_1004_, 17.547, 48.96, 3.31994e-05
_1826_, 17.547, 48.96, 3.31994e-05
hold84, 17.547, 48.96, 3.31994e-05
hold129, 17.547, 48.96, 3.31994e-05
_0929_, 39.953, 48.96, 2.63211e-05
_1479_, 39.953, 48.96, 2.63211e-05
_1810_, 39.953, 48.96, 2.63211e-05
FILLER_0_15_80, 39.953, 48.96, 2.63211e-05
_0980_, 50.332, 48.96, 2.59174e-05
hold24, 50.332, 48.96, 2.59174e-05
_1105_, 60.711, 48.96, 2.55137e-05
_1852_, 60.711, 48.96, 2.55137e-05
hold73, 60.711, 48.96, 2.55137e-05
hold166, 60.711, 48.96, 2.55137e-05
hold257, 60.711, 48.96, 2.55137e-05
FILLER_0_13_113, 60.711, 48.96, 2.55137e-05
FILLER_0_14_121, 60.711, 48.96, 2.55137e-05
_0998_, 81.468, 48.96, 2.77926e-05
_1116_, 81.468, 48.96, 2.77926e-05
_1713_, 81.468, 48.96, 2.77926e-05
_1790_, 81.468, 48.96, 2.77926e-05
FILLER_0_13_154, 81.468, 48.96, 2.77926e-05
FILLER_0_13_161, 81.468, 48.96, 2.77926e-05
FILLER_0_15_169, 81.468, 48.96, 2.77926e-05
_1134_, 91.847, 48.96, 3.01916e-05
_1858_, 91.847, 48.96, 3.01916e-05
_1099_, 102.226, 48.96, 2.81627e-05
_1100_, 102.226, 48.96, 2.81627e-05
_1733_, 102.226, 48.96, 2.81627e-05
_1842_, 102.226, 48.96, 2.81627e-05
_1511_, 122.983, 48.96, 2.88794e-05
_2026_, 122.983, 48.96, 2.88794e-05
hold161, 122.983, 48.96, 2.88794e-05
FILLER_0_14_249, 122.983, 48.96, 2.88794e-05
FILLER_0_15_264, 122.983, 48.96, 2.88794e-05
_1306_, 133.362, 48.96, 2.94311e-05
_1513_, 133.362, 48.96, 2.94311e-05
_2027_, 133.362, 48.96, 2.94311e-05
hold104, 133.362, 48.96, 2.94311e-05
hold183, 133.362, 48.96, 2.94311e-05
FILLER_0_14_285, 133.362, 48.96, 2.94311e-05
FILLER_0_15_289, 133.362, 48.96, 2.94311e-05
_1271_, 143.741, 48.96, 2.33561e-05
_1308_, 143.741, 48.96, 2.33561e-05
FILLER_0_14_292, 143.741, 48.96, 2.33561e-05
FILLER_0_15_310, 143.741, 48.96, 2.33561e-05
_1273_, 162.85, 48.96, 1.72804e-05
hold126, 162.85, 48.96, 1.72804e-05
_1058_, 5.52, 43.52, 6.33305e-05
_1059_, 5.52, 43.52, 6.33305e-05
_1825_, 5.52, 43.52, 6.33305e-05
PHY_EDGE_ROW_11_Left_72, 5.52, 43.52, 6.33305e-05
PHY_EDGE_ROW_12_Left_73, 5.52, 43.52, 6.33305e-05
FILLER_0_12_3, 5.52, 43.52, 6.33305e-05
PHY_EDGE_ROW_11_Right_11, 171.58, 43.52, 1.1046e-05
PHY_EDGE_ROW_12_Right_12, 171.58, 43.52, 1.1046e-05
_1466_, 17.547, 43.52, 5.83019e-05
_1470_, 17.547, 43.52, 5.83019e-05
_1471_, 17.547, 43.52, 5.83019e-05
_2007_, 17.547, 43.52, 5.83019e-05
hold191, 17.547, 43.52, 5.83019e-05
FILLER_0_12_29, 17.547, 43.52, 5.83019e-05
_0895_, 39.953, 43.52, 5.55841e-05
_0925_, 39.953, 43.52, 5.55841e-05
_0928_, 39.953, 43.52, 5.55841e-05
_2010_, 39.953, 43.52, 5.55841e-05
_2038_, 39.953, 43.52, 5.55841e-05
hold85, 39.953, 43.52, 5.55841e-05
FILLER_0_12_77, 39.953, 43.52, 5.55841e-05
FILLER_0_13_77, 39.953, 43.52, 5.55841e-05
_1476_, 50.332, 43.52, 5.43153e-05
_1477_, 50.332, 43.52, 5.43153e-05
_1492_, 50.332, 43.52, 5.43153e-05
_1813_, 50.332, 43.52, 5.43153e-05
_2017_, 50.332, 43.52, 5.43153e-05
FILLER_0_11_92, 50.332, 43.52, 5.43153e-05
FILLER_0_12_96, 50.332, 43.52, 5.43153e-05
FILLER_0_13_104, 50.332, 43.52, 5.43153e-05
_1482_, 60.711, 43.52, 4.44133e-05
_1483_, 60.711, 43.52, 4.44133e-05
_1491_, 60.711, 43.52, 4.44133e-05
_1698_, 60.711, 43.52, 4.44133e-05
FILLER_0_11_119, 60.711, 43.52, 4.44133e-05
_1494_, 81.468, 43.52, 4.53174e-05
_1850_, 81.468, 43.52, 4.53174e-05
hold13, 81.468, 43.52, 4.53174e-05
FILLER_0_13_169, 81.468, 43.52, 4.53174e-05
_1135_, 91.847, 43.52, 5.21318e-05
_1484_, 91.847, 43.52, 5.21318e-05
_1485_, 91.847, 43.52, 5.21318e-05
_1495_, 91.847, 43.52, 5.21318e-05
_2019_, 91.847, 43.52, 5.21318e-05
hold19, 91.847, 43.52, 5.21318e-05
hold80, 91.847, 43.52, 5.21318e-05
FILLER_0_12_179, 91.847, 43.52, 5.21318e-05
FILLER_0_13_198, 91.847, 43.52, 5.21318e-05
_1732_, 102.226, 43.52, 5.45793e-05
clkbuf_leaf_20_clk, 102.226, 43.52, 5.45793e-05
FILLER_0_12_206, 102.226, 43.52, 5.45793e-05
_1395_, 122.983, 43.52, 3.32004e-05
_1731_, 122.983, 43.52, 3.32004e-05
_1971_, 122.983, 43.52, 3.32004e-05
hold151, 122.983, 43.52, 3.32004e-05
FILLER_0_13_260, 122.983, 43.52, 3.32004e-05
_1394_, 133.362, 43.52, 2.86977e-05
_1930_, 133.362, 43.52, 2.86977e-05
FILLER_0_12_285, 133.362, 43.52, 2.86977e-05
FILLER_0_13_281, 133.362, 43.52, 2.86977e-05
_1255_, 143.741, 43.52, 1.98738e-05
_1305_, 143.741, 43.52, 1.98738e-05
hold142, 143.741, 43.52, 1.98738e-05
hold204, 143.741, 43.52, 1.98738e-05
hold222, 143.741, 43.52, 1.98738e-05
FILLER_0_13_309, 143.741, 43.52, 1.98738e-05
FILLER_0_11_333, 162.85, 43.52, 1.1046e-05
FILLER_0_13_349, 162.85, 43.52, 1.1046e-05
_1467_, 5.52, 38.08, 5.17453e-05
_2005_, 5.52, 38.08, 5.17453e-05
PHY_EDGE_ROW_9_Left_70, 5.52, 38.08, 5.17453e-05
PHY_EDGE_ROW_10_Left_71, 5.52, 38.08, 5.17453e-05
FILLER_0_11_3, 5.52, 38.08, 5.17453e-05
PHY_EDGE_ROW_9_Right_9, 171.58, 38.08, 6.76267e-06
PHY_EDGE_ROW_10_Right_10, 171.58, 38.08, 6.76267e-06
_0897_, 17.547, 38.08, 4.67433e-05
_1811_, 17.547, 38.08, 4.67433e-05
_2039_, 17.547, 38.08, 4.67433e-05
FILLER_0_9_15, 17.547, 38.08, 4.67433e-05
FILLER_0_11_34, 17.547, 38.08, 4.67433e-05
_0894_, 39.953, 38.08, 4.21219e-05
_1778_, 39.953, 38.08, 4.21219e-05
FILLER_0_9_68, 39.953, 38.08, 4.21219e-05
FILLER_0_10_76, 39.953, 38.08, 4.21219e-05
_0900_, 50.332, 38.08, 4.8189e-05
_0934_, 50.332, 38.08, 4.8189e-05
_0935_, 50.332, 38.08, 4.8189e-05
hold31, 50.332, 38.08, 4.8189e-05
_2013_, 60.711, 38.08, 5.42497e-05
clkbuf_leaf_24_clk, 60.711, 38.08, 5.42497e-05
FILLER_0_9_113, 60.711, 38.08, 5.42497e-05
FILLER_0_10_116, 60.711, 38.08, 5.42497e-05
_1716_, 81.468, 38.08, 3.61213e-05
_2018_, 81.468, 38.08, 3.61213e-05
hold52, 81.468, 38.08, 3.61213e-05
_1496_, 91.847, 38.08, 3.62064e-05
_2014_, 91.847, 38.08, 3.62064e-05
_0939_, 102.226, 38.08, 3.19749e-05
_1815_, 102.226, 38.08, 3.19749e-05
_2015_, 102.226, 38.08, 3.19749e-05
FILLER_0_9_209, 102.226, 38.08, 3.19749e-05
_1251_, 122.983, 38.08, 1.81865e-05
hold196, 122.983, 38.08, 1.81865e-05
_1254_, 133.362, 38.08, 1.72589e-05
_1907_, 133.362, 38.08, 1.72589e-05
FILLER_0_9_270, 133.362, 38.08, 1.72589e-05
FILLER_0_10_299, 143.741, 38.08, 1.20108e-05
FILLER_0_11_349, 162.85, 38.08, 6.76266e-06
PHY_EDGE_ROW_7_Left_68, 5.52, 32.64, 1.61001e-05
PHY_EDGE_ROW_8_Left_69, 5.52, 32.64, 1.61001e-05
PHY_EDGE_ROW_7_Right_7, 171.58, 32.64, 1.37115e-06
PHY_EDGE_ROW_8_Right_8, 171.58, 32.64, 1.37115e-06
_0889_, 17.547, 32.64, 1.61001e-05
_0896_, 17.547, 32.64, 1.61001e-05
hold79, 17.547, 32.64, 1.61001e-05
FILLER_0_8_38, 17.547, 32.64, 1.61001e-05
_0912_, 39.953, 32.64, 2.30715e-05
_0944_, 39.953, 32.64, 2.30715e-05
_0945_, 39.953, 32.64, 2.30715e-05
_2046_, 39.953, 32.64, 2.30715e-05
FILLER_0_8_79, 39.953, 32.64, 2.30715e-05
FILLER_0_8_85, 39.953, 32.64, 2.30715e-05
FILLER_0_9_81, 39.953, 32.64, 2.30715e-05
_0893_, 50.332, 32.64, 2.6686e-05
_0901_, 50.332, 32.64, 2.6686e-05
_2037_, 50.332, 32.64, 2.6686e-05
FILLER_0_8_91, 50.332, 32.64, 2.6686e-05
FILLER_0_9_108, 50.332, 32.64, 2.6686e-05
_0902_, 60.711, 32.64, 2.59839e-05
_0927_, 60.711, 32.64, 2.59839e-05
_1809_, 60.711, 32.64, 2.59839e-05
_2042_, 60.711, 32.64, 2.59839e-05
hold59, 60.711, 32.64, 2.59839e-05
_0920_, 81.468, 32.64, 1.34955e-05
_0937_, 81.468, 32.64, 1.34955e-05
_1493_, 81.468, 32.64, 1.34955e-05
FILLER_0_7_157, 81.468, 32.64, 1.34955e-05
FILLER_0_7_164, 81.468, 32.64, 1.34955e-05
FILLER_0_9_175, 81.468, 32.64, 1.34955e-05
_0922_, 91.847, 32.64, 1.03231e-05
FILLER_0_8_193, 91.847, 32.64, 1.03231e-05
FILLER_0_8_197, 91.847, 32.64, 1.03231e-05
_0905_, 102.226, 32.64, 7.15071e-06
_0938_, 102.226, 32.64, 7.15071e-06
_1487_, 102.226, 32.64, 7.15071e-06
FILLER_0_8_205, 102.226, 32.64, 7.15071e-06
FILLER_0_7_276, 133.362, 32.64, 2.67153e-06
FILLER_0_8_301, 143.741, 32.64, 2.02132e-06
FILLER_0_9_349, 162.85, 32.64, 1.37113e-06
PHY_EDGE_ROW_5_Left_66, 5.52, 27.2, 1.19345e-05
PHY_EDGE_ROW_6_Left_67, 5.52, 27.2, 1.19345e-05
PHY_EDGE_ROW_5_Right_5, 171.58, 27.2, 1.78143e-06
PHY_EDGE_ROW_6_Right_6, 171.58, 27.2, 1.78143e-06
FILLER_0_7_39, 17.547, 27.2, 1.19345e-05
_0911_, 39.953, 27.2, 1.99935e-05
_2041_, 39.953, 27.2, 1.99935e-05
hold130, 39.953, 27.2, 1.99935e-05
FILLER_0_6_68, 39.953, 27.2, 1.99935e-05
FILLER_0_6_76, 39.953, 27.2, 1.99935e-05
_0892_, 50.332, 27.2, 2.37334e-05
_0904_, 50.332, 27.2, 2.37334e-05
_0918_, 50.332, 27.2, 2.37334e-05
_0926_, 50.332, 27.2, 2.37334e-05
_2049_, 50.332, 27.2, 2.37334e-05
hold63, 50.332, 27.2, 2.37334e-05
FILLER_0_5_89, 50.332, 27.2, 2.37334e-05
FILLER_0_7_99, 50.332, 27.2, 2.37334e-05
_0903_, 60.711, 27.2, 2.19142e-05
_0950_, 60.711, 27.2, 2.19142e-05
_0951_, 60.711, 27.2, 2.19142e-05
_1781_, 60.711, 27.2, 2.19142e-05
FILLER_0_6_128, 60.711, 27.2, 2.19142e-05
_0919_, 81.468, 27.2, 2.59998e-05
_1782_, 81.468, 27.2, 2.59998e-05
_2050_, 81.468, 27.2, 2.59998e-05
hold20, 81.468, 27.2, 2.59998e-05
FILLER_0_5_159, 81.468, 27.2, 2.59998e-05
_0921_, 91.847, 27.2, 2.75889e-05
_0953_, 91.847, 27.2, 2.75889e-05
_0955_, 91.847, 27.2, 2.75889e-05
_1783_, 91.847, 27.2, 2.75889e-05
_2051_, 91.847, 27.2, 2.75889e-05
hold42, 91.847, 27.2, 2.75889e-05
FILLER_0_5_180, 91.847, 27.2, 2.75889e-05
FILLER_0_7_189, 91.847, 27.2, 2.75889e-05
_0954_, 102.226, 27.2, 2.05415e-05
_2043_, 102.226, 27.2, 2.05415e-05
hold37, 102.226, 27.2, 2.05415e-05
FILLER_0_5_273, 133.362, 27.2, 5.47794e-06
FILLER_0_6_301, 143.741, 27.2, 3.62967e-06
FILLER_0_7_349, 162.85, 27.2, 1.78141e-06
PHY_EDGE_ROW_3_Left_64, 5.52, 21.76, 1.39101e-06
PHY_EDGE_ROW_4_Left_65, 5.52, 21.76, 1.39101e-06
PHY_EDGE_ROW_3_Right_3, 171.58, 21.76, 9.04006e-08
PHY_EDGE_ROW_4_Right_4, 171.58, 21.76, 9.04006e-08
FILLER_0_4_77, 39.953, 21.76, 2.74985e-06
_0917_, 50.332, 21.76, 4.10885e-06
_2045_, 60.711, 21.76, 5.46465e-06
FILLER_0_4_127, 60.711, 21.76, 5.46465e-06
_0952_, 81.468, 21.76, 1.99044e-06
FILLER_0_3_161, 81.468, 21.76, 1.99044e-06
FILLER_0_5_169, 81.468, 21.76, 1.99044e-06
FILLER_0_4_189, 91.847, 21.76, 1.47377e-06
FILLER_0_5_215, 102.226, 21.76, 9.57101e-07
FILLER_0_4_245, 122.983, 21.76, 3.52926e-07
FILLER_0_3_273, 133.362, 21.76, 2.65414e-07
FILLER_0_4_301, 143.741, 21.76, 1.77893e-07
FILLER_0_5_349, 162.85, 21.76, 9.03859e-08
PHY_EDGE_ROW_1_Left_62, 5.52, 16.32, 8.83151e-08
PHY_EDGE_ROW_2_Left_63, 5.52, 16.32, 8.83151e-08
PHY_EDGE_ROW_1_Right_1, 171.58, 16.32, 1.32574e-08
PHY_EDGE_ROW_2_Right_2, 171.58, 16.32, 1.32574e-08
FILLER_0_2_77, 39.953, 16.32, 9.48747e-08
FILLER_0_3_105, 50.332, 16.32, 1.01467e-07
FILLER_0_1_161, 81.468, 16.32, 9.59471e-08
FILLER_0_2_189, 91.847, 16.32, 7.72503e-08
FILLER_0_3_217, 102.226, 16.32, 5.85447e-08
FILLER_0_2_245, 122.983, 16.32, 3.31915e-08
FILLER_0_1_273, 133.362, 16.32, 2.65433e-08
FILLER_0_2_301, 143.741, 16.32, 1.98863e-08
FILLER_0_3_349, 162.85, 16.32, 1.32427e-08
PHY_EDGE_ROW_0_Left_61, 5.52, 10.88, 8.84193e-08
PHY_EDGE_ROW_0_Right_0, 171.58, 10.88, 1.36602e-08
FILLER_0_0_81, 39.953, 10.88, 9.47466e-08
FILLER_0_1_105, 50.332, 10.88, 1.01086e-07
FILLER_0_0_109, 60.711, 10.88, 1.07417e-07
FILLER_0_0_165, 81.468, 10.88, 9.53767e-08
FILLER_0_0_193, 91.847, 10.88, 7.70041e-08
FILLER_0_0_221, 102.226, 10.88, 5.86227e-08
FILLER_0_1_217, 102.226, 10.88, 5.86227e-08
FILLER_0_0_249, 122.983, 10.88, 3.35873e-08
FILLER_0_0_277, 133.362, 10.88, 2.69414e-08
FILLER_0_0_305, 143.741, 10.88, 2.02868e-08
FILLER_0_0_333, 162.85, 10.88, 1.36528e-08
FILLER_0_0_349, 162.85, 10.88, 1.36528e-08
FILLER_0_1_349, 162.85, 10.88, 1.36528e-08

