Instance name, X location, Y location, Voltage
_1407_, 150.82, 176.8, 1.8
FILLER_0_60_309, 150.82, 176.8, 1.8
_1408_, 150.82, 171.36, 1.79997
_1961_, 150.82, 171.36, 1.79997
_1977_, 150.82, 171.36, 1.79997
hold173, 150.82, 171.36, 1.79997
FILLER_0_58_309, 150.82, 171.36, 1.79997
_1369_, 150.82, 165.92, 1.79999
_1373_, 150.82, 165.92, 1.79999
hold197, 150.82, 165.92, 1.79999
_1230_, 150.82, 160.48, 1.79997
_1352_, 150.82, 160.48, 1.79997
_1353_, 150.82, 160.48, 1.79997
_1651_, 150.82, 160.48, 1.79997
_1951_, 150.82, 160.48, 1.79997
FILLER_0_54_309, 150.82, 160.48, 1.79997
_1221_, 150.82, 155.04, 1.79997
_1401_, 150.82, 155.04, 1.79997
_1402_, 150.82, 155.04, 1.79997
hold169, 150.82, 155.04, 1.79997
hold266, 150.82, 155.04, 1.79997
FILLER_0_52_309, 150.82, 155.04, 1.79997
FILLER_0_53_322, 150.82, 155.04, 1.79997
_1368_, 150.82, 149.6, 1.79998
_1397_, 150.82, 149.6, 1.79998
_1958_, 150.82, 149.6, 1.79998
_1974_, 150.82, 149.6, 1.79998
FILLER_0_50_305, 150.82, 149.6, 1.79998
_1347_, 150.82, 144.16, 1.79997
_1367_, 150.82, 144.16, 1.79997
_1576_, 150.82, 144.16, 1.79997
hold101, 150.82, 144.16, 1.79997
hold165, 150.82, 144.16, 1.79997
ANTENNA_1, 150.82, 144.16, 1.79997
FILLER_0_49_327, 150.82, 144.16, 1.79997
FILLER_0_50_322, 150.82, 144.16, 1.79997
_1346_, 150.82, 138.72, 1.79999
FILLER_0_46_305, 150.82, 138.72, 1.79999
_1365_, 150.82, 133.28, 1.79998
_1366_, 150.82, 133.28, 1.79998
hold82, 150.82, 133.28, 1.79998
hold117, 150.82, 133.28, 1.79998
hold233, 150.82, 133.28, 1.79998
FILLER_0_46_321, 150.82, 133.28, 1.79998
_1294_, 150.82, 127.84, 1.79999
_1610_, 150.82, 127.84, 1.79999
_1957_, 150.82, 127.84, 1.79999
hold235, 150.82, 127.84, 1.79999
FILLER_0_43_307, 150.82, 127.84, 1.79999
FILLER_0_43_327, 150.82, 127.84, 1.79999
_1297_, 150.82, 122.4, 1.79997
_1924_, 150.82, 122.4, 1.79997
clkbuf_leaf_14_clk, 150.82, 122.4, 1.79997
FILLER_0_41_317, 150.82, 122.4, 1.79997
_1080_, 150.82, 116.96, 1.79998
_1281_, 150.82, 116.96, 1.79998
_1293_, 150.82, 116.96, 1.79998
_1628_, 150.82, 116.96, 1.79998
FILLER_0_39_314, 150.82, 116.96, 1.79998
FILLER_0_39_323, 150.82, 116.96, 1.79998
FILLER_0_40_318, 150.82, 116.96, 1.79998
_1081_, 150.82, 111.52, 1.79998
_1160_, 150.82, 111.52, 1.79998
_1280_, 150.82, 111.52, 1.79998
_1627_, 150.82, 111.52, 1.79998
_1918_, 150.82, 111.52, 1.79998
FILLER_0_36_305, 150.82, 111.52, 1.79998
_1314_, 150.82, 106.08, 1.79997
_1315_, 150.82, 106.08, 1.79997
hold36, 150.82, 106.08, 1.79997
_1304_, 150.82, 100.64, 1.79998
_1929_, 150.82, 100.64, 1.79998
hold69, 150.82, 100.64, 1.79998
FILLER_0_32_309, 150.82, 100.64, 1.79998
FILLER_0_33_307, 150.82, 100.64, 1.79998
FILLER_0_33_315, 150.82, 100.64, 1.79998
FILLER_0_34_318, 150.82, 100.64, 1.79998
FILLER_0_34_324, 150.82, 100.64, 1.79998
_1282_, 150.82, 95.2, 1.79998
_1303_, 150.82, 95.2, 1.79998
_1321_, 150.82, 95.2, 1.79998
_1937_, 150.82, 95.2, 1.79998
_1266_, 150.82, 89.76, 1.79998
_1283_, 150.82, 89.76, 1.79998
_1320_, 150.82, 89.76, 1.79998
_1577_, 150.82, 89.76, 1.79998
_1911_, 150.82, 89.76, 1.79998
FILLER_0_29_320, 150.82, 89.76, 1.79998
FILLER_0_30_321, 150.82, 89.76, 1.79998
_1265_, 150.82, 84.32, 1.79998
_1313_, 150.82, 84.32, 1.79998
hold106, 150.82, 84.32, 1.79998
hold159, 150.82, 84.32, 1.79998
FILLER_0_27_306, 150.82, 84.32, 1.79998
FILLER_0_27_322, 150.82, 84.32, 1.79998
_1296_, 150.82, 78.88, 1.79995
_1925_, 150.82, 78.88, 1.79995
_1933_, 150.82, 78.88, 1.79995
FILLER_0_24_305, 150.82, 78.88, 1.79995
FILLER_0_24_309, 150.82, 78.88, 1.79995
FILLER_0_25_309, 150.82, 78.88, 1.79995
FILLER_0_26_320, 150.82, 78.88, 1.79995
_0966_, 150.82, 73.44, 1.79999
_1295_, 150.82, 73.44, 1.79999
_1377_, 150.82, 73.44, 1.79999
_1412_, 150.82, 73.44, 1.79999
hold68, 150.82, 73.44, 1.79999
FILLER_0_22_309, 150.82, 73.44, 1.79999
_1411_, 150.82, 68, 1.79998
_1734_, 150.82, 68, 1.79998
_1979_, 150.82, 68, 1.79998
FILLER_0_20_309, 150.82, 68, 1.79998
_1214_, 150.82, 62.56, 1.79999
_1325_, 150.82, 62.56, 1.79999
_1617_, 150.82, 62.56, 1.79999
hold134, 150.82, 62.56, 1.79999
FILLER_0_18_309, 150.82, 62.56, 1.79999
FILLER_0_19_320, 150.82, 62.56, 1.79999
FILLER_0_20_323, 150.82, 62.56, 1.79999
_1324_, 150.82, 57.12, 1.79999
_1939_, 150.82, 57.12, 1.79999
hold152, 150.82, 57.12, 1.79999
_1272_, 150.82, 51.68, 1.79996
_1307_, 150.82, 51.68, 1.79996
_1308_, 150.82, 51.68, 1.79996
_1728_, 150.82, 51.68, 1.79996
_1931_, 150.82, 51.68, 1.79996
hold116, 150.82, 51.68, 1.79996
FILLER_0_15_310, 150.82, 51.68, 1.79996
FILLER_0_16_320, 150.82, 51.68, 1.79996
_0962_, 150.82, 46.24, 1.79999
FILLER_0_13_309, 150.82, 46.24, 1.79999
FILLER_0_13_327, 150.82, 46.24, 1.79999
FILLER_0_11_325, 150.82, 40.8, 1.79999
FILLER_0_0_305, 150.82, 13.6, 1.8
_1668_, 109.305, 176.8, 1.79999
output17, 109.305, 176.8, 1.79999
_1596_, 109.305, 171.36, 1.79996
_2069_, 109.305, 171.36, 1.79996
hold287, 109.305, 171.36, 1.79996
FILLER_0_60_231, 109.305, 171.36, 1.79996
_1695_, 109.305, 165.92, 1.79999
_1725_, 109.305, 165.92, 1.79999
_1726_, 109.305, 165.92, 1.79999
_1727_, 109.305, 165.92, 1.79999
_2072_, 109.305, 165.92, 1.79999
FILLER_0_57_215, 109.305, 165.92, 1.79999
FILLER_0_57_225, 109.305, 165.92, 1.79999
_1741_, 109.305, 160.48, 1.79998
_1742_, 109.305, 160.48, 1.79998
_1743_, 109.305, 160.48, 1.79998
_1904_, 109.305, 160.48, 1.79998
FILLER_0_55_225, 109.305, 160.48, 1.79998
_1247_, 109.305, 155.04, 1.79998
_1388_, 109.305, 155.04, 1.79998
_1691_, 109.305, 155.04, 1.79998
FILLER_0_52_220, 109.305, 155.04, 1.79998
FILLER_0_53_216, 109.305, 155.04, 1.79998
FILLER_0_53_225, 109.305, 155.04, 1.79998
FILLER_0_54_233, 109.305, 155.04, 1.79998
_1389_, 109.305, 149.6, 1.79998
_1690_, 109.305, 149.6, 1.79998
_1968_, 109.305, 149.6, 1.79998
hold4, 109.305, 149.6, 1.79998
_1091_, 109.305, 144.16, 1.79997
_1096_, 109.305, 144.16, 1.79997
_1840_, 109.305, 144.16, 1.79997
FILLER_0_48_221, 109.305, 144.16, 1.79997
FILLER_0_49_217, 109.305, 144.16, 1.79997
_1095_, 109.305, 138.72, 1.79997
_1744_, 109.305, 138.72, 1.79997
_1745_, 109.305, 138.72, 1.79997
clkbuf_leaf_10_clk, 109.305, 138.72, 1.79997
hold286, 109.305, 138.72, 1.79997
FILLER_0_47_219, 109.305, 138.72, 1.79997
FILLER_0_47_229, 109.305, 138.72, 1.79997
_1098_, 109.305, 133.28, 1.79997
_1757_, 109.305, 133.28, 1.79997
_1758_, 109.305, 133.28, 1.79997
_1841_, 109.305, 133.28, 1.79997
_2078_, 109.305, 133.28, 1.79997
FILLER_0_44_218, 109.305, 133.28, 1.79997
_1090_, 109.305, 127.84, 1.79998
_1675_, 109.305, 127.84, 1.79998
_1837_, 109.305, 127.84, 1.79998
FILLER_0_42_225, 109.305, 127.84, 1.79998
FILLER_0_43_220, 109.305, 127.84, 1.79998
FILLER_0_43_225, 109.305, 127.84, 1.79998
_1089_, 109.305, 122.4, 1.79998
_1747_, 109.305, 122.4, 1.79998
_1748_, 109.305, 122.4, 1.79998
_1749_, 109.305, 122.4, 1.79998
FILLER_0_40_217, 109.305, 122.4, 1.79998
FILLER_0_41_221, 109.305, 122.4, 1.79998
_1704_, 109.305, 116.96, 1.79997
_1750_, 109.305, 116.96, 1.79997
_2073_, 109.305, 116.96, 1.79997
_2074_, 109.305, 116.96, 1.79997
FILLER_0_38_225, 109.305, 116.96, 1.79997
FILLER_0_39_218, 109.305, 116.96, 1.79997
_1670_, 109.305, 111.52, 1.79999
hold280, 109.305, 111.52, 1.79999
hold281, 109.305, 111.52, 1.79999
_1150_, 109.305, 106.08, 1.79997
_1189_, 109.305, 106.08, 1.79997
_1880_, 109.305, 106.08, 1.79997
FILLER_0_35_221, 109.305, 106.08, 1.79997
FILLER_0_35_225, 109.305, 106.08, 1.79997
_1229_, 109.305, 100.64, 1.79993
_1896_, 109.305, 100.64, 1.79993
clkbuf_1_1__f_clk, 109.305, 100.64, 1.79993
hold210, 109.305, 100.64, 1.79993
FILLER_0_34_227, 109.305, 100.64, 1.79993
_1192_, 109.305, 95.2, 1.79996
_1881_, 109.305, 95.2, 1.79996
clkbuf_leaf_16_clk, 109.305, 95.2, 1.79996
_1094_, 109.305, 89.76, 1.79998
_1141_, 109.305, 89.76, 1.79998
_1142_, 109.305, 89.76, 1.79998
_1191_, 109.305, 89.76, 1.79998
_1584_, 109.305, 89.76, 1.79998
FILLER_0_29_221, 109.305, 89.76, 1.79998
FILLER_0_30_229, 109.305, 89.76, 1.79998
_1724_, 109.305, 84.32, 1.79998
_1860_, 109.305, 84.32, 1.79998
FILLER_0_26_217, 109.305, 84.32, 1.79998
FILLER_0_27_219, 109.305, 84.32, 1.79998
_1182_, 109.305, 78.88, 1.79996
_1876_, 109.305, 78.88, 1.79996
_1892_, 109.305, 78.88, 1.79996
FILLER_0_24_220, 109.305, 78.88, 1.79996
FILLER_0_26_227, 109.305, 78.88, 1.79996
_1181_, 109.305, 73.44, 1.79998
_1586_, 109.305, 73.44, 1.79998
_1602_, 109.305, 73.44, 1.79998
_1740_, 109.305, 73.44, 1.79998
hold260, 109.305, 73.44, 1.79998
FILLER_0_23_218, 109.305, 73.44, 1.79998
_1184_, 109.305, 68, 1.79997
_1877_, 109.305, 68, 1.79997
hold211, 109.305, 68, 1.79997
FILLER_0_21_225, 109.305, 68, 1.79997
_1088_, 109.305, 62.56, 1.79998
_1836_, 109.305, 62.56, 1.79998
hold251, 109.305, 62.56, 1.79998
FILLER_0_19_217, 109.305, 62.56, 1.79998
FILLER_0_19_225, 109.305, 62.56, 1.79998
_1087_, 109.305, 57.12, 1.79999
_1714_, 109.305, 57.12, 1.79999
_1964_, 109.305, 57.12, 1.79999
FILLER_0_16_221, 109.305, 57.12, 1.79999
_0961_, 109.305, 51.68, 1.79997
_1099_, 109.305, 51.68, 1.79997
_1101_, 109.305, 51.68, 1.79997
_1733_, 109.305, 51.68, 1.79997
_1843_, 109.305, 51.68, 1.79997
hold284, 109.305, 51.68, 1.79997
FILLER_0_16_236, 109.305, 51.68, 1.79997
hold214, 109.305, 46.24, 1.79998
FILLER_0_13_233, 109.305, 46.24, 1.79998
_1970_, 109.305, 40.8, 1.79996
_2015_, 109.305, 40.8, 1.79996
FILLER_0_11_225, 109.305, 40.8, 1.79996
_1393_, 109.305, 35.36, 1.79999
_1486_, 109.305, 35.36, 1.79999
_1487_, 109.305, 35.36, 1.79999
_1906_, 109.305, 35.36, 1.79999
hold10, 109.305, 35.36, 1.79999
_0906_, 109.305, 29.92, 1.79999
FILLER_0_5_215, 109.305, 24.48, 1.8
FILLER_0_3_217, 109.305, 19.04, 1.8
FILLER_0_0_221, 109.305, 13.6, 1.8
FILLER_0_1_217, 109.305, 13.6, 1.8
input11, 67.79, 176.8, 1.8
FILLER_0_60_131, 67.79, 176.8, 1.8
_1991_, 67.79, 171.36, 1.79997
hold273, 67.79, 171.36, 1.79997
hold278, 67.79, 171.36, 1.79997
FILLER_0_60_141, 67.79, 171.36, 1.79997
_1437_, 67.79, 165.92, 1.79999
_1438_, 67.79, 165.92, 1.79999
hold270, 67.79, 165.92, 1.79999
FILLER_0_57_128, 67.79, 165.92, 1.79999
_1436_, 67.79, 160.48, 1.79998
_1454_, 67.79, 160.48, 1.79998
_1455_, 67.79, 160.48, 1.79998
_1680_, 67.79, 160.48, 1.79998
_1999_, 67.79, 160.48, 1.79998
FILLER_0_54_132, 67.79, 160.48, 1.79998
_1463_, 67.79, 155.04, 1.79997
_1621_, 67.79, 155.04, 1.79997
_2003_, 67.79, 155.04, 1.79997
FILLER_0_54_141, 67.79, 155.04, 1.79997
_1462_, 67.79, 149.6, 1.79998
_1831_, 67.79, 149.6, 1.79998
hold279, 67.79, 149.6, 1.79998
_1070_, 67.79, 144.16, 1.79997
_1071_, 67.79, 144.16, 1.79997
_1624_, 67.79, 144.16, 1.79997
_1625_, 67.79, 144.16, 1.79997
hold241, 67.79, 144.16, 1.79997
FILLER_0_50_136, 67.79, 144.16, 1.79997
_1028_, 67.79, 138.72, 1.79997
_1765_, 67.79, 138.72, 1.79997
_2081_, 67.79, 138.72, 1.79997
FILLER_0_46_135, 67.79, 138.72, 1.79997
FILLER_0_47_137, 67.79, 138.72, 1.79997
FILLER_0_48_141, 67.79, 138.72, 1.79997
_1109_, 67.79, 133.28, 1.79997
_1631_, 67.79, 133.28, 1.79997
hold141, 67.79, 133.28, 1.79997
FILLER_0_44_131, 67.79, 133.28, 1.79997
FILLER_0_45_134, 67.79, 133.28, 1.79997
_1108_, 67.79, 127.84, 1.79998
_1609_, 67.79, 127.84, 1.79998
_1786_, 67.79, 127.84, 1.79998
_1127_, 67.79, 122.4, 1.79998
hold102, 67.79, 122.4, 1.79998
hold225, 67.79, 122.4, 1.79998
hold226, 67.79, 122.4, 1.79998
FILLER_0_40_126, 67.79, 122.4, 1.79998
FILLER_0_41_137, 67.79, 122.4, 1.79998
_1126_, 67.79, 116.96, 1.79997
_1447_, 67.79, 116.96, 1.79997
_1854_, 67.79, 116.96, 1.79997
hold149, 67.79, 116.96, 1.79997
FILLER_0_38_134, 67.79, 116.96, 1.79997
FILLER_0_40_136, 67.79, 116.96, 1.79997
_1163_, 67.79, 111.52, 1.79998
_1514_, 67.79, 111.52, 1.79998
_1699_, 67.79, 111.52, 1.79998
hold217, 67.79, 111.52, 1.79998
_1133_, 67.79, 106.08, 1.79998
_1888_, 67.79, 106.08, 1.79998
FILLER_0_35_138, 67.79, 106.08, 1.79998
_1129_, 67.79, 100.64, 1.79993
_1202_, 67.79, 100.64, 1.79993
_1203_, 67.79, 100.64, 1.79993
_1886_, 67.79, 100.64, 1.79993
hold199, 67.79, 100.64, 1.79993
FILLER_0_33_137, 67.79, 100.64, 1.79993
_1128_, 67.79, 95.2, 1.79996
_1855_, 67.79, 95.2, 1.79996
clkbuf_leaf_2_clk, 67.79, 95.2, 1.79996
FILLER_0_31_127, 67.79, 95.2, 1.79996
_1529_, 67.79, 89.76, 1.79998
_1887_, 67.79, 89.76, 1.79998
hold219, 67.79, 89.76, 1.79998
FILLER_0_28_135, 67.79, 89.76, 1.79998
FILLER_0_29_144, 67.79, 89.76, 1.79998
FILLER_0_30_137, 67.79, 89.76, 1.79998
FILLER_0_30_141, 67.79, 89.76, 1.79998
_1039_, 67.79, 84.32, 1.79998
_1593_, 67.79, 84.32, 1.79998
_1890_, 67.79, 84.32, 1.79998
hold228, 67.79, 84.32, 1.79998
FILLER_0_26_135, 67.79, 84.32, 1.79998
FILLER_0_27_139, 67.79, 84.32, 1.79998
_1735_, 67.79, 78.88, 1.79996
FILLER_0_26_141, 67.79, 78.88, 1.79996
_1038_, 67.79, 73.44, 1.79997
hold272, 67.79, 73.44, 1.79997
FILLER_0_23_134, 67.79, 73.44, 1.79997
_1853_, 67.79, 68, 1.79997
hold90, 67.79, 68, 1.79997
hold147, 67.79, 68, 1.79997
FILLER_0_21_145, 67.79, 68, 1.79997
_0999_, 67.79, 62.56, 1.79998
_1124_, 67.79, 62.56, 1.79998
_1125_, 67.79, 62.56, 1.79998
_1122_, 67.79, 57.12, 1.79999
_1123_, 67.79, 57.12, 1.79999
_1774_, 67.79, 57.12, 1.79999
_1775_, 67.79, 57.12, 1.79999
_2086_, 67.79, 57.12, 1.79999
FILLER_0_18_136, 67.79, 57.12, 1.79999
_1773_, 67.79, 51.68, 1.79996
_1852_, 67.79, 51.68, 1.79996
clkbuf_leaf_23_clk, 67.79, 51.68, 1.79996
hold166, 67.79, 51.68, 1.79996
FILLER_0_14_133, 67.79, 51.68, 1.79996
_1482_, 67.79, 46.24, 1.79998
_1483_, 67.79, 46.24, 1.79998
_2085_, 67.79, 46.24, 1.79998
hold18, 67.79, 46.24, 1.79998
hold154, 67.79, 46.24, 1.79998
_1600_, 67.79, 40.8, 1.79995
_2009_, 67.79, 40.8, 1.79995
clkbuf_leaf_24_clk, 67.79, 40.8, 1.79995
FILLER_0_11_139, 67.79, 40.8, 1.79995
_1809_, 67.79, 35.36, 1.79999
FILLER_0_9_141, 67.79, 35.36, 1.79999
FILLER_0_10_137, 67.79, 35.36, 1.79999
FILLER_0_10_141, 67.79, 35.36, 1.79999
_0942_, 67.79, 29.92, 1.79998
_1777_, 67.79, 29.92, 1.79998
hold77, 67.79, 29.92, 1.79998
FILLER_0_6_128, 67.79, 29.92, 1.79998
_0909_, 67.79, 24.48, 1.79999
_0910_, 67.79, 24.48, 1.79999
_2045_, 67.79, 24.48, 1.79999
hold35, 67.79, 24.48, 1.79999
FILLER_0_4_127, 67.79, 24.48, 1.79999
FILLER_0_6_141, 67.79, 24.48, 1.79999
FILLER_0_2_133, 67.79, 19.04, 1.8
FILLER_0_0_137, 67.79, 13.6, 1.8
input6, 26.275, 176.8, 1.8
_1833_, 26.275, 171.36, 1.79997
FILLER_0_58_40, 26.275, 171.36, 1.79997
FILLER_0_59_36, 26.275, 171.36, 1.79997
_1075_, 26.275, 165.92, 1.79997
_1416_, 26.275, 165.92, 1.79997
_1458_, 26.275, 165.92, 1.79997
_2001_, 26.275, 165.92, 1.79997
hold67, 26.275, 165.92, 1.79997
FILLER_0_57_43, 26.275, 165.92, 1.79997
_1414_, 26.275, 160.48, 1.79999
hold83, 26.275, 160.48, 1.79999
hold178, 26.275, 160.48, 1.79999
FILLER_0_55_49, 26.275, 160.48, 1.79999
_1581_, 26.275, 155.04, 1.79996
_1980_, 26.275, 155.04, 1.79996
hold98, 26.275, 155.04, 1.79996
_1578_, 26.275, 149.6, 1.79997
hold111, 26.275, 149.6, 1.79997
FILLER_0_51_47, 26.275, 149.6, 1.79997
FILLER_0_52_53, 26.275, 149.6, 1.79997
_1872_, 26.275, 144.16, 1.79995
_2031_, 26.275, 144.16, 1.79995
_1011_, 26.275, 138.72, 1.79997
_1012_, 26.275, 138.72, 1.79997
_1521_, 26.275, 138.72, 1.79997
_1795_, 26.275, 138.72, 1.79997
hold41, 26.275, 138.72, 1.79997
FILLER_0_47_51, 26.275, 138.72, 1.79997
FILLER_0_48_46, 26.275, 138.72, 1.79997
_1171_, 26.275, 133.28, 1.79997
hold201, 26.275, 133.28, 1.79997
_1007_, 26.275, 127.84, 1.79999
_1793_, 26.275, 127.84, 1.79999
hold140, 26.275, 127.84, 1.79999
FILLER_0_44_52, 26.275, 127.84, 1.79999
_1008_, 26.275, 122.4, 1.79998
_1042_, 26.275, 122.4, 1.79998
_2029_, 26.275, 122.4, 1.79998
FILLER_0_41_52, 26.275, 122.4, 1.79998
_1015_, 26.275, 116.96, 1.79995
_1547_, 26.275, 116.96, 1.79995
_1797_, 26.275, 116.96, 1.79995
hold192, 26.275, 116.96, 1.79995
FILLER_0_39_39, 26.275, 116.96, 1.79995
FILLER_0_39_53, 26.275, 116.96, 1.79995
_2033_, 26.275, 111.52, 1.79998
hold206, 26.275, 111.52, 1.79998
FILLER_0_36_37, 26.275, 111.52, 1.79998
_1016_, 26.275, 106.08, 1.79998
_1053_, 26.275, 106.08, 1.79998
_1822_, 26.275, 106.08, 1.79998
FILLER_0_35_51, 26.275, 106.08, 1.79998
FILLER_0_36_50, 26.275, 106.08, 1.79998
_1040_, 26.275, 100.64, 1.79996
_1041_, 26.275, 100.64, 1.79996
_1052_, 26.275, 100.64, 1.79996
hold276, 26.275, 100.64, 1.79996
FILLER_0_33_35, 26.275, 100.64, 1.79996
FILLER_0_33_49, 26.275, 100.64, 1.79996
_1006_, 26.275, 95.2, 1.79997
_1792_, 26.275, 95.2, 1.79997
_1816_, 26.275, 95.2, 1.79997
FILLER_0_31_53, 26.275, 95.2, 1.79997
FILLER_0_32_46, 26.275, 95.2, 1.79997
_1019_, 26.275, 89.76, 1.79998
_1021_, 26.275, 89.76, 1.79998
hold120, 26.275, 89.76, 1.79998
FILLER_0_29_50, 26.275, 89.76, 1.79998
_1018_, 26.275, 84.32, 1.79997
_1020_, 26.275, 84.32, 1.79997
_1798_, 26.275, 84.32, 1.79997
_1799_, 26.275, 84.32, 1.79997
_1056_, 26.275, 78.88, 1.79996
_1057_, 26.275, 78.88, 1.79996
hold133, 26.275, 78.88, 1.79996
hold135, 26.275, 78.88, 1.79996
FILLER_0_25_46, 26.275, 78.88, 1.79996
_0899_, 26.275, 73.44, 1.79998
_1490_, 26.275, 73.44, 1.79998
_1824_, 26.275, 73.44, 1.79998
_2040_, 26.275, 73.44, 1.79998
FILLER_0_22_44, 26.275, 73.44, 1.79998
FILLER_0_23_50, 26.275, 73.44, 1.79998
_1465_, 26.275, 68, 1.79998
_1489_, 26.275, 68, 1.79998
_2004_, 26.275, 68, 1.79998
_2016_, 26.275, 68, 1.79998
hold230, 26.275, 68, 1.79998
_1464_, 26.275, 62.56, 1.79997
_2048_, 26.275, 62.56, 1.79997
clkbuf_leaf_26_clk, 26.275, 62.56, 1.79997
hold91, 26.275, 62.56, 1.79997
_0908_, 26.275, 57.12, 1.79998
_1468_, 26.275, 57.12, 1.79998
_1469_, 26.275, 57.12, 1.79998
_2006_, 26.275, 57.12, 1.79998
hold131, 26.275, 57.12, 1.79998
hold188, 26.275, 57.12, 1.79998
FILLER_0_17_49, 26.275, 57.12, 1.79998
_1004_, 26.275, 51.68, 1.79998
FILLER_0_14_44, 26.275, 51.68, 1.79998
_1656_, 26.275, 46.24, 1.79998
_2011_, 26.275, 46.24, 1.79998
hold128, 26.275, 46.24, 1.79998
FILLER_0_12_41, 26.275, 46.24, 1.79998
clkbuf_leaf_25_clk, 26.275, 40.8, 1.79995
FILLER_0_11_34, 26.275, 40.8, 1.79995
FILLER_0_11_42, 26.275, 40.8, 1.79995
_0889_, 26.275, 35.36, 1.79998
_0891_, 26.275, 35.36, 1.79998
_0930_, 26.275, 35.36, 1.79998
_1779_, 26.275, 35.36, 1.79998
_2036_, 26.275, 35.36, 1.79998
hold79, 26.275, 35.36, 1.79998
FILLER_0_8_38, 26.275, 35.36, 1.79998
_0946_, 26.275, 29.92, 1.79999
_0947_, 26.275, 29.92, 1.79999
FILLER_0_7_39, 26.275, 29.92, 1.79999
FILLER_0_7_47, 26.275, 29.92, 1.79999
FILLER_0_7_53, 26.275, 29.92, 1.79999
_0914_, 26.275, 24.48, 1.79999
_2047_, 26.275, 24.48, 1.79999
FILLER_0_3_51, 26.275, 19.04, 1.8
FILLER_0_0_53, 26.275, 13.6, 1.8
FILLER_0_1_51, 26.275, 13.6, 1.8
PHY_EDGE_ROW_60_Left_121, 5.52, 176.8, 1.8
PHY_EDGE_ROW_60_Right_60, 171.58, 176.8, 1.8
hold139, 171.58, 176.8, 1.8
hold5, 15.897, 176.8, 1.8
input7, 36.653, 176.8, 1.79999
hold17, 36.653, 176.8, 1.79999
_1444_, 47.032, 176.8, 1.79999
input9, 47.032, 176.8, 1.79999
hold267, 57.411, 176.8, 1.79999
_1440_, 78.168, 176.8, 1.8
FILLER_0_60_157, 78.168, 176.8, 1.8
FILLER_0_60_175, 88.547, 176.8, 1.8
_1647_, 98.926, 176.8, 1.79999
output18, 119.683, 176.8, 1.79999
hold271, 130.062, 176.8, 1.8
_1403_, 140.441, 176.8, 1.8
input2, 161.2, 176.8, 1.8
_1829_, 5.52, 171.36, 1.79995
PHY_EDGE_ROW_58_Left_119, 5.52, 171.36, 1.79995
PHY_EDGE_ROW_59_Left_120, 5.52, 171.36, 1.79995
input4, 5.52, 171.36, 1.79995
input5, 5.52, 171.36, 1.79995
PHY_EDGE_ROW_58_Right_58, 171.58, 171.36, 1.79996
PHY_EDGE_ROW_59_Right_59, 171.58, 171.36, 1.79996
_1433_, 15.897, 171.36, 1.79996
_1989_, 15.897, 171.36, 1.79996
hold46, 15.897, 171.36, 1.79996
FILLER_0_60_24, 15.897, 171.36, 1.79996
_1074_, 36.653, 171.36, 1.79996
_1441_, 36.653, 171.36, 1.79996
_1442_, 36.653, 171.36, 1.79996
_1993_, 36.653, 171.36, 1.79996
input8, 36.653, 171.36, 1.79996
hold72, 36.653, 171.36, 1.79996
FILLER_0_58_59, 36.653, 171.36, 1.79996
_1077_, 47.032, 171.36, 1.79996
_1443_, 47.032, 171.36, 1.79996
_1834_, 47.032, 171.36, 1.79996
_1994_, 47.032, 171.36, 1.79996
_1073_, 57.411, 171.36, 1.79996
_1457_, 57.411, 171.36, 1.79996
_1832_, 57.411, 171.36, 1.79996
input10, 57.411, 171.36, 1.79996
hold22, 57.411, 171.36, 1.79996
FILLER_0_59_103, 57.411, 171.36, 1.79996
_1439_, 78.168, 171.36, 1.79996
_1992_, 78.168, 171.36, 1.79996
output14, 78.168, 171.36, 1.79996
FILLER_0_58_150, 78.168, 171.36, 1.79996
FILLER_0_59_164, 78.168, 171.36, 1.79996
FILLER_0_60_165, 78.168, 171.36, 1.79996
_1599_, 88.547, 171.36, 1.79995
_2065_, 88.547, 171.36, 1.79995
_2067_, 88.547, 171.36, 1.79995
output15, 88.547, 171.36, 1.79995
hold218, 88.547, 171.36, 1.79995
FILLER_0_59_186, 88.547, 171.36, 1.79995
FILLER_0_60_187, 88.547, 171.36, 1.79995
_1574_, 98.926, 171.36, 1.79995
_2068_, 98.926, 171.36, 1.79995
output16, 98.926, 171.36, 1.79995
hold1, 98.926, 171.36, 1.79995
FILLER_0_59_205, 98.926, 171.36, 1.79995
_1976_, 119.683, 171.36, 1.79993
_2071_, 119.683, 171.36, 1.79993
output19, 119.683, 171.36, 1.79993
clkbuf_leaf_11_clk, 119.683, 171.36, 1.79993
FILLER_0_58_248, 119.683, 171.36, 1.79993
FILLER_0_60_249, 119.683, 171.36, 1.79993
FILLER_0_60_259, 119.683, 171.36, 1.79993
_1944_, 130.062, 171.36, 1.79994
output20, 130.062, 171.36, 1.79994
FILLER_0_59_281, 130.062, 171.36, 1.79994
FILLER_0_60_275, 130.062, 171.36, 1.79994
FILLER_0_60_281, 130.062, 171.36, 1.79994
_1337_, 140.441, 171.36, 1.79995
_1404_, 140.441, 171.36, 1.79995
_1975_, 140.441, 171.36, 1.79995
output21, 140.441, 171.36, 1.79995
hold193, 140.441, 171.36, 1.79995
hold250, 140.441, 171.36, 1.79995
_1340_, 161.2, 171.36, 1.79996
_1374_, 161.2, 171.36, 1.79996
_1703_, 161.2, 171.36, 1.79996
_1945_, 161.2, 171.36, 1.79996
input1, 161.2, 171.36, 1.79996
input3, 161.2, 171.36, 1.79996
FILLER_0_59_332, 161.2, 171.36, 1.79996
FILLER_0_60_347, 161.2, 171.36, 1.79996
_1066_, 5.52, 165.92, 1.79995
_1434_, 5.52, 165.92, 1.79995
_1997_, 5.52, 165.92, 1.79995
PHY_EDGE_ROW_56_Left_117, 5.52, 165.92, 1.79995
PHY_EDGE_ROW_57_Left_118, 5.52, 165.92, 1.79995
hold50, 5.52, 165.92, 1.79995
PHY_EDGE_ROW_56_Right_56, 171.58, 165.92, 1.79999
PHY_EDGE_ROW_57_Right_57, 171.58, 165.92, 1.79999
hold158, 171.58, 165.92, 1.79999
_1067_, 15.897, 165.92, 1.79995
_1450_, 15.897, 165.92, 1.79995
_1608_, 15.897, 165.92, 1.79995
clkbuf_leaf_6_clk, 15.897, 165.92, 1.79995
FILLER_0_56_21, 15.897, 165.92, 1.79995
FILLER_0_57_22, 15.897, 165.92, 1.79995
_1459_, 36.653, 165.92, 1.79997
_1706_, 36.653, 165.92, 1.79997
_1985_, 36.653, 165.92, 1.79997
FILLER_0_58_74, 36.653, 165.92, 1.79997
_1076_, 47.032, 165.92, 1.79998
hold27, 47.032, 165.92, 1.79998
hold198, 47.032, 165.92, 1.79998
FILLER_0_56_81, 47.032, 165.92, 1.79998
_1072_, 57.411, 165.92, 1.79998
_1423_, 57.411, 165.92, 1.79998
_1456_, 57.411, 165.92, 1.79998
_2000_, 57.411, 165.92, 1.79998
hold208, 57.411, 165.92, 1.79998
FILLER_0_57_113, 57.411, 165.92, 1.79998
_1445_, 78.168, 165.92, 1.79998
_1995_, 78.168, 165.92, 1.79998
hold234, 78.168, 165.92, 1.79998
hold277, 78.168, 165.92, 1.79998
FILLER_0_57_148, 78.168, 165.92, 1.79998
_1421_, 88.547, 165.92, 1.79998
_1575_, 88.547, 165.92, 1.79998
_1983_, 88.547, 165.92, 1.79998
hold245, 88.547, 165.92, 1.79998
hold288, 88.547, 165.92, 1.79998
_1667_, 98.926, 165.92, 1.79998
hold7, 98.926, 165.92, 1.79998
_1227_, 119.683, 165.92, 1.79998
_1405_, 119.683, 165.92, 1.79998
_1406_, 119.683, 165.92, 1.79998
_1960_, 119.683, 165.92, 1.79998
FILLER_0_56_243, 119.683, 165.92, 1.79998
_1338_, 130.062, 165.92, 1.79998
_1372_, 130.062, 165.92, 1.79998
_1677_, 130.062, 165.92, 1.79998
_1952_, 130.062, 165.92, 1.79998
hold227, 130.062, 165.92, 1.79998
_1370_, 140.441, 165.92, 1.79998
_1959_, 140.441, 165.92, 1.79998
hold167, 140.441, 165.92, 1.79998
FILLER_0_58_303, 140.441, 165.92, 1.79998
_1339_, 161.2, 165.92, 1.79999
_1357_, 161.2, 165.92, 1.79999
hold115, 161.2, 165.92, 1.79999
FILLER_0_57_345, 161.2, 165.92, 1.79999
_1449_, 5.52, 160.48, 1.79998
_1451_, 5.52, 160.48, 1.79998
PHY_EDGE_ROW_54_Left_115, 5.52, 160.48, 1.79998
PHY_EDGE_ROW_55_Left_116, 5.52, 160.48, 1.79998
hold112, 5.52, 160.48, 1.79998
FILLER_0_56_3, 5.52, 160.48, 1.79998
_1334_, 171.58, 160.48, 1.79996
PHY_EDGE_ROW_54_Right_54, 171.58, 160.48, 1.79996
PHY_EDGE_ROW_55_Right_55, 171.58, 160.48, 1.79996
_1417_, 15.897, 160.48, 1.79998
_1448_, 15.897, 160.48, 1.79998
_1981_, 15.897, 160.48, 1.79998
_1424_, 36.653, 160.48, 1.79998
_1425_, 36.653, 160.48, 1.79998
_1461_, 36.653, 160.48, 1.79998
hold223, 36.653, 160.48, 1.79998
FILLER_0_54_61, 36.653, 160.48, 1.79998
_1426_, 47.032, 160.48, 1.79998
_1427_, 47.032, 160.48, 1.79998
_1460_, 47.032, 160.48, 1.79998
_1721_, 47.032, 160.48, 1.79998
FILLER_0_54_85, 47.032, 160.48, 1.79998
_1679_, 57.411, 160.48, 1.79998
_1984_, 57.411, 160.48, 1.79998
ANTENNA_2, 57.411, 160.48, 1.79998
FILLER_0_56_113, 57.411, 160.48, 1.79998
_1446_, 78.168, 160.48, 1.79996
_1649_, 78.168, 160.48, 1.79996
_1681_, 78.168, 160.48, 1.79996
clkbuf_leaf_8_clk, 78.168, 160.48, 1.79996
FILLER_0_54_149, 78.168, 160.48, 1.79996
FILLER_0_55_164, 78.168, 160.48, 1.79996
_1420_, 88.547, 160.48, 1.79996
_1428_, 88.547, 160.48, 1.79996
_1429_, 88.547, 160.48, 1.79996
_1654_, 88.547, 160.48, 1.79996
FILLER_0_55_173, 88.547, 160.48, 1.79996
FILLER_0_55_185, 88.547, 160.48, 1.79996
FILLER_0_56_189, 88.547, 160.48, 1.79996
_0971_, 98.926, 160.48, 1.79997
_1635_, 98.926, 160.48, 1.79997
_1655_, 98.926, 160.48, 1.79997
_1683_, 98.926, 160.48, 1.79997
FILLER_0_54_192, 98.926, 160.48, 1.79997
FILLER_0_55_202, 98.926, 160.48, 1.79997
FILLER_0_56_209, 98.926, 160.48, 1.79997
_1246_, 119.683, 160.48, 1.79997
_1371_, 119.683, 160.48, 1.79997
hold62, 119.683, 160.48, 1.79997
FILLER_0_54_248, 119.683, 160.48, 1.79997
FILLER_0_55_255, 119.683, 160.48, 1.79997
FILLER_0_56_253, 119.683, 160.48, 1.79997
_1224_, 130.062, 160.48, 1.79996
_1243_, 130.062, 160.48, 1.79996
_1354_, 130.062, 160.48, 1.79996
_1676_, 130.062, 160.48, 1.79996
_1678_, 130.062, 160.48, 1.79996
hold94, 130.062, 160.48, 1.79996
FILLER_0_55_269, 130.062, 160.48, 1.79996
FILLER_0_55_277, 130.062, 160.48, 1.79996
_1336_, 140.441, 160.48, 1.79995
_1355_, 140.441, 160.48, 1.79995
_1652_, 140.441, 160.48, 1.79995
_1653_, 140.441, 160.48, 1.79995
_1943_, 140.441, 160.48, 1.79995
clkbuf_leaf_12_clk, 140.441, 160.48, 1.79995
_1351_, 161.2, 160.48, 1.79996
_1356_, 161.2, 160.48, 1.79996
_1950_, 161.2, 160.48, 1.79996
_1953_, 161.2, 160.48, 1.79996
hold148, 161.2, 160.48, 1.79996
FILLER_0_55_330, 161.2, 160.48, 1.79996
_1828_, 5.52, 155.04, 1.79994
_1996_, 5.52, 155.04, 1.79994
PHY_EDGE_ROW_52_Left_113, 5.52, 155.04, 1.79994
PHY_EDGE_ROW_53_Left_114, 5.52, 155.04, 1.79994
input13, 5.52, 155.04, 1.79994
FILLER_0_54_6, 5.52, 155.04, 1.79994
PHY_EDGE_ROW_52_Right_52, 171.58, 155.04, 1.79995
PHY_EDGE_ROW_53_Right_53, 171.58, 155.04, 1.79995
hold171, 171.58, 155.04, 1.79995
_1415_, 15.897, 155.04, 1.79995
_1431_, 15.897, 155.04, 1.79995
hold8, 15.897, 155.04, 1.79995
FILLER_0_54_29, 15.897, 155.04, 1.79995
_1523_, 36.653, 155.04, 1.79994
_1524_, 36.653, 155.04, 1.79994
_2002_, 36.653, 155.04, 1.79994
_2032_, 36.653, 155.04, 1.79994
hold153, 36.653, 155.04, 1.79994
_1068_, 47.032, 155.04, 1.79992
_1069_, 47.032, 155.04, 1.79992
_1830_, 47.032, 155.04, 1.79992
_1986_, 47.032, 155.04, 1.79992
clkbuf_leaf_7_clk, 47.032, 155.04, 1.79992
FILLER_0_52_81, 47.032, 155.04, 1.79992
_1422_, 57.411, 155.04, 1.79995
_1452_, 57.411, 155.04, 1.79995
hold283, 57.411, 155.04, 1.79995
_1737_, 78.168, 155.04, 1.79997
_1835_, 78.168, 155.04, 1.79997
hold14, 78.168, 155.04, 1.79997
hold246, 78.168, 155.04, 1.79997
_1650_, 88.547, 155.04, 1.79997
hold162, 88.547, 155.04, 1.79997
FILLER_0_54_182, 88.547, 155.04, 1.79997
_1594_, 98.926, 155.04, 1.79997
_1636_, 98.926, 155.04, 1.79997
_1682_, 98.926, 155.04, 1.79997
_1693_, 98.926, 155.04, 1.79997
_1694_, 98.926, 155.04, 1.79997
FILLER_0_52_193, 98.926, 155.04, 1.79997
FILLER_0_52_197, 98.926, 155.04, 1.79997
FILLER_0_53_204, 98.926, 155.04, 1.79997
_1507_, 119.683, 155.04, 1.79997
_2024_, 119.683, 155.04, 1.79997
FILLER_0_54_253, 119.683, 155.04, 1.79997
_1242_, 130.062, 155.04, 1.79996
_1902_, 130.062, 155.04, 1.79996
hold145, 130.062, 155.04, 1.79996
FILLER_0_52_262, 130.062, 155.04, 1.79996
_1335_, 140.441, 155.04, 1.79996
_1618_, 140.441, 155.04, 1.79996
_1634_, 140.441, 155.04, 1.79996
hold207, 140.441, 155.04, 1.79996
FILLER_0_54_304, 140.441, 155.04, 1.79996
_1350_, 161.2, 155.04, 1.79995
clkbuf_leaf_13_clk, 161.2, 155.04, 1.79995
FILLER_0_52_332, 161.2, 155.04, 1.79995
FILLER_0_53_333, 161.2, 155.04, 1.79995
_1064_, 5.52, 149.6, 1.79996
_1065_, 5.52, 149.6, 1.79996
_1796_, 5.52, 149.6, 1.79996
PHY_EDGE_ROW_50_Left_111, 5.52, 149.6, 1.79996
PHY_EDGE_ROW_51_Left_112, 5.52, 149.6, 1.79996
FILLER_0_51_3, 5.52, 149.6, 1.79996
FILLER_0_52_3, 5.52, 149.6, 1.79996
PHY_EDGE_ROW_50_Right_50, 171.58, 149.6, 1.79998
PHY_EDGE_ROW_51_Right_51, 171.58, 149.6, 1.79998
_1013_, 15.897, 149.6, 1.79997
_1432_, 15.897, 149.6, 1.79997
_1988_, 15.897, 149.6, 1.79997
FILLER_0_52_24, 15.897, 149.6, 1.79997
FILLER_0_52_32, 15.897, 149.6, 1.79997
_1684_, 36.653, 149.6, 1.79997
FILLER_0_52_73, 36.653, 149.6, 1.79997
_1033_, 47.032, 149.6, 1.79997
_1620_, 47.032, 149.6, 1.79997
_1998_, 47.032, 149.6, 1.79997
hold12, 47.032, 149.6, 1.79997
hold269, 47.032, 149.6, 1.79997
FILLER_0_50_85, 47.032, 149.6, 1.79997
FILLER_0_51_90, 47.032, 149.6, 1.79997
FILLER_0_51_99, 47.032, 149.6, 1.79997
_1435_, 57.411, 149.6, 1.79997
_1453_, 57.411, 149.6, 1.79997
_1990_, 57.411, 149.6, 1.79997
hold186, 57.411, 149.6, 1.79997
FILLER_0_51_108, 57.411, 149.6, 1.79997
FILLER_0_51_113, 57.411, 149.6, 1.79997
_1078_, 78.168, 149.6, 1.79998
_1079_, 78.168, 149.6, 1.79998
_1648_, 78.168, 149.6, 1.79998
_1987_, 78.168, 149.6, 1.79998
hold6, 78.168, 149.6, 1.79998
FILLER_0_50_153, 78.168, 149.6, 1.79998
FILLER_0_51_161, 78.168, 149.6, 1.79998
FILLER_0_52_166, 78.168, 149.6, 1.79998
_1418_, 88.547, 149.6, 1.79998
_1687_, 88.547, 149.6, 1.79998
FILLER_0_51_181, 88.547, 149.6, 1.79998
FILLER_0_52_185, 88.547, 149.6, 1.79998
_1644_, 98.926, 149.6, 1.79998
_1686_, 98.926, 149.6, 1.79998
_1689_, 98.926, 149.6, 1.79998
_1692_, 98.926, 149.6, 1.79998
FILLER_0_51_199, 98.926, 149.6, 1.79998
_1384_, 119.683, 149.6, 1.79998
_1506_, 119.683, 149.6, 1.79998
hold38, 119.683, 149.6, 1.79998
hold220, 119.683, 149.6, 1.79998
FILLER_0_50_245, 119.683, 149.6, 1.79998
_1503_, 130.062, 149.6, 1.79997
_2022_, 130.062, 149.6, 1.79997
hold180, 130.062, 149.6, 1.79997
FILLER_0_51_274, 130.062, 149.6, 1.79997
_1398_, 140.441, 149.6, 1.79997
_1972_, 140.441, 149.6, 1.79997
hold74, 140.441, 149.6, 1.79997
FILLER_0_52_304, 140.441, 149.6, 1.79997
_1333_, 161.2, 149.6, 1.79998
_1642_, 161.2, 149.6, 1.79998
hold100, 161.2, 149.6, 1.79998
_1014_, 5.52, 144.16, 1.79993
PHY_EDGE_ROW_48_Left_109, 5.52, 144.16, 1.79993
PHY_EDGE_ROW_49_Left_110, 5.52, 144.16, 1.79993
hold119, 5.52, 144.16, 1.79993
FILLER_0_49_3, 5.52, 144.16, 1.79993
FILLER_0_49_11, 5.52, 144.16, 1.79993
PHY_EDGE_ROW_48_Right_48, 171.58, 144.16, 1.79997
PHY_EDGE_ROW_49_Right_49, 171.58, 144.16, 1.79997
hold185, 171.58, 144.16, 1.79997
FILLER_0_48_355, 171.58, 144.16, 1.79997
_1009_, 15.897, 144.16, 1.79993
_1010_, 15.897, 144.16, 1.79993
_1818_, 15.897, 144.16, 1.79993
clkbuf_leaf_5_clk, 15.897, 144.16, 1.79993
hold110, 15.897, 144.16, 1.79993
hold118, 15.897, 144.16, 1.79993
FILLER_0_50_24, 15.897, 144.16, 1.79993
_1172_, 36.653, 144.16, 1.79995
_1173_, 36.653, 144.16, 1.79995
_1522_, 36.653, 144.16, 1.79995
_1804_, 36.653, 144.16, 1.79995
hold78, 36.653, 144.16, 1.79995
hold216, 36.653, 144.16, 1.79995
_1032_, 47.032, 144.16, 1.79995
_1520_, 47.032, 144.16, 1.79995
_2030_, 47.032, 144.16, 1.79995
FILLER_0_48_79, 47.032, 144.16, 1.79995
FILLER_0_49_88, 47.032, 144.16, 1.79995
FILLER_0_50_100, 47.032, 144.16, 1.79995
_1623_, 57.411, 144.16, 1.79996
_1870_, 57.411, 144.16, 1.79996
_0984_, 78.168, 144.16, 1.79997
_1419_, 78.168, 144.16, 1.79997
_1764_, 78.168, 144.16, 1.79997
_1982_, 78.168, 144.16, 1.79997
hold221, 78.168, 144.16, 1.79997
FILLER_0_49_164, 78.168, 144.16, 1.79997
FILLER_0_49_169, 78.168, 144.16, 1.79997
_1619_, 88.547, 144.16, 1.79997
_1622_, 88.547, 144.16, 1.79997
_1645_, 88.547, 144.16, 1.79997
_1646_, 88.547, 144.16, 1.79997
hold248, 88.547, 144.16, 1.79997
FILLER_0_50_191, 88.547, 144.16, 1.79997
_1638_, 98.926, 144.16, 1.79997
_1643_, 98.926, 144.16, 1.79997
_1710_, 98.926, 144.16, 1.79997
_1711_, 98.926, 144.16, 1.79997
_2070_, 98.926, 144.16, 1.79997
FILLER_0_49_199, 98.926, 144.16, 1.79997
_1092_, 119.683, 144.16, 1.79996
_1641_, 119.683, 144.16, 1.79996
_1838_, 119.683, 144.16, 1.79996
_1966_, 119.683, 144.16, 1.79996
hold184, 119.683, 144.16, 1.79996
FILLER_0_50_253, 119.683, 144.16, 1.79996
_1249_, 130.062, 144.16, 1.79996
_1502_, 130.062, 144.16, 1.79996
_1905_, 130.062, 144.16, 1.79996
FILLER_0_48_270, 130.062, 144.16, 1.79996
FILLER_0_49_273, 130.062, 144.16, 1.79996
FILLER_0_50_279, 130.062, 144.16, 1.79996
_0964_, 140.441, 144.16, 1.79996
_1364_, 140.441, 144.16, 1.79996
_1956_, 140.441, 144.16, 1.79996
hold114, 140.441, 144.16, 1.79996
FILLER_0_49_297, 140.441, 144.16, 1.79996
FILLER_0_49_304, 140.441, 144.16, 1.79996
_1330_, 161.2, 144.16, 1.79997
_1942_, 161.2, 144.16, 1.79997
_1948_, 161.2, 144.16, 1.79997
hold97, 161.2, 144.16, 1.79997
_1049_, 5.52, 138.72, 1.79996
_1820_, 5.52, 138.72, 1.79996
PHY_EDGE_ROW_46_Left_107, 5.52, 138.72, 1.79996
PHY_EDGE_ROW_47_Left_108, 5.52, 138.72, 1.79996
FILLER_0_48_3, 5.52, 138.72, 1.79996
FILLER_0_48_9, 5.52, 138.72, 1.79996
PHY_EDGE_ROW_46_Right_46, 171.58, 138.72, 1.79998
PHY_EDGE_ROW_47_Right_47, 171.58, 138.72, 1.79998
hold156, 171.58, 138.72, 1.79998
_1044_, 15.897, 138.72, 1.79997
_1045_, 15.897, 138.72, 1.79997
_1048_, 15.897, 138.72, 1.79997
_1794_, 15.897, 138.72, 1.79997
FILLER_0_47_28, 15.897, 138.72, 1.79997
_0990_, 36.653, 138.72, 1.79997
_1659_, 36.653, 138.72, 1.79997
hold40, 36.653, 138.72, 1.79997
FILLER_0_46_57, 36.653, 138.72, 1.79997
FILLER_0_48_71, 36.653, 138.72, 1.79997
_1519_, 47.032, 138.72, 1.79996
_2083_, 47.032, 138.72, 1.79996
hold181, 47.032, 138.72, 1.79996
FILLER_0_46_85, 47.032, 138.72, 1.79996
FILLER_0_47_89, 47.032, 138.72, 1.79996
FILLER_0_48_94, 47.032, 138.72, 1.79996
_1168_, 57.411, 138.72, 1.79996
_1169_, 57.411, 138.72, 1.79996
_1802_, 57.411, 138.72, 1.79996
hold203, 57.411, 138.72, 1.79996
FILLER_0_46_109, 57.411, 138.72, 1.79996
FILLER_0_47_109, 57.411, 138.72, 1.79996
_1632_, 78.168, 138.72, 1.79997
_2066_, 78.168, 138.72, 1.79997
FILLER_0_46_156, 78.168, 138.72, 1.79997
FILLER_0_47_159, 78.168, 138.72, 1.79997
FILLER_0_47_169, 78.168, 138.72, 1.79997
FILLER_0_48_164, 78.168, 138.72, 1.79997
_1615_, 88.547, 138.72, 1.79997
_1616_, 88.547, 138.72, 1.79997
_1633_, 88.547, 138.72, 1.79997
_1756_, 88.547, 138.72, 1.79997
hold2, 88.547, 138.72, 1.79997
FILLER_0_46_176, 88.547, 138.72, 1.79997
FILLER_0_47_190, 88.547, 138.72, 1.79997
FILLER_0_48_183, 88.547, 138.72, 1.79997
_1583_, 98.926, 138.72, 1.79997
_1597_, 98.926, 138.72, 1.79997
_1614_, 98.926, 138.72, 1.79997
_1666_, 98.926, 138.72, 1.79997
FILLER_0_46_197, 98.926, 138.72, 1.79997
_1097_, 119.683, 138.72, 1.79998
_1385_, 119.683, 138.72, 1.79998
hold237, 119.683, 138.72, 1.79998
FILLER_0_48_249, 119.683, 138.72, 1.79998
_1248_, 130.062, 138.72, 1.79998
_1390_, 130.062, 138.72, 1.79998
hold76, 130.062, 138.72, 1.79998
FILLER_0_47_281, 130.062, 138.72, 1.79998
_1363_, 140.441, 138.72, 1.79998
_1508_, 140.441, 138.72, 1.79998
hold103, 140.441, 138.72, 1.79998
_1329_, 161.2, 138.72, 1.79998
_1348_, 161.2, 138.72, 1.79998
_1940_, 161.2, 138.72, 1.79998
FILLER_0_47_333, 161.2, 138.72, 1.79998
FILLER_0_47_337, 161.2, 138.72, 1.79998
PHY_EDGE_ROW_44_Left_105, 5.52, 133.28, 1.79997
PHY_EDGE_ROW_45_Left_106, 5.52, 133.28, 1.79997
FILLER_0_46_3, 5.52, 133.28, 1.79997
PHY_EDGE_ROW_44_Right_44, 171.58, 133.28, 1.79998
PHY_EDGE_ROW_45_Right_45, 171.58, 133.28, 1.79998
FILLER_0_45_353, 171.58, 133.28, 1.79998
_1047_, 15.897, 133.28, 1.79997
_1819_, 15.897, 133.28, 1.79997
_2055_, 15.897, 133.28, 1.79997
FILLER_0_45_15, 15.897, 133.28, 1.79997
FILLER_0_45_23, 15.897, 133.28, 1.79997
FILLER_0_46_24, 15.897, 133.28, 1.79997
FILLER_0_46_29, 15.897, 133.28, 1.79997
_1170_, 36.653, 133.28, 1.79996
_1518_, 36.653, 133.28, 1.79996
_1803_, 36.653, 133.28, 1.79996
_1871_, 36.653, 133.28, 1.79996
_1030_, 47.032, 133.28, 1.79996
_1768_, 47.032, 133.28, 1.79996
_1769_, 47.032, 133.28, 1.79996
_1788_, 47.032, 133.28, 1.79996
FILLER_0_45_89, 47.032, 133.28, 1.79996
_1029_, 57.411, 133.28, 1.79996
_1685_, 57.411, 133.28, 1.79996
hold89, 57.411, 133.28, 1.79996
FILLER_0_45_108, 57.411, 133.28, 1.79996
FILLER_0_46_121, 57.411, 133.28, 1.79996
_0986_, 78.168, 133.28, 1.79995
_1630_, 78.168, 133.28, 1.79995
_1753_, 78.168, 133.28, 1.79995
_1754_, 78.168, 133.28, 1.79995
clkbuf_leaf_9_clk, 78.168, 133.28, 1.79995
FILLER_0_46_168, 78.168, 133.28, 1.79995
_1661_, 88.547, 133.28, 1.79996
_2077_, 88.547, 133.28, 1.79996
FILLER_0_44_180, 88.547, 133.28, 1.79996
FILLER_0_45_177, 88.547, 133.28, 1.79996
_0967_, 98.926, 133.28, 1.79996
_0972_, 98.926, 133.28, 1.79996
_1138_, 98.926, 133.28, 1.79996
_1709_, 98.926, 133.28, 1.79996
_1746_, 98.926, 133.28, 1.79996
FILLER_0_44_193, 98.926, 133.28, 1.79996
FILLER_0_45_196, 98.926, 133.28, 1.79996
_1240_, 119.683, 133.28, 1.79997
_1391_, 119.683, 133.28, 1.79997
_1969_, 119.683, 133.28, 1.79997
FILLER_0_44_241, 119.683, 133.28, 1.79997
_1696_, 130.062, 133.28, 1.79997
hold58, 130.062, 133.28, 1.79997
FILLER_0_44_269, 130.062, 133.28, 1.79997
FILLER_0_45_272, 130.062, 133.28, 1.79997
FILLER_0_45_281, 130.062, 133.28, 1.79997
_1400_, 140.441, 133.28, 1.79997
_1509_, 140.441, 133.28, 1.79997
_1973_, 140.441, 133.28, 1.79997
_2025_, 140.441, 133.28, 1.79997
FILLER_0_44_289, 140.441, 133.28, 1.79997
FILLER_0_45_303, 140.441, 133.28, 1.79997
FILLER_0_46_297, 140.441, 133.28, 1.79997
_1349_, 161.2, 133.28, 1.79998
_1949_, 161.2, 133.28, 1.79998
FILLER_0_46_344, 161.2, 133.28, 1.79998
_2054_, 5.52, 127.84, 1.79998
PHY_EDGE_ROW_42_Left_103, 5.52, 127.84, 1.79998
PHY_EDGE_ROW_43_Left_104, 5.52, 127.84, 1.79998
hold29, 5.52, 127.84, 1.79998
_1277_, 171.58, 127.84, 1.79998
_1332_, 171.58, 127.84, 1.79998
PHY_EDGE_ROW_42_Right_42, 171.58, 127.84, 1.79998
PHY_EDGE_ROW_43_Right_43, 171.58, 127.84, 1.79998
FILLER_0_42_354, 171.58, 127.84, 1.79998
FILLER_0_43_355, 171.58, 127.84, 1.79998
_1046_, 15.897, 127.84, 1.79998
_1546_, 15.897, 127.84, 1.79998
hold21, 15.897, 127.84, 1.79998
hold28, 15.897, 127.84, 1.79998
_0993_, 36.653, 127.84, 1.79998
_1031_, 36.653, 127.84, 1.79998
_1167_, 36.653, 127.84, 1.79998
hold190, 36.653, 127.84, 1.79998
hold256, 36.653, 127.84, 1.79998
hold259, 36.653, 127.84, 1.79998
_0991_, 47.032, 127.84, 1.79998
_0992_, 47.032, 127.84, 1.79998
_1607_, 47.032, 127.84, 1.79998
hold209, 47.032, 127.84, 1.79998
_1112_, 57.411, 127.84, 1.79997
_1113_, 57.411, 127.84, 1.79997
_1846_, 57.411, 127.84, 1.79997
_1848_, 57.411, 127.84, 1.79997
hold70, 57.411, 127.84, 1.79997
FILLER_0_43_102, 57.411, 127.84, 1.79997
FILLER_0_44_116, 57.411, 127.84, 1.79997
_0985_, 78.168, 127.84, 1.79997
_1751_, 78.168, 127.84, 1.79997
_1752_, 78.168, 127.84, 1.79997
_2076_, 78.168, 127.84, 1.79997
hold187, 78.168, 127.84, 1.79997
FILLER_0_42_149, 78.168, 127.84, 1.79997
FILLER_0_44_158, 78.168, 127.84, 1.79997
_0974_, 88.547, 127.84, 1.79997
_1022_, 88.547, 127.84, 1.79997
_1326_, 88.547, 127.84, 1.79997
_1755_, 88.547, 127.84, 1.79997
_0970_, 98.926, 127.84, 1.79997
_1084_, 98.926, 127.84, 1.79997
_1085_, 98.926, 127.84, 1.79997
_1327_, 98.926, 127.84, 1.79997
_1613_, 98.926, 127.84, 1.79997
_1700_, 98.926, 127.84, 1.79997
_1241_, 119.683, 127.84, 1.79997
_1606_, 119.683, 127.84, 1.79997
_1901_, 119.683, 127.84, 1.79997
hold195, 119.683, 127.84, 1.79997
FILLER_0_42_243, 119.683, 127.84, 1.79997
_1501_, 130.062, 127.84, 1.79997
_2021_, 130.062, 127.84, 1.79997
hold157, 130.062, 127.84, 1.79997
hold177, 130.062, 127.84, 1.79997
_1399_, 140.441, 127.84, 1.79998
_1612_, 140.441, 127.84, 1.79998
hold175, 140.441, 127.84, 1.79998
_1331_, 161.2, 127.84, 1.79998
_1941_, 161.2, 127.84, 1.79998
hold172, 161.2, 127.84, 1.79998
FILLER_0_43_337, 161.2, 127.84, 1.79998
_1543_, 5.52, 122.4, 1.79997
PHY_EDGE_ROW_40_Left_101, 5.52, 122.4, 1.79997
PHY_EDGE_ROW_41_Left_102, 5.52, 122.4, 1.79997
FILLER_0_41_3, 5.52, 122.4, 1.79997
FILLER_0_41_11, 5.52, 122.4, 1.79997
FILLER_0_42_3, 5.52, 122.4, 1.79997
PHY_EDGE_ROW_40_Right_40, 171.58, 122.4, 1.79997
PHY_EDGE_ROW_41_Right_41, 171.58, 122.4, 1.79997
_1043_, 15.897, 122.4, 1.79997
_1538_, 15.897, 122.4, 1.79997
_1541_, 15.897, 122.4, 1.79997
_1542_, 15.897, 122.4, 1.79997
_1544_, 15.897, 122.4, 1.79997
_1545_, 15.897, 122.4, 1.79997
_1549_, 15.897, 122.4, 1.79997
_1817_, 15.897, 122.4, 1.79997
_1166_, 36.653, 122.4, 1.79997
_1517_, 36.653, 122.4, 1.79997
_1869_, 36.653, 122.4, 1.79997
FILLER_0_41_57, 36.653, 122.4, 1.79997
FILLER_0_41_71, 36.653, 122.4, 1.79997
_1026_, 47.032, 122.4, 1.79996
_1801_, 47.032, 122.4, 1.79996
_1027_, 57.411, 122.4, 1.79997
_1115_, 57.411, 122.4, 1.79997
_1131_, 57.411, 122.4, 1.79997
_1856_, 57.411, 122.4, 1.79997
hold87, 57.411, 122.4, 1.79997
FILLER_0_42_122, 57.411, 122.4, 1.79997
_1023_, 78.168, 122.4, 1.79997
_1664_, 78.168, 122.4, 1.79997
_2075_, 78.168, 122.4, 1.79997
FILLER_0_41_154, 78.168, 122.4, 1.79997
_0975_, 88.547, 122.4, 1.79998
_0976_, 88.547, 122.4, 1.79998
_1120_, 88.547, 122.4, 1.79998
_1413_, 88.547, 122.4, 1.79998
FILLER_0_40_171, 88.547, 122.4, 1.79998
FILLER_0_42_191, 88.547, 122.4, 1.79998
_0968_, 98.926, 122.4, 1.79998
_1256_, 98.926, 122.4, 1.79998
_1582_, 98.926, 122.4, 1.79998
_1665_, 98.926, 122.4, 1.79998
FILLER_0_41_192, 98.926, 122.4, 1.79998
FILLER_0_41_207, 98.926, 122.4, 1.79998
_1382_, 119.683, 122.4, 1.79998
_1383_, 119.683, 122.4, 1.79998
_1965_, 119.683, 122.4, 1.79998
FILLER_0_40_248, 119.683, 122.4, 1.79998
FILLER_0_41_242, 119.683, 122.4, 1.79998
_1264_, 130.062, 122.4, 1.79997
_1500_, 130.062, 122.4, 1.79997
FILLER_0_40_266, 130.062, 122.4, 1.79997
FILLER_0_41_281, 130.062, 122.4, 1.79997
FILLER_0_42_272, 130.062, 122.4, 1.79997
_1284_, 140.441, 122.4, 1.79997
_1674_, 140.441, 122.4, 1.79997
_1926_, 140.441, 122.4, 1.79997
FILLER_0_42_301, 140.441, 122.4, 1.79997
_1276_, 161.2, 122.4, 1.79997
_1580_, 161.2, 122.4, 1.79997
hold189, 161.2, 122.4, 1.79997
_2056_, 5.52, 116.96, 1.79992
PHY_EDGE_ROW_38_Left_99, 5.52, 116.96, 1.79992
PHY_EDGE_ROW_39_Left_100, 5.52, 116.96, 1.79992
PHY_EDGE_ROW_38_Right_38, 171.58, 116.96, 1.79998
PHY_EDGE_ROW_39_Right_39, 171.58, 116.96, 1.79998
FILLER_0_39_353, 171.58, 116.96, 1.79998
_1051_, 15.897, 116.96, 1.79992
_1548_, 15.897, 116.96, 1.79992
_1550_, 15.897, 116.96, 1.79992
_1552_, 15.897, 116.96, 1.79992
clkbuf_leaf_4_clk, 15.897, 116.96, 1.79992
hold23, 15.897, 116.96, 1.79992
FILLER_0_39_15, 15.897, 116.96, 1.79992
hold212, 36.653, 116.96, 1.79995
_1771_, 47.032, 116.96, 1.79994
clkbuf_leaf_3_clk, 47.032, 116.96, 1.79994
FILLER_0_38_79, 47.032, 116.96, 1.79994
FILLER_0_38_85, 47.032, 116.96, 1.79994
FILLER_0_39_89, 47.032, 116.96, 1.79994
FILLER_0_39_99, 47.032, 116.96, 1.79994
_1130_, 57.411, 116.96, 1.79995
_1770_, 57.411, 116.96, 1.79995
_1849_, 57.411, 116.96, 1.79995
hold160, 57.411, 116.96, 1.79995
_0965_, 78.168, 116.96, 1.79997
_0977_, 78.168, 116.96, 1.79997
_1082_, 78.168, 116.96, 1.79997
_1161_, 78.168, 116.96, 1.79997
_1430_, 78.168, 116.96, 1.79997
_1598_, 78.168, 116.96, 1.79997
_1157_, 88.547, 116.96, 1.79996
_1158_, 88.547, 116.96, 1.79996
_1162_, 88.547, 116.96, 1.79996
wire23, 88.547, 116.96, 1.79996
_0957_, 98.926, 116.96, 1.79996
_1139_, 98.926, 116.96, 1.79996
_1257_, 98.926, 116.96, 1.79996
_1629_, 98.926, 116.96, 1.79996
max_cap22, 98.926, 116.96, 1.79996
FILLER_0_38_193, 98.926, 116.96, 1.79996
_0973_, 119.683, 116.96, 1.79997
_1497_, 119.683, 116.96, 1.79997
_1671_, 119.683, 116.96, 1.79997
_1910_, 119.683, 116.96, 1.79997
FILLER_0_40_253, 119.683, 116.96, 1.79997
_1285_, 130.062, 116.96, 1.79997
_1328_, 130.062, 116.96, 1.79997
_1362_, 130.062, 116.96, 1.79997
_1626_, 130.062, 116.96, 1.79997
_1920_, 130.062, 116.96, 1.79997
FILLER_0_40_274, 130.062, 116.96, 1.79997
_1298_, 140.441, 116.96, 1.79998
_1345_, 140.441, 116.96, 1.79998
_1673_, 140.441, 116.96, 1.79998
hold44, 140.441, 116.96, 1.79998
FILLER_0_39_298, 140.441, 116.96, 1.79998
FILLER_0_40_296, 140.441, 116.96, 1.79998
_1259_, 161.2, 116.96, 1.79998
_1260_, 161.2, 116.96, 1.79998
_1916_, 161.2, 116.96, 1.79998
hold164, 161.2, 116.96, 1.79998
hold268, 161.2, 116.96, 1.79998
_2057_, 5.52, 111.52, 1.79996
PHY_EDGE_ROW_36_Left_97, 5.52, 111.52, 1.79996
PHY_EDGE_ROW_37_Left_98, 5.52, 111.52, 1.79996
FILLER_0_38_3, 5.52, 111.52, 1.79996
FILLER_0_38_11, 5.52, 111.52, 1.79996
PHY_EDGE_ROW_36_Right_36, 171.58, 111.52, 1.79997
PHY_EDGE_ROW_37_Right_37, 171.58, 111.52, 1.79997
hold48, 171.58, 111.52, 1.79997
FILLER_0_37_353, 171.58, 111.52, 1.79997
_1050_, 15.897, 111.52, 1.79997
_1551_, 15.897, 111.52, 1.79997
_1553_, 15.897, 111.52, 1.79997
_1554_, 15.897, 111.52, 1.79997
_1555_, 15.897, 111.52, 1.79997
_1821_, 15.897, 111.52, 1.79997
_0987_, 36.653, 111.52, 1.79997
_1175_, 36.653, 111.52, 1.79997
_1525_, 36.653, 111.52, 1.79997
_1526_, 36.653, 111.52, 1.79997
_1697_, 36.653, 111.52, 1.79997
hold49, 36.653, 111.52, 1.79997
FILLER_0_36_58, 36.653, 111.52, 1.79997
_1034_, 47.032, 111.52, 1.79997
_1805_, 47.032, 111.52, 1.79997
_2084_, 47.032, 111.52, 1.79997
_1114_, 57.411, 111.52, 1.79997
_1132_, 57.411, 111.52, 1.79997
_1702_, 57.411, 111.52, 1.79997
hold200, 57.411, 111.52, 1.79997
FILLER_0_37_107, 57.411, 111.52, 1.79997
_1207_, 78.168, 111.52, 1.79998
_1759_, 78.168, 111.52, 1.79998
FILLER_0_37_152, 78.168, 111.52, 1.79998
FILLER_0_37_164, 78.168, 111.52, 1.79998
_1083_, 88.547, 111.52, 1.79998
_1103_, 88.547, 111.52, 1.79998
_1121_, 88.547, 111.52, 1.79998
_1640_, 88.547, 111.52, 1.79998
_1658_, 88.547, 111.52, 1.79998
_0958_, 98.926, 111.52, 1.79998
_1140_, 98.926, 111.52, 1.79998
_1149_, 98.926, 111.52, 1.79998
_1180_, 98.926, 111.52, 1.79998
_1197_, 98.926, 111.52, 1.79998
_1591_, 98.926, 111.52, 1.79998
_1086_, 119.683, 111.52, 1.79998
_1237_, 119.683, 111.52, 1.79998
_1379_, 119.683, 111.52, 1.79998
_1669_, 119.683, 111.52, 1.79998
_1223_, 130.062, 111.52, 1.79998
_1258_, 130.062, 111.52, 1.79998
_1263_, 130.062, 111.52, 1.79998
_1292_, 130.062, 111.52, 1.79998
_1302_, 130.062, 111.52, 1.79998
_1396_, 130.062, 111.52, 1.79998
FILLER_0_36_264, 130.062, 111.52, 1.79998
FILLER_0_38_280, 130.062, 111.52, 1.79998
_1159_, 140.441, 111.52, 1.79998
_1275_, 140.441, 111.52, 1.79998
_1928_, 140.441, 111.52, 1.79998
hold242, 140.441, 111.52, 1.79998
_1310_, 161.2, 111.52, 1.79997
_1908_, 161.2, 111.52, 1.79997
_1932_, 161.2, 111.52, 1.79997
FILLER_0_36_328, 161.2, 111.52, 1.79997
FILLER_0_37_330, 161.2, 111.52, 1.79997
PHY_EDGE_ROW_34_Left_95, 5.52, 106.08, 1.79997
PHY_EDGE_ROW_35_Left_96, 5.52, 106.08, 1.79997
FILLER_0_36_3, 5.52, 106.08, 1.79997
FILLER_0_36_11, 5.52, 106.08, 1.79997
PHY_EDGE_ROW_34_Right_34, 171.58, 106.08, 1.79997
PHY_EDGE_ROW_35_Right_35, 171.58, 106.08, 1.79997
FILLER_0_35_353, 171.58, 106.08, 1.79997
_1556_, 15.897, 106.08, 1.79997
_2058_, 15.897, 106.08, 1.79997
hold25, 15.897, 106.08, 1.79997
FILLER_0_36_25, 15.897, 106.08, 1.79997
_1035_, 36.653, 106.08, 1.79997
_1174_, 36.653, 106.08, 1.79997
_1873_, 36.653, 106.08, 1.79997
hold136, 36.653, 106.08, 1.79997
FILLER_0_34_64, 36.653, 106.08, 1.79997
_0994_, 47.032, 106.08, 1.79996
_0995_, 47.032, 106.08, 1.79996
_1767_, 47.032, 106.08, 1.79996
_1789_, 47.032, 106.08, 1.79996
hold96, 47.032, 106.08, 1.79996
hold243, 47.032, 106.08, 1.79996
FILLER_0_35_82, 47.032, 106.08, 1.79996
_1110_, 57.411, 106.08, 1.79997
_1857_, 57.411, 106.08, 1.79997
FILLER_0_35_109, 57.411, 106.08, 1.79997
FILLER_0_35_113, 57.411, 106.08, 1.79997
_0978_, 78.168, 106.08, 1.79997
_1206_, 78.168, 106.08, 1.79997
_1862_, 78.168, 106.08, 1.79997
hold254, 78.168, 106.08, 1.79997
FILLER_0_35_165, 78.168, 106.08, 1.79997
FILLER_0_35_169, 78.168, 106.08, 1.79997
FILLER_0_36_168, 78.168, 106.08, 1.79997
_1185_, 88.547, 106.08, 1.79997
_1637_, 88.547, 106.08, 1.79997
hold127, 88.547, 106.08, 1.79997
hold291, 88.547, 106.08, 1.79997
FILLER_0_35_180, 88.547, 106.08, 1.79997
FILLER_0_36_190, 88.547, 106.08, 1.79997
_1186_, 98.926, 106.08, 1.79997
_1215_, 98.926, 106.08, 1.79997
_1708_, 98.926, 106.08, 1.79997
_1864_, 98.926, 106.08, 1.79997
max_cap24, 98.926, 106.08, 1.79997
max_cap25, 98.926, 106.08, 1.79997
hold262, 98.926, 106.08, 1.79997
_1190_, 119.683, 106.08, 1.79996
_1228_, 119.683, 106.08, 1.79996
_1894_, 119.683, 106.08, 1.79996
hold232, 119.683, 106.08, 1.79996
FILLER_0_35_250, 119.683, 106.08, 1.79996
_1309_, 130.062, 106.08, 1.79996
_1672_, 130.062, 106.08, 1.79996
hold290, 130.062, 106.08, 1.79996
FILLER_0_34_267, 130.062, 106.08, 1.79996
_1268_, 140.441, 106.08, 1.79995
_1301_, 140.441, 106.08, 1.79995
_1912_, 140.441, 106.08, 1.79995
_1934_, 140.441, 106.08, 1.79995
clkbuf_leaf_15_clk, 140.441, 106.08, 1.79995
_1269_, 161.2, 106.08, 1.79997
_1311_, 161.2, 106.08, 1.79997
hold65, 161.2, 106.08, 1.79997
hold224, 161.2, 106.08, 1.79997
FILLER_0_35_328, 161.2, 106.08, 1.79997
FILLER_0_35_337, 161.2, 106.08, 1.79997
_1573_, 5.52, 100.64, 1.79995
PHY_EDGE_ROW_32_Left_93, 5.52, 100.64, 1.79995
PHY_EDGE_ROW_33_Left_94, 5.52, 100.64, 1.79995
FILLER_0_33_3, 5.52, 100.64, 1.79995
PHY_EDGE_ROW_32_Right_32, 171.58, 100.64, 1.79997
PHY_EDGE_ROW_33_Right_33, 171.58, 100.64, 1.79997
hold105, 171.58, 100.64, 1.79997
_0969_, 15.897, 100.64, 1.79995
_1534_, 15.897, 100.64, 1.79995
_2052_, 15.897, 100.64, 1.79995
FILLER_0_33_12, 15.897, 100.64, 1.79995
FILLER_0_34_29, 15.897, 100.64, 1.79995
_1164_, 36.653, 100.64, 1.79993
_1165_, 36.653, 100.64, 1.79993
_1868_, 36.653, 100.64, 1.79993
hold32, 36.653, 100.64, 1.79993
hold33, 36.653, 100.64, 1.79993
_1024_, 47.032, 100.64, 1.7999
_1766_, 47.032, 100.64, 1.7999
_2082_, 47.032, 100.64, 1.7999
_1111_, 57.411, 100.64, 1.79988
_1663_, 57.411, 100.64, 1.79988
_1847_, 57.411, 100.64, 1.79988
clkbuf_1_0__f_clk, 57.411, 100.64, 1.79988
hold249, 57.411, 100.64, 1.79988
FILLER_0_33_108, 57.411, 100.64, 1.79988
_1145_, 78.168, 100.64, 1.79991
_1146_, 78.168, 100.64, 1.79991
hold261, 78.168, 100.64, 1.79991
FILLER_0_33_161, 78.168, 100.64, 1.79991
_1878_, 88.547, 100.64, 1.79989
clkbuf_0_clk, 88.547, 100.64, 1.79989
_1151_, 98.926, 100.64, 1.79991
_1152_, 98.926, 100.64, 1.79991
_1707_, 98.926, 100.64, 1.79991
_1889_, 98.926, 100.64, 1.79991
hold213, 98.926, 100.64, 1.79991
FILLER_0_33_199, 98.926, 100.64, 1.79991
_1222_, 119.683, 100.64, 1.79994
_1232_, 119.683, 100.64, 1.79994
FILLER_0_32_246, 119.683, 100.64, 1.79994
FILLER_0_33_252, 119.683, 100.64, 1.79994
FILLER_0_34_253, 119.683, 100.64, 1.79994
_1318_, 130.062, 100.64, 1.79995
_1319_, 130.062, 100.64, 1.79995
_1936_, 130.062, 100.64, 1.79995
hold282, 130.062, 100.64, 1.79995
FILLER_0_33_273, 130.062, 100.64, 1.79995
_1267_, 140.441, 100.64, 1.79996
hold47, 140.441, 100.64, 1.79996
hold265, 140.441, 100.64, 1.79996
_1270_, 161.2, 100.64, 1.79997
_1701_, 161.2, 100.64, 1.79997
_1913_, 161.2, 100.64, 1.79997
hold163, 161.2, 100.64, 1.79997
_2064_, 5.52, 95.2, 1.79995
PHY_EDGE_ROW_30_Left_91, 5.52, 95.2, 1.79995
PHY_EDGE_ROW_31_Left_92, 5.52, 95.2, 1.79995
input12, 5.52, 95.2, 1.79995
PHY_EDGE_ROW_30_Right_30, 171.58, 95.2, 1.79997
PHY_EDGE_ROW_31_Right_31, 171.58, 95.2, 1.79997
FILLER_0_30_351, 171.58, 95.2, 1.79997
_0888_, 15.897, 95.2, 1.79996
_0923_, 15.897, 95.2, 1.79996
_1533_, 15.897, 95.2, 1.79996
_1536_, 15.897, 95.2, 1.79996
FILLER_0_32_25, 15.897, 95.2, 1.79996
FILLER_0_32_29, 15.897, 95.2, 1.79996
_1005_, 36.653, 95.2, 1.79995
_1025_, 36.653, 95.2, 1.79995
_1515_, 36.653, 95.2, 1.79995
_2028_, 36.653, 95.2, 1.79995
hold71, 36.653, 95.2, 1.79995
FILLER_0_30_58, 36.653, 95.2, 1.79995
FILLER_0_31_75, 36.653, 95.2, 1.79995
FILLER_0_32_68, 36.653, 95.2, 1.79995
_1590_, 47.032, 95.2, 1.79995
_1800_, 47.032, 95.2, 1.79995
hold264, 47.032, 95.2, 1.79995
hold253, 57.411, 95.2, 1.79995
FILLER_0_31_102, 57.411, 95.2, 1.79995
FILLER_0_31_113, 57.411, 95.2, 1.79995
_1147_, 78.168, 95.2, 1.79995
_1205_, 78.168, 95.2, 1.79995
_1863_, 78.168, 95.2, 1.79995
FILLER_0_31_163, 78.168, 95.2, 1.79995
FILLER_0_32_158, 78.168, 95.2, 1.79995
_1657_, 88.547, 95.2, 1.79995
hold244, 88.547, 95.2, 1.79995
_1208_, 98.926, 95.2, 1.79995
_1209_, 98.926, 95.2, 1.79995
_1705_, 98.926, 95.2, 1.79995
_1865_, 98.926, 95.2, 1.79995
hold95, 98.926, 95.2, 1.79995
_1093_, 119.683, 95.2, 1.79996
_1226_, 119.683, 95.2, 1.79996
_1231_, 119.683, 95.2, 1.79996
_1897_, 119.683, 95.2, 1.79996
hold215, 119.683, 95.2, 1.79996
_1505_, 130.062, 95.2, 1.79996
_2023_, 130.062, 95.2, 1.79996
hold285, 130.062, 95.2, 1.79996
hold289, 130.062, 95.2, 1.79996
FILLER_0_32_278, 130.062, 95.2, 1.79996
_1300_, 140.441, 95.2, 1.79997
_1919_, 140.441, 95.2, 1.79997
hold143, 140.441, 95.2, 1.79997
_1287_, 161.2, 95.2, 1.79997
_1921_, 161.2, 95.2, 1.79997
FILLER_0_30_336, 161.2, 95.2, 1.79997
FILLER_0_32_342, 161.2, 95.2, 1.79997
_1002_, 5.52, 89.76, 1.79998
_1531_, 5.52, 89.76, 1.79998
_1532_, 5.52, 89.76, 1.79998
PHY_EDGE_ROW_28_Left_89, 5.52, 89.76, 1.79998
PHY_EDGE_ROW_29_Left_90, 5.52, 89.76, 1.79998
FILLER_0_29_3, 5.52, 89.76, 1.79998
PHY_EDGE_ROW_28_Right_28, 171.58, 89.76, 1.79998
PHY_EDGE_ROW_29_Right_29, 171.58, 89.76, 1.79998
hold55, 171.58, 89.76, 1.79998
_1003_, 15.897, 89.76, 1.79998
_1535_, 15.897, 89.76, 1.79998
_1537_, 15.897, 89.76, 1.79998
_1539_, 15.897, 89.76, 1.79998
_1540_, 15.897, 89.76, 1.79998
_2053_, 15.897, 89.76, 1.79998
FILLER_0_28_15, 15.897, 89.76, 1.79998
FILLER_0_28_21, 15.897, 89.76, 1.79998
_1516_, 36.653, 89.76, 1.79998
hold57, 36.653, 89.76, 1.79998
FILLER_0_30_77, 36.653, 89.76, 1.79998
_1527_, 47.032, 89.76, 1.79997
_1528_, 47.032, 89.76, 1.79997
_1787_, 47.032, 89.76, 1.79997
_2034_, 47.032, 89.76, 1.79997
hold53, 47.032, 89.76, 1.79997
FILLER_0_29_80, 47.032, 89.76, 1.79997
_0988_, 57.411, 89.76, 1.79997
_0989_, 57.411, 89.76, 1.79997
_2035_, 57.411, 89.76, 1.79997
FILLER_0_29_107, 57.411, 89.76, 1.79997
FILLER_0_29_113, 57.411, 89.76, 1.79997
_1148_, 78.168, 89.76, 1.79997
_1204_, 78.168, 89.76, 1.79997
_1211_, 78.168, 89.76, 1.79997
_1234_, 78.168, 89.76, 1.79997
_1898_, 78.168, 89.76, 1.79997
hold263, 78.168, 89.76, 1.79997
FILLER_0_28_151, 78.168, 89.76, 1.79997
FILLER_0_29_163, 78.168, 89.76, 1.79997
FILLER_0_29_169, 78.168, 89.76, 1.79997
_1188_, 88.547, 89.76, 1.79997
_1879_, 88.547, 89.76, 1.79997
hold34, 88.547, 89.76, 1.79997
_1199_, 98.926, 89.76, 1.79997
_1595_, 98.926, 89.76, 1.79997
_1884_, 98.926, 89.76, 1.79997
FILLER_0_29_197, 98.926, 89.76, 1.79997
FILLER_0_29_213, 98.926, 89.76, 1.79997
_1225_, 119.683, 89.76, 1.79997
_1839_, 119.683, 89.76, 1.79997
_1895_, 119.683, 89.76, 1.79997
hold247, 119.683, 89.76, 1.79997
FILLER_0_28_248, 119.683, 89.76, 1.79997
FILLER_0_29_254, 119.683, 89.76, 1.79997
_1386_, 130.062, 89.76, 1.79997
_1504_, 130.062, 89.76, 1.79997
_1662_, 130.062, 89.76, 1.79997
hold174, 130.062, 89.76, 1.79997
FILLER_0_29_276, 130.062, 89.76, 1.79997
FILLER_0_29_281, 130.062, 89.76, 1.79997
_1660_, 140.441, 89.76, 1.79998
_1927_, 140.441, 89.76, 1.79998
hold107, 140.441, 89.76, 1.79998
FILLER_0_28_290, 140.441, 89.76, 1.79998
_1278_, 161.2, 89.76, 1.79998
_1286_, 161.2, 89.76, 1.79998
FILLER_0_28_334, 161.2, 89.76, 1.79998
FILLER_0_29_337, 161.2, 89.76, 1.79998
PHY_EDGE_ROW_26_Left_87, 5.52, 84.32, 1.79997
PHY_EDGE_ROW_27_Left_88, 5.52, 84.32, 1.79997
PHY_EDGE_ROW_26_Right_26, 171.58, 84.32, 1.79998
PHY_EDGE_ROW_27_Right_27, 171.58, 84.32, 1.79998
FILLER_0_26_351, 171.58, 84.32, 1.79998
_1055_, 15.897, 84.32, 1.79997
_1488_, 15.897, 84.32, 1.79997
_1558_, 15.897, 84.32, 1.79997
_1559_, 15.897, 84.32, 1.79997
_1823_, 15.897, 84.32, 1.79997
FILLER_0_28_32, 15.897, 84.32, 1.79997
_1017_, 36.653, 84.32, 1.79996
_1176_, 36.653, 84.32, 1.79996
hold56, 36.653, 84.32, 1.79996
FILLER_0_26_58, 36.653, 84.32, 1.79996
_1036_, 47.032, 84.32, 1.79995
_1719_, 47.032, 84.32, 1.79995
clkbuf_leaf_1_clk, 47.032, 84.32, 1.79995
FILLER_0_27_87, 47.032, 84.32, 1.79995
_1178_, 57.411, 84.32, 1.79996
_1530_, 57.411, 84.32, 1.79996
hold236, 57.411, 84.32, 1.79996
_1210_, 78.168, 84.32, 1.79998
_1233_, 78.168, 84.32, 1.79998
hold258, 78.168, 84.32, 1.79998
_1154_, 88.547, 84.32, 1.79998
_1187_, 88.547, 84.32, 1.79998
FILLER_0_28_181, 88.547, 84.32, 1.79998
_1198_, 98.926, 84.32, 1.79998
hold155, 98.926, 84.32, 1.79998
FILLER_0_27_193, 98.926, 84.32, 1.79998
_1387_, 119.683, 84.32, 1.79998
_1967_, 119.683, 84.32, 1.79998
FILLER_0_28_253, 119.683, 84.32, 1.79998
_1244_, 130.062, 84.32, 1.79998
_1903_, 130.062, 84.32, 1.79998
hold60, 130.062, 84.32, 1.79998
hold275, 130.062, 84.32, 1.79998
_1245_, 140.441, 84.32, 1.79998
_1299_, 140.441, 84.32, 1.79998
_1316_, 140.441, 84.32, 1.79998
_1317_, 140.441, 84.32, 1.79998
_1935_, 140.441, 84.32, 1.79998
FILLER_0_26_286, 140.441, 84.32, 1.79998
_1279_, 161.2, 84.32, 1.79998
_1611_, 161.2, 84.32, 1.79998
_1917_, 161.2, 84.32, 1.79998
FILLER_0_27_330, 161.2, 84.32, 1.79998
_2059_, 5.52, 78.88, 1.79993
PHY_EDGE_ROW_24_Left_85, 5.52, 78.88, 1.79993
PHY_EDGE_ROW_25_Left_86, 5.52, 78.88, 1.79993
PHY_EDGE_ROW_24_Right_24, 171.58, 78.88, 1.79993
PHY_EDGE_ROW_25_Right_25, 171.58, 78.88, 1.79993
_1054_, 15.897, 78.88, 1.79993
_1557_, 15.897, 78.88, 1.79993
clkbuf_leaf_0_clk, 15.897, 78.88, 1.79993
hold15, 15.897, 78.88, 1.79993
hold16, 15.897, 78.88, 1.79993
hold64, 15.897, 78.88, 1.79993
_0898_, 36.653, 78.88, 1.79994
_0933_, 36.653, 78.88, 1.79994
_0981_, 36.653, 78.88, 1.79994
_1177_, 36.653, 78.88, 1.79994
_1812_, 36.653, 78.88, 1.79994
_1874_, 36.653, 78.88, 1.79994
FILLER_0_25_63, 36.653, 78.88, 1.79994
FILLER_0_25_69, 36.653, 78.88, 1.79994
_1481_, 47.032, 78.88, 1.79994
_1587_, 47.032, 78.88, 1.79994
_1806_, 47.032, 78.88, 1.79994
hold99, 47.032, 78.88, 1.79994
FILLER_0_24_81, 47.032, 78.88, 1.79994
FILLER_0_24_85, 47.032, 78.88, 1.79994
FILLER_0_25_91, 47.032, 78.88, 1.79994
_1037_, 57.411, 78.88, 1.79994
_1179_, 57.411, 78.88, 1.79994
_1763_, 57.411, 78.88, 1.79994
_1875_, 57.411, 78.88, 1.79994
_2080_, 57.411, 78.88, 1.79994
hold92, 57.411, 78.88, 1.79994
_1153_, 78.168, 78.88, 1.79994
_1235_, 78.168, 78.88, 1.79994
_1236_, 78.168, 78.88, 1.79994
_1722_, 78.168, 78.88, 1.79994
clkbuf_leaf_22_clk, 78.168, 78.88, 1.79994
hold123, 78.168, 78.88, 1.79994
FILLER_0_25_150, 78.168, 78.88, 1.79994
_1194_, 88.547, 78.88, 1.79995
_1723_, 88.547, 78.88, 1.79995
_1882_, 88.547, 78.88, 1.79995
hold86, 88.547, 78.88, 1.79995
_1720_, 98.926, 78.88, 1.79995
_1739_, 98.926, 78.88, 1.79995
hold229, 98.926, 78.88, 1.79995
FILLER_0_24_197, 98.926, 78.88, 1.79995
FILLER_0_26_209, 98.926, 78.88, 1.79995
_1216_, 119.683, 78.88, 1.79995
_1217_, 119.683, 78.88, 1.79995
hold205, 119.683, 78.88, 1.79995
hold252, 119.683, 78.88, 1.79995
FILLER_0_24_247, 119.683, 78.88, 1.79995
_0959_, 130.062, 78.88, 1.79993
_1359_, 130.062, 78.88, 1.79993
_1376_, 130.062, 78.88, 1.79993
clkbuf_leaf_17_clk, 130.062, 78.88, 1.79993
FILLER_0_24_262, 130.062, 78.88, 1.79993
FILLER_0_25_272, 130.062, 78.88, 1.79993
_1358_, 140.441, 78.88, 1.79994
_1954_, 140.441, 78.88, 1.79994
hold75, 140.441, 78.88, 1.79994
_1262_, 161.2, 78.88, 1.79993
_1909_, 161.2, 78.88, 1.79993
clkbuf_leaf_18_clk, 161.2, 78.88, 1.79993
hold194, 161.2, 78.88, 1.79993
hold202, 161.2, 78.88, 1.79993
_1561_, 5.52, 73.44, 1.79997
_1565_, 5.52, 73.44, 1.79997
PHY_EDGE_ROW_22_Left_83, 5.52, 73.44, 1.79997
PHY_EDGE_ROW_23_Left_84, 5.52, 73.44, 1.79997
FILLER_0_23_3, 5.52, 73.44, 1.79997
FILLER_0_24_3, 5.52, 73.44, 1.79997
PHY_EDGE_ROW_22_Right_22, 171.58, 73.44, 1.79999
PHY_EDGE_ROW_23_Right_23, 171.58, 73.44, 1.79999
hold108, 171.58, 73.44, 1.79999
_1560_, 15.897, 73.44, 1.79997
_1563_, 15.897, 73.44, 1.79997
_2060_, 15.897, 73.44, 1.79997
hold30, 15.897, 73.44, 1.79997
_0932_, 36.653, 73.44, 1.79997
hold45, 36.653, 73.44, 1.79997
FILLER_0_23_72, 36.653, 73.44, 1.79997
_0960_, 47.032, 73.44, 1.79996
_1579_, 47.032, 73.44, 1.79996
_1688_, 47.032, 73.44, 1.79996
_2012_, 47.032, 73.44, 1.79996
hold9, 47.032, 73.44, 1.79996
FILLER_0_22_80, 47.032, 73.44, 1.79996
FILLER_0_24_91, 47.032, 73.44, 1.79996
_0983_, 57.411, 73.44, 1.79996
_1762_, 57.411, 73.44, 1.79996
_1807_, 57.411, 73.44, 1.79996
hold132, 57.411, 73.44, 1.79996
FILLER_0_22_107, 57.411, 73.44, 1.79996
FILLER_0_23_108, 57.411, 73.44, 1.79996
_1213_, 78.168, 73.44, 1.79997
_1738_, 78.168, 73.44, 1.79997
_1866_, 78.168, 73.44, 1.79997
_1899_, 78.168, 73.44, 1.79997
FILLER_0_22_149, 78.168, 73.44, 1.79997
FILLER_0_22_157, 78.168, 73.44, 1.79997
FILLER_0_23_164, 78.168, 73.44, 1.79997
_1193_, 88.547, 73.44, 1.79997
hold51, 88.547, 73.44, 1.79997
FILLER_0_23_190, 88.547, 73.44, 1.79997
_1143_, 98.926, 73.44, 1.79998
_1201_, 98.926, 73.44, 1.79998
_1604_, 98.926, 73.44, 1.79998
_1605_, 98.926, 73.44, 1.79998
_1736_, 98.926, 73.44, 1.79998
hold240, 98.926, 73.44, 1.79998
_1183_, 119.683, 73.44, 1.79998
_1219_, 119.683, 73.44, 1.79998
_1893_, 119.683, 73.44, 1.79998
FILLER_0_23_240, 119.683, 73.44, 1.79998
_1375_, 130.062, 73.44, 1.79998
_1718_, 130.062, 73.44, 1.79998
_1962_, 130.062, 73.44, 1.79998
hold121, 130.062, 73.44, 1.79998
FILLER_0_22_261, 130.062, 73.44, 1.79998
_1218_, 140.441, 73.44, 1.79998
_1342_, 140.441, 73.44, 1.79998
FILLER_0_22_289, 140.441, 73.44, 1.79998
FILLER_0_23_302, 140.441, 73.44, 1.79998
_1261_, 161.2, 73.44, 1.79999
_1312_, 161.2, 73.44, 1.79999
_1360_, 161.2, 73.44, 1.79999
_1361_, 161.2, 73.44, 1.79999
FILLER_0_23_347, 161.2, 73.44, 1.79999
_1566_, 5.52, 68, 1.79997
_2061_, 5.52, 68, 1.79997
PHY_EDGE_ROW_20_Left_81, 5.52, 68, 1.79997
PHY_EDGE_ROW_21_Left_82, 5.52, 68, 1.79997
FILLER_0_21_3, 5.52, 68, 1.79997
PHY_EDGE_ROW_20_Right_20, 171.58, 68, 1.79997
PHY_EDGE_ROW_21_Right_21, 171.58, 68, 1.79997
hold61, 171.58, 68, 1.79997
FILLER_0_21_353, 171.58, 68, 1.79997
_1562_, 15.897, 68, 1.79997
_1564_, 15.897, 68, 1.79997
_1568_, 15.897, 68, 1.79997
FILLER_0_20_16, 15.897, 68, 1.79997
FILLER_0_21_24, 15.897, 68, 1.79997
FILLER_0_22_32, 15.897, 68, 1.79997
_0916_, 36.653, 68, 1.79997
_0948_, 36.653, 68, 1.79997
_0949_, 36.653, 68, 1.79997
_1780_, 36.653, 68, 1.79997
hold43, 36.653, 68, 1.79997
FILLER_0_21_57, 36.653, 68, 1.79997
_0956_, 47.032, 68, 1.79997
_1480_, 47.032, 68, 1.79997
_1785_, 47.032, 68, 1.79997
FILLER_0_21_86, 47.032, 68, 1.79997
_0982_, 57.411, 68, 1.79997
_1106_, 57.411, 68, 1.79997
_1107_, 57.411, 68, 1.79997
_1603_, 57.411, 68, 1.79997
FILLER_0_21_113, 57.411, 68, 1.79997
_1156_, 78.168, 68, 1.79996
_1212_, 78.168, 68, 1.79996
_1891_, 78.168, 68, 1.79996
hold179, 78.168, 68, 1.79996
FILLER_0_22_168, 78.168, 68, 1.79996
_1155_, 88.547, 68, 1.79995
_1195_, 88.547, 68, 1.79995
_1883_, 88.547, 68, 1.79995
FILLER_0_21_179, 88.547, 68, 1.79995
_1200_, 98.926, 68, 1.79994
_1885_, 98.926, 68, 1.79994
clkbuf_leaf_21_clk, 98.926, 68, 1.79994
FILLER_0_20_197, 98.926, 68, 1.79994
_1220_, 119.683, 68, 1.79996
hold113, 119.683, 68, 1.79996
FILLER_0_20_242, 119.683, 68, 1.79996
_1409_, 130.062, 68, 1.79996
_1410_, 130.062, 68, 1.79996
_1946_, 130.062, 68, 1.79996
_1978_, 130.062, 68, 1.79996
hold182, 130.062, 68, 1.79996
_1341_, 140.441, 68, 1.79997
_1378_, 140.441, 68, 1.79997
_1963_, 140.441, 68, 1.79997
hold150, 140.441, 68, 1.79997
FILLER_0_21_298, 140.441, 68, 1.79997
_1343_, 161.2, 68, 1.79997
_1344_, 161.2, 68, 1.79997
_1947_, 161.2, 68, 1.79997
_1955_, 161.2, 68, 1.79997
_1567_, 5.52, 62.56, 1.79996
PHY_EDGE_ROW_18_Left_79, 5.52, 62.56, 1.79996
PHY_EDGE_ROW_19_Left_80, 5.52, 62.56, 1.79996
hold274, 5.52, 62.56, 1.79996
FILLER_0_20_3, 5.52, 62.56, 1.79996
PHY_EDGE_ROW_18_Right_18, 171.58, 62.56, 1.79998
PHY_EDGE_ROW_19_Right_19, 171.58, 62.56, 1.79998
FILLER_0_19_354, 171.58, 62.56, 1.79998
_1569_, 15.897, 62.56, 1.79996
_2062_, 15.897, 62.56, 1.79996
FILLER_0_19_13, 15.897, 62.56, 1.79996
FILLER_0_19_32, 15.897, 62.56, 1.79996
FILLER_0_20_25, 15.897, 62.56, 1.79996
FILLER_0_20_29, 15.897, 62.56, 1.79996
_0907_, 36.653, 62.56, 1.79997
_0915_, 36.653, 62.56, 1.79997
hold54, 36.653, 62.56, 1.79997
FILLER_0_19_57, 36.653, 62.56, 1.79997
FILLER_0_19_75, 36.653, 62.56, 1.79997
_1592_, 47.032, 62.56, 1.79996
_2008_, 47.032, 62.56, 1.79996
FILLER_0_20_93, 47.032, 62.56, 1.79996
_1760_, 57.411, 62.56, 1.79997
_1845_, 57.411, 62.56, 1.79997
_2079_, 57.411, 62.56, 1.79997
hold144, 57.411, 62.56, 1.79997
_1001_, 78.168, 62.56, 1.79997
_1791_, 78.168, 62.56, 1.79997
_1867_, 78.168, 62.56, 1.79997
hold168, 78.168, 62.56, 1.79997
hold176, 78.168, 62.56, 1.79997
FILLER_0_19_147, 78.168, 62.56, 1.79997
FILLER_0_19_163, 78.168, 62.56, 1.79997
FILLER_0_20_161, 78.168, 62.56, 1.79997
_1119_, 88.547, 62.56, 1.79997
_1196_, 88.547, 62.56, 1.79997
_1729_, 88.547, 62.56, 1.79997
FILLER_0_19_189, 88.547, 62.56, 1.79997
FILLER_0_20_182, 88.547, 62.56, 1.79997
FILLER_0_20_189, 88.547, 62.56, 1.79997
_1137_, 98.926, 62.56, 1.79997
_1144_, 98.926, 62.56, 1.79997
_1859_, 98.926, 62.56, 1.79997
_1861_, 98.926, 62.56, 1.79997
hold255, 98.926, 62.56, 1.79997
_1238_, 119.683, 62.56, 1.79998
_1239_, 119.683, 62.56, 1.79998
_1380_, 119.683, 62.56, 1.79998
_1381_, 119.683, 62.56, 1.79998
_1900_, 119.683, 62.56, 1.79998
FILLER_0_19_243, 119.683, 62.56, 1.79998
FILLER_0_19_259, 119.683, 62.56, 1.79998
_1499_, 130.062, 62.56, 1.79998
hold122, 130.062, 62.56, 1.79998
FILLER_0_19_273, 130.062, 62.56, 1.79998
FILLER_0_20_279, 130.062, 62.56, 1.79998
_1288_, 140.441, 62.56, 1.79998
_1289_, 140.441, 62.56, 1.79998
_1323_, 140.441, 62.56, 1.79998
_1922_, 140.441, 62.56, 1.79998
hold124, 140.441, 62.56, 1.79998
hold125, 140.441, 62.56, 1.79998
FILLER_0_19_286, 140.441, 62.56, 1.79998
FILLER_0_19_292, 140.441, 62.56, 1.79998
_1291_, 161.2, 62.56, 1.79998
_1601_, 161.2, 62.56, 1.79998
hold109, 161.2, 62.56, 1.79998
hold137, 161.2, 62.56, 1.79998
FILLER_0_19_337, 161.2, 62.56, 1.79998
FILLER_0_20_344, 161.2, 62.56, 1.79998
_1570_, 5.52, 57.12, 1.79997
_1572_, 5.52, 57.12, 1.79997
_2063_, 5.52, 57.12, 1.79997
PHY_EDGE_ROW_16_Left_77, 5.52, 57.12, 1.79997
PHY_EDGE_ROW_17_Left_78, 5.52, 57.12, 1.79997
PHY_EDGE_ROW_16_Right_16, 171.58, 57.12, 1.79998
PHY_EDGE_ROW_17_Right_17, 171.58, 57.12, 1.79998
hold81, 171.58, 57.12, 1.79998
_1060_, 15.897, 57.12, 1.79998
_1571_, 15.897, 57.12, 1.79998
hold26, 15.897, 57.12, 1.79998
hold238, 15.897, 57.12, 1.79998
FILLER_0_17_26, 15.897, 57.12, 1.79998
FILLER_0_18_24, 15.897, 57.12, 1.79998
_0940_, 36.653, 57.12, 1.79998
_0941_, 36.653, 57.12, 1.79998
_1776_, 36.653, 57.12, 1.79998
_2044_, 36.653, 57.12, 1.79998
FILLER_0_16_57, 36.653, 57.12, 1.79998
_1472_, 47.032, 57.12, 1.79998
_1473_, 47.032, 57.12, 1.79998
_1639_, 47.032, 57.12, 1.79998
hold3, 47.032, 57.12, 1.79998
FILLER_0_16_80, 47.032, 57.12, 1.79998
FILLER_0_18_101, 47.032, 57.12, 1.79998
_0979_, 57.411, 57.12, 1.79998
_1588_, 57.411, 57.12, 1.79998
_1761_, 57.411, 57.12, 1.79998
FILLER_0_16_112, 57.411, 57.12, 1.79998
FILLER_0_17_103, 57.411, 57.12, 1.79998
FILLER_0_17_113, 57.411, 57.12, 1.79998
_1000_, 78.168, 57.12, 1.79998
_1851_, 78.168, 57.12, 1.79998
hold170, 78.168, 57.12, 1.79998
FILLER_0_16_152, 78.168, 57.12, 1.79998
_1118_, 88.547, 57.12, 1.79998
FILLER_0_17_185, 88.547, 57.12, 1.79998
_1136_, 98.926, 57.12, 1.79999
_1589_, 98.926, 57.12, 1.79999
_1730_, 98.926, 57.12, 1.79999
FILLER_0_16_192, 98.926, 57.12, 1.79999
FILLER_0_17_201, 98.926, 57.12, 1.79999
_1250_, 119.683, 57.12, 1.79998
_1585_, 119.683, 57.12, 1.79998
hold66, 119.683, 57.12, 1.79998
_1253_, 130.062, 57.12, 1.79998
_1322_, 130.062, 57.12, 1.79998
_1498_, 130.062, 57.12, 1.79998
_2020_, 130.062, 57.12, 1.79998
FILLER_0_16_265, 130.062, 57.12, 1.79998
_1712_, 140.441, 57.12, 1.79998
_1290_, 161.2, 57.12, 1.79998
_1923_, 161.2, 57.12, 1.79998
FILLER_0_17_330, 161.2, 57.12, 1.79998
PHY_EDGE_ROW_14_Left_75, 5.52, 51.68, 1.79997
PHY_EDGE_ROW_15_Left_76, 5.52, 51.68, 1.79997
PHY_EDGE_ROW_14_Right_14, 171.58, 51.68, 1.79996
PHY_EDGE_ROW_15_Right_15, 171.58, 51.68, 1.79996
FILLER_0_14_354, 171.58, 51.68, 1.79996
FILLER_0_15_353, 171.58, 51.68, 1.79996
_1061_, 15.897, 51.68, 1.79997
_1062_, 15.897, 51.68, 1.79997
_1063_, 15.897, 51.68, 1.79997
_1826_, 15.897, 51.68, 1.79997
_1827_, 15.897, 51.68, 1.79997
hold239, 15.897, 51.68, 1.79997
_1808_, 36.653, 51.68, 1.79997
FILLER_0_14_63, 36.653, 51.68, 1.79997
FILLER_0_15_57, 36.653, 51.68, 1.79997
_0996_, 47.032, 51.68, 1.79996
_1784_, 47.032, 51.68, 1.79996
FILLER_0_15_80, 47.032, 51.68, 1.79996
FILLER_0_15_93, 47.032, 51.68, 1.79996
_1104_, 57.411, 51.68, 1.79996
_1844_, 57.411, 51.68, 1.79996
hold24, 57.411, 51.68, 1.79996
hold257, 57.411, 51.68, 1.79996
_0997_, 78.168, 51.68, 1.79996
_1772_, 78.168, 51.68, 1.79996
_1790_, 78.168, 51.68, 1.79996
hold146, 78.168, 51.68, 1.79996
FILLER_0_15_169, 78.168, 51.68, 1.79996
_1116_, 88.547, 51.68, 1.79996
_1117_, 88.547, 51.68, 1.79996
_1713_, 88.547, 51.68, 1.79996
hold88, 88.547, 51.68, 1.79996
hold93, 88.547, 51.68, 1.79996
_1134_, 98.926, 51.68, 1.79996
_1717_, 98.926, 51.68, 1.79996
_1858_, 98.926, 51.68, 1.79996
hold231, 98.926, 51.68, 1.79996
_1102_, 119.683, 51.68, 1.79995
_1510_, 119.683, 51.68, 1.79995
_1511_, 119.683, 51.68, 1.79995
hold161, 119.683, 51.68, 1.79995
FILLER_0_14_241, 119.683, 51.68, 1.79995
_1512_, 130.062, 51.68, 1.79994
_1938_, 130.062, 51.68, 1.79994
_2027_, 130.062, 51.68, 1.79994
hold183, 130.062, 51.68, 1.79994
FILLER_0_15_264, 130.062, 51.68, 1.79994
FILLER_0_15_277, 130.062, 51.68, 1.79994
FILLER_0_16_272, 130.062, 51.68, 1.79994
_1306_, 140.441, 51.68, 1.79994
_1914_, 140.441, 51.68, 1.79994
clkbuf_leaf_19_clk, 140.441, 51.68, 1.79994
FILLER_0_14_285, 140.441, 51.68, 1.79994
FILLER_0_14_292, 140.441, 51.68, 1.79994
FILLER_0_15_289, 140.441, 51.68, 1.79994
_1273_, 161.2, 51.68, 1.79996
_1274_, 161.2, 51.68, 1.79996
_1915_, 161.2, 51.68, 1.79996
FILLER_0_14_329, 161.2, 51.68, 1.79996
_1825_, 5.52, 46.24, 1.79996
PHY_EDGE_ROW_12_Left_73, 5.52, 46.24, 1.79996
PHY_EDGE_ROW_13_Left_74, 5.52, 46.24, 1.79996
FILLER_0_14_3, 5.52, 46.24, 1.79996
PHY_EDGE_ROW_12_Right_12, 171.58, 46.24, 1.79999
PHY_EDGE_ROW_13_Right_13, 171.58, 46.24, 1.79999
_1466_, 15.897, 46.24, 1.79997
_1471_, 15.897, 46.24, 1.79997
_2007_, 15.897, 46.24, 1.79997
hold84, 15.897, 46.24, 1.79997
hold129, 15.897, 46.24, 1.79997
_0925_, 36.653, 46.24, 1.79997
_0929_, 36.653, 46.24, 1.79997
_1478_, 36.653, 46.24, 1.79997
_1479_, 36.653, 46.24, 1.79997
_1810_, 36.653, 46.24, 1.79997
hold11, 36.653, 46.24, 1.79997
FILLER_0_13_77, 36.653, 46.24, 1.79997
_0980_, 47.032, 46.24, 1.79997
_1476_, 47.032, 46.24, 1.79997
_2010_, 47.032, 46.24, 1.79997
hold85, 47.032, 46.24, 1.79997
_1105_, 57.411, 46.24, 1.79998
_1492_, 57.411, 46.24, 1.79998
hold73, 57.411, 46.24, 1.79998
FILLER_0_13_104, 57.411, 46.24, 1.79998
FILLER_0_13_113, 57.411, 46.24, 1.79998
FILLER_0_14_121, 57.411, 46.24, 1.79998
_0963_, 78.168, 46.24, 1.79997
_0998_, 78.168, 46.24, 1.79997
FILLER_0_13_154, 78.168, 46.24, 1.79997
FILLER_0_13_161, 78.168, 46.24, 1.79997
FILLER_0_13_169, 78.168, 46.24, 1.79997
_1495_, 88.547, 46.24, 1.79997
_1850_, 88.547, 46.24, 1.79997
FILLER_0_12_179, 88.547, 46.24, 1.79997
_1100_, 98.926, 46.24, 1.79998
_1135_, 98.926, 46.24, 1.79998
_1842_, 98.926, 46.24, 1.79998
hold80, 98.926, 46.24, 1.79998
FILLER_0_13_198, 98.926, 46.24, 1.79998
_1715_, 119.683, 46.24, 1.79998
_2026_, 119.683, 46.24, 1.79998
FILLER_0_12_244, 119.683, 46.24, 1.79998
FILLER_0_14_249, 119.683, 46.24, 1.79998
_1395_, 130.062, 46.24, 1.79998
_1513_, 130.062, 46.24, 1.79998
_1731_, 130.062, 46.24, 1.79998
hold104, 130.062, 46.24, 1.79998
FILLER_0_13_260, 130.062, 46.24, 1.79998
FILLER_0_13_281, 130.062, 46.24, 1.79998
_1271_, 140.441, 46.24, 1.79998
_1305_, 140.441, 46.24, 1.79998
_1930_, 140.441, 46.24, 1.79998
hold222, 140.441, 46.24, 1.79998
FILLER_0_12_285, 140.441, 46.24, 1.79998
hold126, 161.2, 46.24, 1.79999
FILLER_0_13_349, 161.2, 46.24, 1.79999
_1058_, 5.52, 40.8, 1.79994
_1059_, 5.52, 40.8, 1.79994
_1467_, 5.52, 40.8, 1.79994
_2005_, 5.52, 40.8, 1.79994
PHY_EDGE_ROW_10_Left_71, 5.52, 40.8, 1.79994
PHY_EDGE_ROW_11_Left_72, 5.52, 40.8, 1.79994
FILLER_0_11_3, 5.52, 40.8, 1.79994
FILLER_0_12_3, 5.52, 40.8, 1.79994
PHY_EDGE_ROW_10_Right_10, 171.58, 40.8, 1.79999
PHY_EDGE_ROW_11_Right_11, 171.58, 40.8, 1.79999
_1470_, 15.897, 40.8, 1.79995
hold191, 15.897, 40.8, 1.79995
FILLER_0_12_29, 15.897, 40.8, 1.79995
_0895_, 36.653, 40.8, 1.79994
_0924_, 36.653, 40.8, 1.79994
_0928_, 36.653, 40.8, 1.79994
_2038_, 36.653, 40.8, 1.79994
hold39, 36.653, 40.8, 1.79994
FILLER_0_12_77, 36.653, 40.8, 1.79994
_1477_, 47.032, 40.8, 1.79993
_1778_, 47.032, 40.8, 1.79993
_1813_, 47.032, 40.8, 1.79993
_2017_, 47.032, 40.8, 1.79993
FILLER_0_11_92, 47.032, 40.8, 1.79993
FILLER_0_12_96, 47.032, 40.8, 1.79993
_1491_, 57.411, 40.8, 1.79994
_1698_, 57.411, 40.8, 1.79994
_2013_, 57.411, 40.8, 1.79994
FILLER_0_11_119, 57.411, 40.8, 1.79994
_1474_, 78.168, 40.8, 1.79994
_1475_, 78.168, 40.8, 1.79994
_1494_, 78.168, 40.8, 1.79994
_2018_, 78.168, 40.8, 1.79994
hold13, 78.168, 40.8, 1.79994
_1484_, 88.547, 40.8, 1.79993
_1485_, 88.547, 40.8, 1.79993
_1716_, 88.547, 40.8, 1.79993
_2019_, 88.547, 40.8, 1.79993
hold19, 88.547, 40.8, 1.79993
hold52, 88.547, 40.8, 1.79993
_1496_, 98.926, 40.8, 1.79993
_1732_, 98.926, 40.8, 1.79993
_1815_, 98.926, 40.8, 1.79993
clkbuf_leaf_20_clk, 98.926, 40.8, 1.79993
FILLER_0_12_206, 98.926, 40.8, 1.79993
_1392_, 119.683, 40.8, 1.79997
_1971_, 119.683, 40.8, 1.79997
hold151, 119.683, 40.8, 1.79997
_1254_, 130.062, 40.8, 1.79997
_1394_, 130.062, 40.8, 1.79997
hold196, 130.062, 40.8, 1.79997
_1255_, 140.441, 40.8, 1.79998
hold142, 140.441, 40.8, 1.79998
hold204, 140.441, 40.8, 1.79998
FILLER_0_11_333, 161.2, 40.8, 1.79999
FILLER_0_11_349, 161.2, 40.8, 1.79999
PHY_EDGE_ROW_8_Left_69, 5.52, 35.36, 1.79997
PHY_EDGE_ROW_9_Left_70, 5.52, 35.36, 1.79997
PHY_EDGE_ROW_8_Right_8, 171.58, 35.36, 1.79999
PHY_EDGE_ROW_9_Right_9, 171.58, 35.36, 1.79999
_0897_, 15.897, 35.36, 1.79997
_1811_, 15.897, 35.36, 1.79997
_2039_, 15.897, 35.36, 1.79997
FILLER_0_9_15, 15.897, 35.36, 1.79997
_0890_, 36.653, 35.36, 1.79998
_0894_, 36.653, 35.36, 1.79998
_0931_, 36.653, 35.36, 1.79998
_0945_, 36.653, 35.36, 1.79998
FILLER_0_8_60, 36.653, 35.36, 1.79998
FILLER_0_9_60, 36.653, 35.36, 1.79998
FILLER_0_9_68, 36.653, 35.36, 1.79998
FILLER_0_10_76, 36.653, 35.36, 1.79998
_0900_, 47.032, 35.36, 1.79998
_0901_, 47.032, 35.36, 1.79998
_0934_, 47.032, 35.36, 1.79998
_0935_, 47.032, 35.36, 1.79998
hold31, 47.032, 35.36, 1.79998
FILLER_0_8_79, 47.032, 35.36, 1.79998
FILLER_0_8_85, 47.032, 35.36, 1.79998
FILLER_0_9_81, 47.032, 35.36, 1.79998
_0893_, 57.411, 35.36, 1.79998
_0927_, 57.411, 35.36, 1.79998
FILLER_0_9_108, 57.411, 35.36, 1.79998
FILLER_0_9_113, 57.411, 35.36, 1.79998
FILLER_0_10_116, 57.411, 35.36, 1.79998
_0936_, 78.168, 35.36, 1.79998
_0937_, 78.168, 35.36, 1.79998
_1493_, 78.168, 35.36, 1.79998
_1814_, 78.168, 35.36, 1.79998
FILLER_0_9_149, 78.168, 35.36, 1.79998
_2014_, 88.547, 35.36, 1.79998
FILLER_0_9_175, 88.547, 35.36, 1.79998
_0939_, 98.926, 35.36, 1.79998
FILLER_0_8_193, 98.926, 35.36, 1.79998
FILLER_0_8_197, 98.926, 35.36, 1.79998
FILLER_0_9_209, 98.926, 35.36, 1.79998
_1251_, 119.683, 35.36, 1.79999
_1252_, 119.683, 35.36, 1.79999
FILLER_0_8_242, 119.683, 35.36, 1.79999
FILLER_0_9_237, 119.683, 35.36, 1.79999
_1907_, 130.062, 35.36, 1.79999
FILLER_0_9_270, 130.062, 35.36, 1.79999
FILLER_0_10_299, 140.441, 35.36, 1.79999
FILLER_0_9_329, 161.2, 35.36, 1.79999
FILLER_0_9_349, 161.2, 35.36, 1.79999
PHY_EDGE_ROW_6_Left_67, 5.52, 29.92, 1.79999
PHY_EDGE_ROW_7_Left_68, 5.52, 29.92, 1.79999
PHY_EDGE_ROW_6_Right_6, 171.58, 29.92, 1.8
PHY_EDGE_ROW_7_Right_7, 171.58, 29.92, 1.8
_0896_, 15.897, 29.92, 1.79999
_0912_, 36.653, 29.92, 1.79998
_0913_, 36.653, 29.92, 1.79998
_0944_, 36.653, 29.92, 1.79998
_2046_, 36.653, 29.92, 1.79998
FILLER_0_7_57, 36.653, 29.92, 1.79998
_2037_, 47.032, 29.92, 1.79997
_2041_, 47.032, 29.92, 1.79997
hold130, 47.032, 29.92, 1.79997
FILLER_0_7_99, 47.032, 29.92, 1.79997
FILLER_0_8_91, 47.032, 29.92, 1.79997
_0892_, 57.411, 29.92, 1.79997
_0902_, 57.411, 29.92, 1.79997
_0903_, 57.411, 29.92, 1.79997
_0926_, 57.411, 29.92, 1.79997
_1781_, 57.411, 29.92, 1.79997
_2042_, 57.411, 29.92, 1.79997
hold59, 57.411, 29.92, 1.79997
hold63, 57.411, 29.92, 1.79997
_0920_, 78.168, 29.92, 1.79997
_0943_, 78.168, 29.92, 1.79997
_1782_, 78.168, 29.92, 1.79997
_2050_, 78.168, 29.92, 1.79997
FILLER_0_7_157, 78.168, 29.92, 1.79997
FILLER_0_7_164, 78.168, 29.92, 1.79997
_0922_, 88.547, 29.92, 1.79997
_2051_, 88.547, 29.92, 1.79997
hold20, 88.547, 29.92, 1.79997
FILLER_0_7_189, 88.547, 29.92, 1.79997
_0905_, 98.926, 29.92, 1.79998
_0938_, 98.926, 29.92, 1.79998
_0955_, 98.926, 29.92, 1.79998
_1783_, 98.926, 29.92, 1.79998
hold37, 98.926, 29.92, 1.79998
hold42, 98.926, 29.92, 1.79998
FILLER_0_8_205, 98.926, 29.92, 1.79998
FILLER_0_7_276, 130.062, 29.92, 1.79999
FILLER_0_8_301, 140.441, 29.92, 1.8
FILLER_0_7_329, 161.2, 29.92, 1.8
FILLER_0_7_349, 161.2, 29.92, 1.8
PHY_EDGE_ROW_4_Left_65, 5.52, 24.48, 1.79999
PHY_EDGE_ROW_5_Left_66, 5.52, 24.48, 1.79999
PHY_EDGE_ROW_4_Right_4, 171.58, 24.48, 1.8
PHY_EDGE_ROW_5_Right_5, 171.58, 24.48, 1.8
_0911_, 36.653, 24.48, 1.79999
hold138, 36.653, 24.48, 1.79999
FILLER_0_6_68, 36.653, 24.48, 1.79999
FILLER_0_6_76, 36.653, 24.48, 1.79999
_0904_, 47.032, 24.48, 1.79999
_0918_, 47.032, 24.48, 1.79999
_2049_, 47.032, 24.48, 1.79999
FILLER_0_5_89, 47.032, 24.48, 1.79999
_0950_, 57.411, 24.48, 1.79999
_0951_, 57.411, 24.48, 1.79999
_0919_, 78.168, 24.48, 1.79999
FILLER_0_5_151, 78.168, 24.48, 1.79999
FILLER_0_5_159, 78.168, 24.48, 1.79999
FILLER_0_5_169, 78.168, 24.48, 1.79999
_0921_, 88.547, 24.48, 1.79999
_0952_, 88.547, 24.48, 1.79999
_0953_, 88.547, 24.48, 1.79999
FILLER_0_5_180, 88.547, 24.48, 1.79999
_0954_, 98.926, 24.48, 1.79999
_2043_, 98.926, 24.48, 1.79999
FILLER_0_4_245, 119.683, 24.48, 1.8
FILLER_0_5_273, 130.062, 24.48, 1.8
FILLER_0_6_301, 140.441, 24.48, 1.8
FILLER_0_5_329, 161.2, 24.48, 1.8
FILLER_0_5_349, 161.2, 24.48, 1.8
PHY_EDGE_ROW_2_Left_63, 5.52, 19.04, 1.8
PHY_EDGE_ROW_3_Left_64, 5.52, 19.04, 1.8
PHY_EDGE_ROW_2_Right_2, 171.58, 19.04, 1.8
PHY_EDGE_ROW_3_Right_3, 171.58, 19.04, 1.8
FILLER_0_4_77, 36.653, 19.04, 1.8
_0917_, 47.032, 19.04, 1.8
FILLER_0_3_105, 57.411, 19.04, 1.8
FILLER_0_3_161, 78.168, 19.04, 1.8
FILLER_0_4_189, 88.547, 19.04, 1.8
FILLER_0_2_245, 119.683, 19.04, 1.8
FILLER_0_3_273, 130.062, 19.04, 1.8
FILLER_0_4_301, 140.441, 19.04, 1.8
FILLER_0_3_329, 161.2, 19.04, 1.8
FILLER_0_3_349, 161.2, 19.04, 1.8
PHY_EDGE_ROW_0_Left_61, 5.52, 13.6, 1.8
PHY_EDGE_ROW_1_Left_62, 5.52, 13.6, 1.8
PHY_EDGE_ROW_0_Right_0, 171.58, 13.6, 1.8
PHY_EDGE_ROW_1_Right_1, 171.58, 13.6, 1.8
FILLER_0_2_77, 36.653, 13.6, 1.8
FILLER_0_0_81, 47.032, 13.6, 1.8
FILLER_0_0_109, 57.411, 13.6, 1.8
FILLER_0_1_105, 57.411, 13.6, 1.8
FILLER_0_0_165, 78.168, 13.6, 1.8
FILLER_0_1_161, 78.168, 13.6, 1.8
FILLER_0_2_189, 88.547, 13.6, 1.8
FILLER_0_0_193, 98.926, 13.6, 1.8
FILLER_0_0_249, 119.683, 13.6, 1.8
FILLER_0_0_277, 130.062, 13.6, 1.8
FILLER_0_1_273, 130.062, 13.6, 1.8
FILLER_0_2_301, 140.441, 13.6, 1.8
FILLER_0_0_333, 161.2, 13.6, 1.8
FILLER_0_0_349, 161.2, 13.6, 1.8
FILLER_0_1_329, 161.2, 13.6, 1.8
FILLER_0_1_349, 161.2, 13.6, 1.8

